{"/home/manish/skynet/server/app.js": {"path":"/home/manish/skynet/server/app.js","statementMap":{"0":{"start":{"line":1,"column":20},"end":{"line":1,"column":42}},"1":{"start":{"line":2,"column":16},"end":{"line":2,"column":34}},"2":{"start":{"line":3,"column":13},"end":{"line":3,"column":28}},"3":{"start":{"line":4,"column":21},"end":{"line":4,"column":45}},"4":{"start":{"line":5,"column":15},"end":{"line":5,"column":32}},"5":{"start":{"line":6,"column":19},"end":{"line":6,"column":41}},"6":{"start":{"line":7,"column":22},"end":{"line":7,"column":42}},"7":{"start":{"line":8,"column":15},"end":{"line":8,"column":45}},"8":{"start":{"line":9,"column":13},"end":{"line":9,"column":28}},"9":{"start":{"line":10,"column":13},"end":{"line":10,"column":28}},"10":{"start":{"line":11,"column":0},"end":{"line":11,"column":27}},"11":{"start":{"line":12,"column":0},"end":{"line":12,"column":33}},"12":{"start":{"line":14,"column":17},"end":{"line":14,"column":44}},"13":{"start":{"line":15,"column":20},"end":{"line":15,"column":50}},"14":{"start":{"line":17,"column":12},"end":{"line":17,"column":21}},"15":{"start":{"line":21,"column":0},"end":{"line":21,"column":48}},"16":{"start":{"line":22,"column":0},"end":{"line":22,"column":30}},"17":{"start":{"line":24,"column":0},"end":{"line":24,"column":16}},"18":{"start":{"line":25,"column":0},"end":{"line":25,"column":24}},"19":{"start":{"line":26,"column":0},"end":{"line":26,"column":47}},"20":{"start":{"line":27,"column":0},"end":{"line":27,"column":24}},"21":{"start":{"line":28,"column":0},"end":{"line":28,"column":56}},"22":{"start":{"line":31,"column":26},"end":{"line":31,"column":46}},"23":{"start":{"line":33,"column":0},"end":{"line":37,"column":2}},"24":{"start":{"line":35,"column":4},"end":{"line":35,"column":25}},"25":{"start":{"line":39,"column":0},"end":{"line":39,"column":49}},"26":{"start":{"line":39,"column":41},"end":{"line":39,"column":47}},"27":{"start":{"line":42,"column":0},"end":{"line":58,"column":1}},"28":{"start":{"line":43,"column":2},"end":{"line":43,"column":28}},"29":{"start":{"line":45,"column":2},"end":{"line":57,"column":5}},"30":{"start":{"line":60,"column":0},"end":{"line":60,"column":55}},"31":{"start":{"line":62,"column":0},"end":{"line":62,"column":23}},"32":{"start":{"line":64,"column":0},"end":{"line":66,"column":3}},"33":{"start":{"line":65,"column":2},"end":{"line":65,"column":29}},"34":{"start":{"line":67,"column":25},"end":{"line":72,"column":2}},"35":{"start":{"line":67,"column":51},"end":{"line":72,"column":1}},"36":{"start":{"line":75,"column":0},"end":{"line":115,"column":3}},"37":{"start":{"line":76,"column":2},"end":{"line":76,"column":20}},"38":{"start":{"line":77,"column":2},"end":{"line":77,"column":34}},"39":{"start":{"line":78,"column":2},"end":{"line":78,"column":26}},"40":{"start":{"line":80,"column":2},"end":{"line":114,"column":3}},"41":{"start":{"line":81,"column":4},"end":{"line":85,"column":5}},"42":{"start":{"line":82,"column":6},"end":{"line":82,"column":61}},"43":{"start":{"line":84,"column":6},"end":{"line":84,"column":59}},"44":{"start":{"line":86,"column":9},"end":{"line":114,"column":3}},"45":{"start":{"line":87,"column":4},"end":{"line":90,"column":7}},"46":{"start":{"line":91,"column":9},"end":{"line":114,"column":3}},"47":{"start":{"line":92,"column":4},"end":{"line":105,"column":5}},"48":{"start":{"line":93,"column":6},"end":{"line":97,"column":9}},"49":{"start":{"line":101,"column":6},"end":{"line":104,"column":9}},"50":{"start":{"line":108,"column":4},"end":{"line":113,"column":11}},"51":{"start":{"line":117,"column":0},"end":{"line":117,"column":21}}},"fnMap":{"0":{"name":"(anonymous_0)","decl":{"start":{"line":34,"column":2},"end":{"line":34,"column":3}},"loc":{"start":{"line":34,"column":27},"end":{"line":36,"column":3}},"line":34},"1":{"name":"(anonymous_1)","decl":{"start":{"line":39,"column":27},"end":{"line":39,"column":28}},"loc":{"start":{"line":39,"column":41},"end":{"line":39,"column":47}},"line":39},"2":{"name":"(anonymous_2)","decl":{"start":{"line":64,"column":8},"end":{"line":64,"column":9}},"loc":{"start":{"line":64,"column":28},"end":{"line":66,"column":1}},"line":64},"3":{"name":"(anonymous_3)","decl":{"start":{"line":67,"column":25},"end":{"line":67,"column":26}},"loc":{"start":{"line":67,"column":51},"end":{"line":72,"column":1}},"line":67},"4":{"name":"(anonymous_4)","decl":{"start":{"line":75,"column":8},"end":{"line":75,"column":9}},"loc":{"start":{"line":75,"column":33},"end":{"line":115,"column":1}},"line":75}},"branchMap":{"0":{"loc":{"start":{"line":42,"column":0},"end":{"line":58,"column":1}},"type":"if","locations":[{"start":{"line":42,"column":0},"end":{"line":58,"column":1}},{"start":{"line":42,"column":0},"end":{"line":58,"column":1}}],"line":42},"1":{"loc":{"start":{"line":80,"column":2},"end":{"line":114,"column":3}},"type":"if","locations":[{"start":{"line":80,"column":2},"end":{"line":114,"column":3}},{"start":{"line":80,"column":2},"end":{"line":114,"column":3}}],"line":80},"2":{"loc":{"start":{"line":81,"column":4},"end":{"line":85,"column":5}},"type":"if","locations":[{"start":{"line":81,"column":4},"end":{"line":85,"column":5}},{"start":{"line":81,"column":4},"end":{"line":85,"column":5}}],"line":81},"3":{"loc":{"start":{"line":81,"column":8},"end":{"line":81,"column":53}},"type":"binary-expr","locations":[{"start":{"line":81,"column":8},"end":{"line":81,"column":23}},{"start":{"line":81,"column":27},"end":{"line":81,"column":53}}],"line":81},"4":{"loc":{"start":{"line":86,"column":9},"end":{"line":114,"column":3}},"type":"if","locations":[{"start":{"line":86,"column":9},"end":{"line":114,"column":3}},{"start":{"line":86,"column":9},"end":{"line":114,"column":3}}],"line":86},"5":{"loc":{"start":{"line":91,"column":9},"end":{"line":114,"column":3}},"type":"if","locations":[{"start":{"line":91,"column":9},"end":{"line":114,"column":3}},{"start":{"line":91,"column":9},"end":{"line":114,"column":3}}],"line":91},"6":{"loc":{"start":{"line":92,"column":4},"end":{"line":105,"column":5}},"type":"if","locations":[{"start":{"line":92,"column":4},"end":{"line":105,"column":5}},{"start":{"line":92,"column":4},"end":{"line":105,"column":5}}],"line":92}},"s":{"0":4,"1":4,"2":4,"3":4,"4":4,"5":4,"6":4,"7":4,"8":4,"9":4,"10":4,"11":4,"12":4,"13":4,"14":4,"15":4,"16":4,"17":4,"18":4,"19":4,"20":4,"21":4,"22":4,"23":4,"24":13,"25":4,"26":0,"27":4,"28":4,"29":0,"30":4,"31":4,"32":4,"33":0,"34":4,"35":5,"36":4,"37":5,"38":5,"39":5,"40":5,"41":0,"42":0,"43":0,"44":5,"45":0,"46":5,"47":5,"48":0,"49":5,"50":0,"51":4},"f":{"0":13,"1":0,"2":0,"3":5,"4":5},"b":{"0":[4,0],"1":[0,5],"2":[0,0],"3":[0,0],"4":[0,5],"5":[5,0],"6":[0,5]},"_coverageSchema":"1a1c01bbd47fc00a2c39e90264f33305004495a9","hash":"c513537f880483c9d2405c957a2dedd0296a398c"}
,"/home/manish/skynet/server/src/app/index.js": {"path":"/home/manish/skynet/server/src/app/index.js","statementMap":{"0":{"start":{"line":1,"column":21},"end":{"line":1,"column":53}},"1":{"start":{"line":2,"column":20},"end":{"line":2,"column":40}},"2":{"start":{"line":3,"column":20},"end":{"line":3,"column":47}},"3":{"start":{"line":4,"column":21},"end":{"line":4,"column":49}},"4":{"start":{"line":5,"column":19},"end":{"line":5,"column":45}},"5":{"start":{"line":6,"column":20},"end":{"line":6,"column":47}},"6":{"start":{"line":8,"column":0},"end":{"line":30,"column":2}},"7":{"start":{"line":9,"column":15},"end":{"line":9,"column":17}},"8":{"start":{"line":11,"column":2},"end":{"line":11,"column":38}},"9":{"start":{"line":12,"column":2},"end":{"line":12,"column":39}},"10":{"start":{"line":13,"column":2},"end":{"line":13,"column":37}},"11":{"start":{"line":14,"column":2},"end":{"line":14,"column":38}},"12":{"start":{"line":16,"column":2},"end":{"line":29,"column":5}},"13":{"start":{"line":17,"column":17},"end":{"line":17,"column":19}},"14":{"start":{"line":18,"column":4},"end":{"line":18,"column":23}},"15":{"start":{"line":19,"column":4},"end":{"line":21,"column":5}},"16":{"start":{"line":20,"column":6},"end":{"line":20,"column":48}},"17":{"start":{"line":22,"column":4},"end":{"line":24,"column":5}},"18":{"start":{"line":23,"column":6},"end":{"line":23,"column":49}},"19":{"start":{"line":23,"column":35},"end":{"line":23,"column":47}},"20":{"start":{"line":25,"column":4},"end":{"line":27,"column":5}},"21":{"start":{"line":26,"column":6},"end":{"line":26,"column":44}},"22":{"start":{"line":28,"column":4},"end":{"line":28,"column":27}}},"fnMap":{"0":{"name":"(anonymous_0)","decl":{"start":{"line":8,"column":17},"end":{"line":8,"column":18}},"loc":{"start":{"line":8,"column":26},"end":{"line":30,"column":1}},"line":8},"1":{"name":"(anonymous_1)","decl":{"start":{"line":16,"column":17},"end":{"line":16,"column":18}},"loc":{"start":{"line":16,"column":24},"end":{"line":29,"column":3}},"line":16},"2":{"name":"(anonymous_2)","decl":{"start":{"line":23,"column":28},"end":{"line":23,"column":29}},"loc":{"start":{"line":23,"column":35},"end":{"line":23,"column":47}},"line":23}},"branchMap":{"0":{"loc":{"start":{"line":19,"column":4},"end":{"line":21,"column":5}},"type":"if","locations":[{"start":{"line":19,"column":4},"end":{"line":21,"column":5}},{"start":{"line":19,"column":4},"end":{"line":21,"column":5}}],"line":19},"1":{"loc":{"start":{"line":22,"column":4},"end":{"line":24,"column":5}},"type":"if","locations":[{"start":{"line":22,"column":4},"end":{"line":24,"column":5}},{"start":{"line":22,"column":4},"end":{"line":24,"column":5}}],"line":22},"2":{"loc":{"start":{"line":22,"column":8},"end":{"line":22,"column":49}},"type":"binary-expr","locations":[{"start":{"line":22,"column":8},"end":{"line":22,"column":21}},{"start":{"line":22,"column":25},"end":{"line":22,"column":49}}],"line":22},"3":{"loc":{"start":{"line":25,"column":4},"end":{"line":27,"column":5}},"type":"if","locations":[{"start":{"line":25,"column":4},"end":{"line":27,"column":5}},{"start":{"line":25,"column":4},"end":{"line":27,"column":5}}],"line":25}},"s":{"0":4,"1":4,"2":4,"3":4,"4":4,"5":4,"6":4,"7":4,"8":4,"9":4,"10":4,"11":4,"12":4,"13":144,"14":144,"15":144,"16":108,"17":144,"18":68,"19":80,"20":144,"21":144,"22":144},"f":{"0":4,"1":144,"2":80},"b":{"0":[108,36],"1":[68,76],"2":[144,68],"3":[144,0]},"_coverageSchema":"1a1c01bbd47fc00a2c39e90264f33305004495a9","hash":"abf4b5b8cabc9c60d503f47bbf4544c33af29636"}
,"/home/manish/skynet/server/src/app/ballu/controllers/auth.js": {"path":"/home/manish/skynet/server/src/app/ballu/controllers/auth.js","statementMap":{"0":{"start":{"line":1,"column":20},"end":{"line":1,"column":53}},"1":{"start":{"line":2,"column":13},"end":{"line":2,"column":38}},"2":{"start":{"line":3,"column":18},"end":{"line":3,"column":54}},"3":{"start":{"line":5,"column":0},"end":{"line":28,"column":2}},"4":{"start":{"line":6,"column":2},"end":{"line":27,"column":3}},"5":{"start":{"line":7,"column":17},"end":{"line":7,"column":60}},"6":{"start":{"line":8,"column":4},"end":{"line":12,"column":5}},"7":{"start":{"line":9,"column":6},"end":{"line":11,"column":10}},"8":{"start":{"line":13,"column":18},"end":{"line":17,"column":5}},"9":{"start":{"line":18,"column":4},"end":{"line":24,"column":7}},"10":{"start":{"line":26,"column":4},"end":{"line":26,"column":55}},"11":{"start":{"line":30,"column":0},"end":{"line":59,"column":2}},"12":{"start":{"line":31,"column":13},"end":{"line":31,"column":56}},"13":{"start":{"line":32,"column":2},"end":{"line":34,"column":3}},"14":{"start":{"line":33,"column":4},"end":{"line":33,"column":67}},"15":{"start":{"line":35,"column":2},"end":{"line":58,"column":3}},"16":{"start":{"line":36,"column":17},"end":{"line":36,"column":67}},"17":{"start":{"line":38,"column":4},"end":{"line":38,"column":22}},"18":{"start":{"line":39,"column":4},"end":{"line":39,"column":32}},"19":{"start":{"line":40,"column":4},"end":{"line":40,"column":30}},"20":{"start":{"line":42,"column":4},"end":{"line":42,"column":22}},"21":{"start":{"line":44,"column":18},"end":{"line":48,"column":5}},"22":{"start":{"line":49,"column":4},"end":{"line":55,"column":7}},"23":{"start":{"line":57,"column":4},"end":{"line":57,"column":47}},"24":{"start":{"line":61,"column":0},"end":{"line":82,"column":2}},"25":{"start":{"line":62,"column":17},"end":{"line":62,"column":20}},"26":{"start":{"line":63,"column":2},"end":{"line":81,"column":3}},"27":{"start":{"line":64,"column":4},"end":{"line":64,"column":76}},"28":{"start":{"line":65,"column":4},"end":{"line":65,"column":22}},"29":{"start":{"line":67,"column":18},"end":{"line":71,"column":5}},"30":{"start":{"line":72,"column":4},"end":{"line":78,"column":7}},"31":{"start":{"line":80,"column":4},"end":{"line":80,"column":47}},"32":{"start":{"line":84,"column":0},"end":{"line":92,"column":2}},"33":{"start":{"line":85,"column":2},"end":{"line":91,"column":3}},"34":{"start":{"line":86,"column":4},"end":{"line":88,"column":7}},"35":{"start":{"line":90,"column":4},"end":{"line":90,"column":47}},"36":{"start":{"line":94,"column":0},"end":{"line":113,"column":2}},"37":{"start":{"line":95,"column":2},"end":{"line":112,"column":3}},"38":{"start":{"line":96,"column":19},"end":{"line":96,"column":22}},"39":{"start":{"line":98,"column":4},"end":{"line":98,"column":42}},"40":{"start":{"line":99,"column":4},"end":{"line":99,"column":40}},"41":{"start":{"line":100,"column":4},"end":{"line":100,"column":32}},"42":{"start":{"line":102,"column":4},"end":{"line":102,"column":22}},"43":{"start":{"line":104,"column":4},"end":{"line":109,"column":7}},"44":{"start":{"line":111,"column":4},"end":{"line":111,"column":47}}},"fnMap":{"0":{"name":"(anonymous_0)","decl":{"start":{"line":5,"column":20},"end":{"line":5,"column":21}},"loc":{"start":{"line":5,"column":46},"end":{"line":28,"column":1}},"line":5},"1":{"name":"(anonymous_1)","decl":{"start":{"line":30,"column":23},"end":{"line":30,"column":24}},"loc":{"start":{"line":30,"column":49},"end":{"line":59,"column":1}},"line":30},"2":{"name":"(anonymous_2)","decl":{"start":{"line":61,"column":28},"end":{"line":61,"column":29}},"loc":{"start":{"line":61,"column":54},"end":{"line":82,"column":1}},"line":61},"3":{"name":"(anonymous_3)","decl":{"start":{"line":84,"column":33},"end":{"line":84,"column":34}},"loc":{"start":{"line":84,"column":59},"end":{"line":92,"column":1}},"line":84},"4":{"name":"(anonymous_4)","decl":{"start":{"line":94,"column":27},"end":{"line":94,"column":28}},"loc":{"start":{"line":94,"column":53},"end":{"line":113,"column":1}},"line":94}},"branchMap":{"0":{"loc":{"start":{"line":8,"column":4},"end":{"line":12,"column":5}},"type":"if","locations":[{"start":{"line":8,"column":4},"end":{"line":12,"column":5}},{"start":{"line":8,"column":4},"end":{"line":12,"column":5}}],"line":8},"1":{"loc":{"start":{"line":32,"column":2},"end":{"line":34,"column":3}},"type":"if","locations":[{"start":{"line":32,"column":2},"end":{"line":34,"column":3}},{"start":{"line":32,"column":2},"end":{"line":34,"column":3}}],"line":32}},"s":{"0":4,"1":4,"2":4,"3":4,"4":0,"5":0,"6":0,"7":0,"8":0,"9":0,"10":0,"11":4,"12":0,"13":0,"14":0,"15":0,"16":0,"17":0,"18":0,"19":0,"20":0,"21":0,"22":0,"23":0,"24":4,"25":0,"26":0,"27":0,"28":0,"29":0,"30":0,"31":0,"32":4,"33":0,"34":0,"35":0,"36":4,"37":0,"38":0,"39":0,"40":0,"41":0,"42":0,"43":0,"44":0},"f":{"0":0,"1":0,"2":0,"3":0,"4":0},"b":{"0":[0,0],"1":[0,0]},"_coverageSchema":"1a1c01bbd47fc00a2c39e90264f33305004495a9","hash":"75b7f69fe6ae253eb359acd75e838d22f23efb0e"}
,"/home/manish/skynet/server/src/app/ballu/controllers/health.js": {"path":"/home/manish/skynet/server/src/app/ballu/controllers/health.js","statementMap":{"0":{"start":{"line":1,"column":0},"end":{"line":3,"column":2}},"1":{"start":{"line":2,"column":2},"end":{"line":2,"column":39}}},"fnMap":{"0":{"name":"(anonymous_0)","decl":{"start":{"line":1,"column":14},"end":{"line":1,"column":15}},"loc":{"start":{"line":1,"column":34},"end":{"line":3,"column":1}},"line":1}},"branchMap":{},"s":{"0":4,"1":1},"f":{"0":1},"b":{},"_coverageSchema":"1a1c01bbd47fc00a2c39e90264f33305004495a9","hash":"ae87947a49618cd1b3b10485a975f256ac219257"}
,"/home/manish/skynet/server/src/app/ballu/middlewares/auth.js": {"path":"/home/manish/skynet/server/src/app/ballu/middlewares/auth.js","statementMap":{"0":{"start":{"line":1,"column":17},"end":{"line":1,"column":36}},"1":{"start":{"line":2,"column":21},"end":{"line":2,"column":53}},"2":{"start":{"line":3,"column":13},"end":{"line":3,"column":38}},"3":{"start":{"line":4,"column":20},"end":{"line":4,"column":53}},"4":{"start":{"line":14,"column":0},"end":{"line":14,"column":69}},"5":{"start":{"line":20,"column":0},"end":{"line":27,"column":3}},"6":{"start":{"line":21,"column":15},"end":{"line":21,"column":25}},"7":{"start":{"line":22,"column":14},"end":{"line":22,"column":37}},"8":{"start":{"line":23,"column":2},"end":{"line":25,"column":3}},"9":{"start":{"line":24,"column":4},"end":{"line":24,"column":76}},"10":{"start":{"line":26,"column":2},"end":{"line":26,"column":9}}},"fnMap":{"0":{"name":"(anonymous_0)","decl":{"start":{"line":20,"column":39},"end":{"line":20,"column":40}},"loc":{"start":{"line":20,"column":65},"end":{"line":27,"column":1}},"line":20}},"branchMap":{"0":{"loc":{"start":{"line":23,"column":2},"end":{"line":25,"column":3}},"type":"if","locations":[{"start":{"line":23,"column":2},"end":{"line":25,"column":3}},{"start":{"line":23,"column":2},"end":{"line":25,"column":3}}],"line":23}},"s":{"0":4,"1":4,"2":4,"3":4,"4":4,"5":4,"6":0,"7":0,"8":0,"9":0,"10":0},"f":{"0":0},"b":{"0":[0,0]},"_coverageSchema":"1a1c01bbd47fc00a2c39e90264f33305004495a9","hash":"77caf37b0a72bc01c768fd86e7f456057ab68203"}
,"/home/manish/skynet/server/src/app/ballu/models/user.js": {"path":"/home/manish/skynet/server/src/app/ballu/models/user.js","statementMap":{"0":{"start":{"line":1,"column":17},"end":{"line":1,"column":36}},"1":{"start":{"line":3,"column":15},"end":{"line":11,"column":1}},"2":{"start":{"line":13,"column":13},"end":{"line":13,"column":60}},"3":{"start":{"line":14,"column":0},"end":{"line":14,"column":45}}},"fnMap":{},"branchMap":{},"s":{"0":4,"1":4,"2":4,"3":4},"f":{},"b":{},"_coverageSchema":"1a1c01bbd47fc00a2c39e90264f33305004495a9","hash":"8e2d2d83d1927dd4c38ad50845bc036c4d675afa"}
,"/home/manish/skynet/server/src/app/ballu/routes/auth.js": {"path":"/home/manish/skynet/server/src/app/ballu/routes/auth.js","statementMap":{"0":{"start":{"line":1,"column":19},"end":{"line":1,"column":49}},"1":{"start":{"line":2,"column":15},"end":{"line":2,"column":40}},"2":{"start":{"line":3,"column":19},"end":{"line":3,"column":49}},"3":{"start":{"line":5,"column":0},"end":{"line":37,"column":2}}},"fnMap":{},"branchMap":{},"s":{"0":4,"1":4,"2":4,"3":4},"f":{},"b":{},"_coverageSchema":"1a1c01bbd47fc00a2c39e90264f33305004495a9","hash":"e9fe0d44295d3135f138f050eacff01e5f62c736"}
,"/home/manish/skynet/server/src/app/ballu/routes/health.js": {"path":"/home/manish/skynet/server/src/app/ballu/routes/health.js","statementMap":{"0":{"start":{"line":1,"column":25},"end":{"line":1,"column":57}},"1":{"start":{"line":3,"column":0},"end":{"line":9,"column":2}}},"fnMap":{},"branchMap":{},"s":{"0":4,"1":4},"f":{},"b":{},"_coverageSchema":"1a1c01bbd47fc00a2c39e90264f33305004495a9","hash":"e261128af56f59814d763a533c0e50d2ca3ea91b"}
,"/home/manish/skynet/server/src/app/ballu/routes/index.js": {"path":"/home/manish/skynet/server/src/app/ballu/routes/index.js","statementMap":{"0":{"start":{"line":1,"column":15},"end":{"line":1,"column":34}},"1":{"start":{"line":2,"column":13},"end":{"line":2,"column":30}},"2":{"start":{"line":4,"column":0},"end":{"line":15,"column":2}},"3":{"start":{"line":5,"column":15},"end":{"line":5,"column":17}},"4":{"start":{"line":7,"column":2},"end":{"line":7,"column":33}},"5":{"start":{"line":8,"column":2},"end":{"line":8,"column":31}},"6":{"start":{"line":10,"column":2},"end":{"line":12,"column":5}},"7":{"start":{"line":11,"column":4},"end":{"line":11,"column":33}},"8":{"start":{"line":14,"column":2},"end":{"line":14,"column":16}}},"fnMap":{"0":{"name":"(anonymous_0)","decl":{"start":{"line":4,"column":17},"end":{"line":4,"column":18}},"loc":{"start":{"line":4,"column":23},"end":{"line":15,"column":1}},"line":4},"1":{"name":"(anonymous_1)","decl":{"start":{"line":10,"column":17},"end":{"line":10,"column":18}},"loc":{"start":{"line":10,"column":24},"end":{"line":12,"column":3}},"line":10}},"branchMap":{},"s":{"0":4,"1":4,"2":4,"3":4,"4":4,"5":4,"6":4,"7":20,"8":4},"f":{"0":4,"1":20},"b":{},"_coverageSchema":"1a1c01bbd47fc00a2c39e90264f33305004495a9","hash":"3fb971093cd8107e8e910ce7ee54c39889179fc9"}
,"/home/manish/skynet/server/src/app/ballu/schema/auth.js": {"path":"/home/manish/skynet/server/src/app/ballu/schema/auth.js","statementMap":{"0":{"start":{"line":1,"column":14},"end":{"line":1,"column":34}},"1":{"start":{"line":2,"column":18},"end":{"line":2,"column":53}},"2":{"start":{"line":4,"column":0},"end":{"line":36,"column":2}}},"fnMap":{},"branchMap":{},"s":{"0":4,"1":4,"2":4},"f":{},"b":{},"_coverageSchema":"1a1c01bbd47fc00a2c39e90264f33305004495a9","hash":"fa6978b04122818952ab3eee77543e5e1486104d"}
,"/home/manish/skynet/server/src/app/delta/controllers/auth.js": {"path":"/home/manish/skynet/server/src/app/delta/controllers/auth.js","statementMap":{"0":{"start":{"line":1,"column":20},"end":{"line":1,"column":53}},"1":{"start":{"line":2,"column":13},"end":{"line":2,"column":38}},"2":{"start":{"line":3,"column":15},"end":{"line":3,"column":32}},"3":{"start":{"line":4,"column":18},"end":{"line":4,"column":54}},"4":{"start":{"line":6,"column":0},"end":{"line":38,"column":2}},"5":{"start":{"line":7,"column":2},"end":{"line":37,"column":3}},"6":{"start":{"line":8,"column":17},"end":{"line":8,"column":60}},"7":{"start":{"line":10,"column":4},"end":{"line":14,"column":5}},"8":{"start":{"line":11,"column":6},"end":{"line":13,"column":10}},"9":{"start":{"line":16,"column":22},"end":{"line":16,"column":80}},"10":{"start":{"line":17,"column":4},"end":{"line":21,"column":5}},"11":{"start":{"line":18,"column":6},"end":{"line":20,"column":10}},"12":{"start":{"line":23,"column":18},"end":{"line":27,"column":5}},"13":{"start":{"line":28,"column":4},"end":{"line":34,"column":7}},"14":{"start":{"line":36,"column":4},"end":{"line":36,"column":55}},"15":{"start":{"line":40,"column":0},"end":{"line":69,"column":2}},"16":{"start":{"line":41,"column":13},"end":{"line":41,"column":56}},"17":{"start":{"line":42,"column":2},"end":{"line":44,"column":3}},"18":{"start":{"line":43,"column":4},"end":{"line":43,"column":67}},"19":{"start":{"line":45,"column":2},"end":{"line":68,"column":3}},"20":{"start":{"line":46,"column":17},"end":{"line":46,"column":67}},"21":{"start":{"line":48,"column":4},"end":{"line":48,"column":22}},"22":{"start":{"line":49,"column":4},"end":{"line":49,"column":32}},"23":{"start":{"line":50,"column":4},"end":{"line":50,"column":30}},"24":{"start":{"line":52,"column":4},"end":{"line":52,"column":22}},"25":{"start":{"line":54,"column":18},"end":{"line":58,"column":5}},"26":{"start":{"line":59,"column":4},"end":{"line":65,"column":7}},"27":{"start":{"line":67,"column":4},"end":{"line":67,"column":47}},"28":{"start":{"line":71,"column":0},"end":{"line":92,"column":2}},"29":{"start":{"line":72,"column":17},"end":{"line":72,"column":20}},"30":{"start":{"line":73,"column":2},"end":{"line":91,"column":3}},"31":{"start":{"line":74,"column":4},"end":{"line":74,"column":76}},"32":{"start":{"line":75,"column":4},"end":{"line":75,"column":22}},"33":{"start":{"line":77,"column":18},"end":{"line":81,"column":5}},"34":{"start":{"line":82,"column":4},"end":{"line":88,"column":7}},"35":{"start":{"line":90,"column":4},"end":{"line":90,"column":47}},"36":{"start":{"line":94,"column":0},"end":{"line":102,"column":2}},"37":{"start":{"line":95,"column":2},"end":{"line":101,"column":3}},"38":{"start":{"line":96,"column":4},"end":{"line":98,"column":7}},"39":{"start":{"line":100,"column":4},"end":{"line":100,"column":47}},"40":{"start":{"line":104,"column":0},"end":{"line":123,"column":2}},"41":{"start":{"line":105,"column":2},"end":{"line":122,"column":3}},"42":{"start":{"line":106,"column":19},"end":{"line":106,"column":22}},"43":{"start":{"line":108,"column":4},"end":{"line":108,"column":42}},"44":{"start":{"line":109,"column":4},"end":{"line":109,"column":40}},"45":{"start":{"line":110,"column":4},"end":{"line":110,"column":32}},"46":{"start":{"line":112,"column":4},"end":{"line":112,"column":22}},"47":{"start":{"line":114,"column":4},"end":{"line":119,"column":7}},"48":{"start":{"line":121,"column":4},"end":{"line":121,"column":47}}},"fnMap":{"0":{"name":"(anonymous_0)","decl":{"start":{"line":6,"column":20},"end":{"line":6,"column":21}},"loc":{"start":{"line":6,"column":46},"end":{"line":38,"column":1}},"line":6},"1":{"name":"(anonymous_1)","decl":{"start":{"line":40,"column":23},"end":{"line":40,"column":24}},"loc":{"start":{"line":40,"column":49},"end":{"line":69,"column":1}},"line":40},"2":{"name":"(anonymous_2)","decl":{"start":{"line":71,"column":28},"end":{"line":71,"column":29}},"loc":{"start":{"line":71,"column":54},"end":{"line":92,"column":1}},"line":71},"3":{"name":"(anonymous_3)","decl":{"start":{"line":94,"column":33},"end":{"line":94,"column":34}},"loc":{"start":{"line":94,"column":59},"end":{"line":102,"column":1}},"line":94},"4":{"name":"(anonymous_4)","decl":{"start":{"line":104,"column":27},"end":{"line":104,"column":28}},"loc":{"start":{"line":104,"column":53},"end":{"line":123,"column":1}},"line":104}},"branchMap":{"0":{"loc":{"start":{"line":10,"column":4},"end":{"line":14,"column":5}},"type":"if","locations":[{"start":{"line":10,"column":4},"end":{"line":14,"column":5}},{"start":{"line":10,"column":4},"end":{"line":14,"column":5}}],"line":10},"1":{"loc":{"start":{"line":17,"column":4},"end":{"line":21,"column":5}},"type":"if","locations":[{"start":{"line":17,"column":4},"end":{"line":21,"column":5}},{"start":{"line":17,"column":4},"end":{"line":21,"column":5}}],"line":17},"2":{"loc":{"start":{"line":42,"column":2},"end":{"line":44,"column":3}},"type":"if","locations":[{"start":{"line":42,"column":2},"end":{"line":44,"column":3}},{"start":{"line":42,"column":2},"end":{"line":44,"column":3}}],"line":42}},"s":{"0":4,"1":4,"2":4,"3":4,"4":4,"5":3,"6":3,"7":3,"8":1,"9":2,"10":2,"11":1,"12":1,"13":1,"14":0,"15":4,"16":2,"17":2,"18":1,"19":1,"20":1,"21":1,"22":1,"23":1,"24":1,"25":1,"26":1,"27":0,"28":4,"29":0,"30":0,"31":0,"32":0,"33":0,"34":0,"35":0,"36":4,"37":0,"38":0,"39":0,"40":4,"41":0,"42":0,"43":0,"44":0,"45":0,"46":0,"47":0,"48":0},"f":{"0":3,"1":2,"2":0,"3":0,"4":0},"b":{"0":[1,2],"1":[1,1],"2":[1,1]},"_coverageSchema":"1a1c01bbd47fc00a2c39e90264f33305004495a9","hash":"edcb2371e944be2e2d92b77adf1009492d46f8ae"}
,"/home/manish/skynet/server/src/app/delta/controllers/health.js": {"path":"/home/manish/skynet/server/src/app/delta/controllers/health.js","statementMap":{"0":{"start":{"line":1,"column":18},"end":{"line":1,"column":53}},"1":{"start":{"line":2,"column":14},"end":{"line":2,"column":45}},"2":{"start":{"line":4,"column":0},"end":{"line":7,"column":2}},"3":{"start":{"line":5,"column":2},"end":{"line":5,"column":77}},"4":{"start":{"line":6,"column":2},"end":{"line":6,"column":39}}},"fnMap":{"0":{"name":"(anonymous_0)","decl":{"start":{"line":4,"column":14},"end":{"line":4,"column":15}},"loc":{"start":{"line":4,"column":34},"end":{"line":7,"column":1}},"line":4}},"branchMap":{},"s":{"0":4,"1":4,"2":4,"3":1,"4":1},"f":{"0":1},"b":{},"_coverageSchema":"1a1c01bbd47fc00a2c39e90264f33305004495a9","hash":"312cb0b39418472150b3c23af154673be33e0da2"}
,"/home/manish/skynet/server/src/app/delta/controllers/posts.js": {"path":"/home/manish/skynet/server/src/app/delta/controllers/posts.js","statementMap":{"0":{"start":{"line":1,"column":17},"end":{"line":1,"column":46}},"1":{"start":{"line":2,"column":14},"end":{"line":2,"column":40}},"2":{"start":{"line":3,"column":20},"end":{"line":3,"column":53}},"3":{"start":{"line":4,"column":24},"end":{"line":4,"column":66}},"4":{"start":{"line":5,"column":18},"end":{"line":5,"column":53}},"5":{"start":{"line":7,"column":0},"end":{"line":25,"column":2}},"6":{"start":{"line":8,"column":2},"end":{"line":24,"column":3}},"7":{"start":{"line":9,"column":39},"end":{"line":9,"column":47}},"8":{"start":{"line":11,"column":17},"end":{"line":11,"column":28}},"9":{"start":{"line":12,"column":4},"end":{"line":12,"column":23}},"10":{"start":{"line":13,"column":4},"end":{"line":13,"column":29}},"11":{"start":{"line":14,"column":4},"end":{"line":14,"column":27}},"12":{"start":{"line":16,"column":4},"end":{"line":16,"column":22}},"13":{"start":{"line":18,"column":4},"end":{"line":21,"column":7}},"14":{"start":{"line":23,"column":4},"end":{"line":23,"column":55}},"15":{"start":{"line":27,"column":0},"end":{"line":33,"column":2}},"16":{"start":{"line":28,"column":17},"end":{"line":28,"column":20}},"17":{"start":{"line":29,"column":2},"end":{"line":32,"column":5}},"18":{"start":{"line":35,"column":0},"end":{"line":46,"column":2}},"19":{"start":{"line":36,"column":16},"end":{"line":36,"column":38}},"20":{"start":{"line":37,"column":17},"end":{"line":37,"column":39}},"21":{"start":{"line":38,"column":16},"end":{"line":38,"column":60}},"22":{"start":{"line":39,"column":16},"end":{"line":39,"column":35}},"23":{"start":{"line":40,"column":2},"end":{"line":45,"column":5}},"24":{"start":{"line":48,"column":0},"end":{"line":66,"column":2}},"25":{"start":{"line":49,"column":2},"end":{"line":65,"column":3}},"26":{"start":{"line":50,"column":19},"end":{"line":50,"column":22}},"27":{"start":{"line":51,"column":39},"end":{"line":51,"column":47}},"28":{"start":{"line":53,"column":4},"end":{"line":53,"column":23}},"29":{"start":{"line":54,"column":4},"end":{"line":54,"column":29}},"30":{"start":{"line":55,"column":4},"end":{"line":55,"column":27}},"31":{"start":{"line":57,"column":4},"end":{"line":57,"column":22}},"32":{"start":{"line":59,"column":4},"end":{"line":62,"column":7}},"33":{"start":{"line":64,"column":4},"end":{"line":64,"column":55}},"34":{"start":{"line":68,"column":0},"end":{"line":75,"column":2}},"35":{"start":{"line":69,"column":16},"end":{"line":69,"column":24}},"36":{"start":{"line":70,"column":2},"end":{"line":70,"column":36}},"37":{"start":{"line":72,"column":2},"end":{"line":74,"column":5}},"38":{"start":{"line":77,"column":0},"end":{"line":96,"column":2}},"39":{"start":{"line":78,"column":2},"end":{"line":95,"column":3}},"40":{"start":{"line":79,"column":36},"end":{"line":79,"column":44}},"41":{"start":{"line":80,"column":20},"end":{"line":80,"column":34}},"42":{"start":{"line":81,"column":4},"end":{"line":81,"column":35}},"43":{"start":{"line":82,"column":4},"end":{"line":82,"column":24}},"44":{"start":{"line":83,"column":4},"end":{"line":83,"column":35}},"45":{"start":{"line":85,"column":4},"end":{"line":87,"column":5}},"46":{"start":{"line":86,"column":6},"end":{"line":86,"column":50}},"47":{"start":{"line":88,"column":4},"end":{"line":88,"column":25}},"48":{"start":{"line":89,"column":4},"end":{"line":92,"column":7}},"49":{"start":{"line":94,"column":4},"end":{"line":94,"column":55}},"50":{"start":{"line":98,"column":0},"end":{"line":108,"column":2}},"51":{"start":{"line":99,"column":16},"end":{"line":99,"column":24}},"52":{"start":{"line":100,"column":16},"end":{"line":100,"column":18}},"53":{"start":{"line":101,"column":2},"end":{"line":101,"column":25}},"54":{"start":{"line":103,"column":19},"end":{"line":103,"column":45}},"55":{"start":{"line":104,"column":2},"end":{"line":107,"column":5}},"56":{"start":{"line":110,"column":0},"end":{"line":117,"column":2}},"57":{"start":{"line":111,"column":16},"end":{"line":111,"column":27}},"58":{"start":{"line":112,"column":2},"end":{"line":112,"column":39}},"59":{"start":{"line":114,"column":2},"end":{"line":116,"column":5}},"60":{"start":{"line":119,"column":0},"end":{"line":130,"column":2}},"61":{"start":{"line":120,"column":21},"end":{"line":120,"column":29}},"62":{"start":{"line":121,"column":14},"end":{"line":121,"column":16}},"63":{"start":{"line":122,"column":2},"end":{"line":124,"column":3}},"64":{"start":{"line":123,"column":4},"end":{"line":123,"column":33}},"65":{"start":{"line":125,"column":16},"end":{"line":125,"column":39}},"66":{"start":{"line":126,"column":2},"end":{"line":129,"column":5}}},"fnMap":{"0":{"name":"(anonymous_0)","decl":{"start":{"line":7,"column":20},"end":{"line":7,"column":21}},"loc":{"start":{"line":7,"column":46},"end":{"line":25,"column":1}},"line":7},"1":{"name":"(anonymous_1)","decl":{"start":{"line":27,"column":22},"end":{"line":27,"column":23}},"loc":{"start":{"line":27,"column":48},"end":{"line":33,"column":1}},"line":27},"2":{"name":"(anonymous_2)","decl":{"start":{"line":35,"column":19},"end":{"line":35,"column":20}},"loc":{"start":{"line":35,"column":45},"end":{"line":46,"column":1}},"line":35},"3":{"name":"(anonymous_3)","decl":{"start":{"line":48,"column":28},"end":{"line":48,"column":29}},"loc":{"start":{"line":48,"column":54},"end":{"line":66,"column":1}},"line":48},"4":{"name":"(anonymous_4)","decl":{"start":{"line":68,"column":25},"end":{"line":68,"column":26}},"loc":{"start":{"line":68,"column":51},"end":{"line":75,"column":1}},"line":68},"5":{"name":"(anonymous_5)","decl":{"start":{"line":77,"column":22},"end":{"line":77,"column":23}},"loc":{"start":{"line":77,"column":48},"end":{"line":96,"column":1}},"line":77},"6":{"name":"(anonymous_6)","decl":{"start":{"line":98,"column":28},"end":{"line":98,"column":29}},"loc":{"start":{"line":98,"column":54},"end":{"line":108,"column":1}},"line":98},"7":{"name":"(anonymous_7)","decl":{"start":{"line":110,"column":28},"end":{"line":110,"column":29}},"loc":{"start":{"line":110,"column":54},"end":{"line":117,"column":1}},"line":110},"8":{"name":"(anonymous_8)","decl":{"start":{"line":119,"column":25},"end":{"line":119,"column":26}},"loc":{"start":{"line":119,"column":51},"end":{"line":130,"column":1}},"line":119}},"branchMap":{"0":{"loc":{"start":{"line":36,"column":16},"end":{"line":36,"column":38}},"type":"binary-expr","locations":[{"start":{"line":36,"column":16},"end":{"line":36,"column":32}},{"start":{"line":36,"column":36},"end":{"line":36,"column":38}}],"line":36},"1":{"loc":{"start":{"line":37,"column":17},"end":{"line":37,"column":39}},"type":"binary-expr","locations":[{"start":{"line":37,"column":17},"end":{"line":37,"column":34}},{"start":{"line":37,"column":38},"end":{"line":37,"column":39}}],"line":37},"2":{"loc":{"start":{"line":85,"column":4},"end":{"line":87,"column":5}},"type":"if","locations":[{"start":{"line":85,"column":4},"end":{"line":87,"column":5}},{"start":{"line":85,"column":4},"end":{"line":87,"column":5}}],"line":85},"3":{"loc":{"start":{"line":122,"column":2},"end":{"line":124,"column":3}},"type":"if","locations":[{"start":{"line":122,"column":2},"end":{"line":124,"column":3}},{"start":{"line":122,"column":2},"end":{"line":124,"column":3}}],"line":122}},"s":{"0":4,"1":4,"2":4,"3":4,"4":4,"5":4,"6":1,"7":1,"8":1,"9":1,"10":1,"11":1,"12":1,"13":1,"14":0,"15":4,"16":1,"17":1,"18":4,"19":0,"20":0,"21":0,"22":0,"23":0,"24":4,"25":1,"26":1,"27":1,"28":1,"29":1,"30":1,"31":1,"32":1,"33":0,"34":4,"35":1,"36":1,"37":1,"38":4,"39":0,"40":0,"41":0,"42":0,"43":0,"44":0,"45":0,"46":0,"47":0,"48":0,"49":0,"50":4,"51":0,"52":0,"53":0,"54":0,"55":0,"56":4,"57":0,"58":0,"59":0,"60":4,"61":0,"62":0,"63":0,"64":0,"65":0,"66":0},"f":{"0":1,"1":1,"2":0,"3":1,"4":1,"5":0,"6":0,"7":0,"8":0},"b":{"0":[0,0],"1":[0,0],"2":[0,0],"3":[0,0]},"_coverageSchema":"1a1c01bbd47fc00a2c39e90264f33305004495a9","hash":"4ddc042e4d9d99b73b88b19ef01569fccd13f52b"}
,"/home/manish/skynet/server/src/app/delta/middlewares/middleware.js": {"path":"/home/manish/skynet/server/src/app/delta/middlewares/middleware.js","statementMap":{"0":{"start":{"line":1,"column":17},"end":{"line":1,"column":36}},"1":{"start":{"line":2,"column":21},"end":{"line":2,"column":53}},"2":{"start":{"line":3,"column":17},"end":{"line":3,"column":46}},"3":{"start":{"line":4,"column":14},"end":{"line":4,"column":40}},"4":{"start":{"line":5,"column":20},"end":{"line":5,"column":53}},"5":{"start":{"line":6,"column":13},"end":{"line":6,"column":38}},"6":{"start":{"line":17,"column":0},"end":{"line":27,"column":3}},"7":{"start":{"line":18,"column":17},"end":{"line":18,"column":35}},"8":{"start":{"line":19,"column":15},"end":{"line":19,"column":43}},"9":{"start":{"line":20,"column":2},"end":{"line":24,"column":3}},"10":{"start":{"line":21,"column":4},"end":{"line":23,"column":8}},"11":{"start":{"line":25,"column":2},"end":{"line":25,"column":18}},"12":{"start":{"line":26,"column":2},"end":{"line":26,"column":9}},"13":{"start":{"line":36,"column":0},"end":{"line":46,"column":3}},"14":{"start":{"line":37,"column":20},"end":{"line":37,"column":41}},"15":{"start":{"line":38,"column":18},"end":{"line":38,"column":52}},"16":{"start":{"line":39,"column":2},"end":{"line":43,"column":3}},"17":{"start":{"line":40,"column":4},"end":{"line":42,"column":8}},"18":{"start":{"line":44,"column":2},"end":{"line":44,"column":24}},"19":{"start":{"line":45,"column":2},"end":{"line":45,"column":9}},"20":{"start":{"line":59,"column":2},"end":{"line":59,"column":71}},"21":{"start":{"line":65,"column":0},"end":{"line":72,"column":3}},"22":{"start":{"line":66,"column":15},"end":{"line":66,"column":25}},"23":{"start":{"line":67,"column":14},"end":{"line":67,"column":37}},"24":{"start":{"line":68,"column":2},"end":{"line":70,"column":3}},"25":{"start":{"line":69,"column":4},"end":{"line":69,"column":76}},"26":{"start":{"line":71,"column":2},"end":{"line":71,"column":9}}},"fnMap":{"0":{"name":"(anonymous_0)","decl":{"start":{"line":17,"column":37},"end":{"line":17,"column":38}},"loc":{"start":{"line":17,"column":63},"end":{"line":27,"column":1}},"line":17},"1":{"name":"(anonymous_1)","decl":{"start":{"line":36,"column":40},"end":{"line":36,"column":41}},"loc":{"start":{"line":36,"column":66},"end":{"line":46,"column":1}},"line":36},"2":{"name":"(anonymous_2)","decl":{"start":{"line":65,"column":39},"end":{"line":65,"column":40}},"loc":{"start":{"line":65,"column":65},"end":{"line":72,"column":1}},"line":65}},"branchMap":{"0":{"loc":{"start":{"line":20,"column":2},"end":{"line":24,"column":3}},"type":"if","locations":[{"start":{"line":20,"column":2},"end":{"line":24,"column":3}},{"start":{"line":20,"column":2},"end":{"line":24,"column":3}}],"line":20},"1":{"loc":{"start":{"line":39,"column":2},"end":{"line":43,"column":3}},"type":"if","locations":[{"start":{"line":39,"column":2},"end":{"line":43,"column":3}},{"start":{"line":39,"column":2},"end":{"line":43,"column":3}}],"line":39},"2":{"loc":{"start":{"line":68,"column":2},"end":{"line":70,"column":3}},"type":"if","locations":[{"start":{"line":68,"column":2},"end":{"line":70,"column":3}},{"start":{"line":68,"column":2},"end":{"line":70,"column":3}}],"line":68}},"s":{"0":4,"1":4,"2":4,"3":4,"4":4,"5":4,"6":4,"7":5,"8":5,"9":5,"10":2,"11":3,"12":3,"13":4,"14":0,"15":0,"16":0,"17":0,"18":0,"19":0,"20":4,"21":4,"22":0,"23":0,"24":0,"25":0,"26":0},"f":{"0":5,"1":0,"2":0},"b":{"0":[2,3],"1":[0,0],"2":[0,0]},"_coverageSchema":"1a1c01bbd47fc00a2c39e90264f33305004495a9","hash":"3b7b51bc19c48dff310148f27aab6bbcfd293300"}
,"/home/manish/skynet/server/src/app/delta/models/comments.js": {"path":"/home/manish/skynet/server/src/app/delta/models/comments.js","statementMap":{"0":{"start":{"line":1,"column":17},"end":{"line":1,"column":36}},"1":{"start":{"line":3,"column":15},"end":{"line":16,"column":1}},"2":{"start":{"line":18,"column":13},"end":{"line":18,"column":66}},"3":{"start":{"line":19,"column":0},"end":{"line":19,"column":48}}},"fnMap":{},"branchMap":{},"s":{"0":4,"1":4,"2":4,"3":4},"f":{},"b":{},"_coverageSchema":"1a1c01bbd47fc00a2c39e90264f33305004495a9","hash":"2208ac161ae0a4a6a6cf627ad0ee2c5d99a24386"}
,"/home/manish/skynet/server/src/app/delta/models/posts.js": {"path":"/home/manish/skynet/server/src/app/delta/models/posts.js","statementMap":{"0":{"start":{"line":1,"column":15},"end":{"line":1,"column":48}},"1":{"start":{"line":2,"column":17},"end":{"line":2,"column":36}},"2":{"start":{"line":3,"column":18},"end":{"line":3,"column":53}},"3":{"start":{"line":5,"column":15},"end":{"line":20,"column":1}},"4":{"start":{"line":22,"column":0},"end":{"line":24,"column":3}},"5":{"start":{"line":23,"column":2},"end":{"line":23,"column":41}},"6":{"start":{"line":26,"column":13},"end":{"line":26,"column":66}},"7":{"start":{"line":27,"column":0},"end":{"line":27,"column":45}}},"fnMap":{"0":{"name":"(anonymous_0)","decl":{"start":{"line":22,"column":20},"end":{"line":22,"column":21}},"loc":{"start":{"line":22,"column":26},"end":{"line":24,"column":1}},"line":22}},"branchMap":{},"s":{"0":4,"1":4,"2":4,"3":4,"4":4,"5":5,"6":4,"7":4},"f":{"0":5},"b":{},"_coverageSchema":"1a1c01bbd47fc00a2c39e90264f33305004495a9","hash":"2a911b9eca7a51bb0c6ceed8650e3ffc2af0d230"}
,"/home/manish/skynet/server/src/app/delta/models/user.js": {"path":"/home/manish/skynet/server/src/app/delta/models/user.js","statementMap":{"0":{"start":{"line":1,"column":17},"end":{"line":1,"column":36}},"1":{"start":{"line":3,"column":15},"end":{"line":13,"column":1}},"2":{"start":{"line":15,"column":13},"end":{"line":15,"column":66}},"3":{"start":{"line":16,"column":0},"end":{"line":16,"column":45}}},"fnMap":{},"branchMap":{},"s":{"0":4,"1":4,"2":4,"3":4},"f":{},"b":{},"_coverageSchema":"1a1c01bbd47fc00a2c39e90264f33305004495a9","hash":"6808a3863960e7b36b54c8296dffe30578b980ab"}
,"/home/manish/skynet/server/src/app/delta/routes/auth.js": {"path":"/home/manish/skynet/server/src/app/delta/routes/auth.js","statementMap":{"0":{"start":{"line":1,"column":19},"end":{"line":1,"column":49}},"1":{"start":{"line":2,"column":15},"end":{"line":2,"column":40}},"2":{"start":{"line":3,"column":19},"end":{"line":3,"column":55}},"3":{"start":{"line":5,"column":0},"end":{"line":37,"column":2}}},"fnMap":{},"branchMap":{},"s":{"0":4,"1":4,"2":4,"3":4},"f":{},"b":{},"_coverageSchema":"1a1c01bbd47fc00a2c39e90264f33305004495a9","hash":"889236529dc76fc08e1aa613f82fda7a574ab86f"}
,"/home/manish/skynet/server/src/app/delta/routes/health.js": {"path":"/home/manish/skynet/server/src/app/delta/routes/health.js","statementMap":{"0":{"start":{"line":1,"column":25},"end":{"line":1,"column":57}},"1":{"start":{"line":3,"column":0},"end":{"line":9,"column":2}}},"fnMap":{},"branchMap":{},"s":{"0":4,"1":4},"f":{},"b":{},"_coverageSchema":"1a1c01bbd47fc00a2c39e90264f33305004495a9","hash":"92fd2d80d250c6f4d3f84a497a9893d5796a6e7c"}
,"/home/manish/skynet/server/src/app/delta/routes/index.js": {"path":"/home/manish/skynet/server/src/app/delta/routes/index.js","statementMap":{"0":{"start":{"line":1,"column":15},"end":{"line":1,"column":34}},"1":{"start":{"line":2,"column":14},"end":{"line":2,"column":32}},"2":{"start":{"line":3,"column":13},"end":{"line":3,"column":30}},"3":{"start":{"line":4,"column":0},"end":{"line":16,"column":2}},"4":{"start":{"line":5,"column":15},"end":{"line":5,"column":17}},"5":{"start":{"line":7,"column":2},"end":{"line":7,"column":33}},"6":{"start":{"line":8,"column":2},"end":{"line":8,"column":32}},"7":{"start":{"line":9,"column":2},"end":{"line":9,"column":31}},"8":{"start":{"line":11,"column":2},"end":{"line":13,"column":5}},"9":{"start":{"line":12,"column":4},"end":{"line":12,"column":33}},"10":{"start":{"line":15,"column":2},"end":{"line":15,"column":16}}},"fnMap":{"0":{"name":"(anonymous_0)","decl":{"start":{"line":4,"column":17},"end":{"line":4,"column":18}},"loc":{"start":{"line":4,"column":23},"end":{"line":16,"column":1}},"line":4},"1":{"name":"(anonymous_1)","decl":{"start":{"line":11,"column":17},"end":{"line":11,"column":18}},"loc":{"start":{"line":11,"column":24},"end":{"line":13,"column":3}},"line":11}},"branchMap":{},"s":{"0":4,"1":4,"2":4,"3":4,"4":4,"5":4,"6":4,"7":4,"8":4,"9":56,"10":4},"f":{"0":4,"1":56},"b":{},"_coverageSchema":"1a1c01bbd47fc00a2c39e90264f33305004495a9","hash":"92af1a829c0876c53ce8e25894f891cea9261731"}
,"/home/manish/skynet/server/src/app/delta/routes/posts.js": {"path":"/home/manish/skynet/server/src/app/delta/routes/posts.js","statementMap":{"0":{"start":{"line":1,"column":19},"end":{"line":1,"column":55}},"1":{"start":{"line":2,"column":19},"end":{"line":2,"column":50}},"2":{"start":{"line":3,"column":15},"end":{"line":3,"column":41}},"3":{"start":{"line":5,"column":0},"end":{"line":78,"column":2}}},"fnMap":{},"branchMap":{},"s":{"0":4,"1":4,"2":4,"3":4},"f":{},"b":{},"_coverageSchema":"1a1c01bbd47fc00a2c39e90264f33305004495a9","hash":"c6535ada430485aa72f3a4da9b3c8a353c5e8177"}
,"/home/manish/skynet/server/src/app/delta/schema/auth.js": {"path":"/home/manish/skynet/server/src/app/delta/schema/auth.js","statementMap":{"0":{"start":{"line":1,"column":14},"end":{"line":1,"column":34}},"1":{"start":{"line":2,"column":18},"end":{"line":2,"column":53}},"2":{"start":{"line":4,"column":0},"end":{"line":36,"column":2}}},"fnMap":{},"branchMap":{},"s":{"0":4,"1":4,"2":4},"f":{},"b":{},"_coverageSchema":"1a1c01bbd47fc00a2c39e90264f33305004495a9","hash":"7e24791816f6f1de69b6630dc96e615a89ccf562"}
,"/home/manish/skynet/server/src/app/delta/schema/posts.js": {"path":"/home/manish/skynet/server/src/app/delta/schema/posts.js","statementMap":{"0":{"start":{"line":1,"column":14},"end":{"line":1,"column":34}},"1":{"start":{"line":2,"column":18},"end":{"line":2,"column":53}},"2":{"start":{"line":4,"column":0},"end":{"line":64,"column":2}}},"fnMap":{},"branchMap":{},"s":{"0":4,"1":4,"2":4},"f":{},"b":{},"_coverageSchema":"1a1c01bbd47fc00a2c39e90264f33305004495a9","hash":"e19f3e7b36ae9f1554a2e1842a0a129a851dadd3"}
,"/home/manish/skynet/server/src/app/helium/controllers/auth.js": {"path":"/home/manish/skynet/server/src/app/helium/controllers/auth.js","statementMap":{"0":{"start":{"line":1,"column":20},"end":{"line":1,"column":53}},"1":{"start":{"line":2,"column":13},"end":{"line":2,"column":38}},"2":{"start":{"line":3,"column":18},"end":{"line":3,"column":54}},"3":{"start":{"line":5,"column":0},"end":{"line":28,"column":2}},"4":{"start":{"line":6,"column":2},"end":{"line":27,"column":3}},"5":{"start":{"line":7,"column":17},"end":{"line":7,"column":60}},"6":{"start":{"line":8,"column":4},"end":{"line":12,"column":5}},"7":{"start":{"line":9,"column":6},"end":{"line":11,"column":10}},"8":{"start":{"line":13,"column":18},"end":{"line":17,"column":5}},"9":{"start":{"line":18,"column":4},"end":{"line":24,"column":7}},"10":{"start":{"line":26,"column":4},"end":{"line":26,"column":55}},"11":{"start":{"line":30,"column":0},"end":{"line":59,"column":2}},"12":{"start":{"line":31,"column":13},"end":{"line":31,"column":56}},"13":{"start":{"line":32,"column":2},"end":{"line":34,"column":3}},"14":{"start":{"line":33,"column":4},"end":{"line":33,"column":67}},"15":{"start":{"line":35,"column":2},"end":{"line":58,"column":3}},"16":{"start":{"line":36,"column":17},"end":{"line":36,"column":67}},"17":{"start":{"line":38,"column":4},"end":{"line":38,"column":22}},"18":{"start":{"line":39,"column":4},"end":{"line":39,"column":32}},"19":{"start":{"line":40,"column":4},"end":{"line":40,"column":30}},"20":{"start":{"line":42,"column":4},"end":{"line":42,"column":22}},"21":{"start":{"line":44,"column":18},"end":{"line":48,"column":5}},"22":{"start":{"line":49,"column":4},"end":{"line":55,"column":7}},"23":{"start":{"line":57,"column":4},"end":{"line":57,"column":47}},"24":{"start":{"line":61,"column":0},"end":{"line":82,"column":2}},"25":{"start":{"line":62,"column":17},"end":{"line":62,"column":20}},"26":{"start":{"line":63,"column":2},"end":{"line":81,"column":3}},"27":{"start":{"line":64,"column":4},"end":{"line":64,"column":76}},"28":{"start":{"line":65,"column":4},"end":{"line":65,"column":22}},"29":{"start":{"line":67,"column":18},"end":{"line":71,"column":5}},"30":{"start":{"line":72,"column":4},"end":{"line":78,"column":7}},"31":{"start":{"line":80,"column":4},"end":{"line":80,"column":47}},"32":{"start":{"line":84,"column":0},"end":{"line":92,"column":2}},"33":{"start":{"line":85,"column":2},"end":{"line":91,"column":3}},"34":{"start":{"line":86,"column":4},"end":{"line":88,"column":7}},"35":{"start":{"line":90,"column":4},"end":{"line":90,"column":47}},"36":{"start":{"line":94,"column":0},"end":{"line":111,"column":2}},"37":{"start":{"line":95,"column":2},"end":{"line":110,"column":3}},"38":{"start":{"line":96,"column":19},"end":{"line":96,"column":22}},"39":{"start":{"line":98,"column":4},"end":{"line":98,"column":30}},"40":{"start":{"line":100,"column":4},"end":{"line":100,"column":22}},"41":{"start":{"line":102,"column":4},"end":{"line":107,"column":7}},"42":{"start":{"line":109,"column":4},"end":{"line":109,"column":47}}},"fnMap":{"0":{"name":"(anonymous_0)","decl":{"start":{"line":5,"column":20},"end":{"line":5,"column":21}},"loc":{"start":{"line":5,"column":46},"end":{"line":28,"column":1}},"line":5},"1":{"name":"(anonymous_1)","decl":{"start":{"line":30,"column":23},"end":{"line":30,"column":24}},"loc":{"start":{"line":30,"column":49},"end":{"line":59,"column":1}},"line":30},"2":{"name":"(anonymous_2)","decl":{"start":{"line":61,"column":28},"end":{"line":61,"column":29}},"loc":{"start":{"line":61,"column":54},"end":{"line":82,"column":1}},"line":61},"3":{"name":"(anonymous_3)","decl":{"start":{"line":84,"column":33},"end":{"line":84,"column":34}},"loc":{"start":{"line":84,"column":59},"end":{"line":92,"column":1}},"line":84},"4":{"name":"(anonymous_4)","decl":{"start":{"line":94,"column":27},"end":{"line":94,"column":28}},"loc":{"start":{"line":94,"column":53},"end":{"line":111,"column":1}},"line":94}},"branchMap":{"0":{"loc":{"start":{"line":8,"column":4},"end":{"line":12,"column":5}},"type":"if","locations":[{"start":{"line":8,"column":4},"end":{"line":12,"column":5}},{"start":{"line":8,"column":4},"end":{"line":12,"column":5}}],"line":8},"1":{"loc":{"start":{"line":32,"column":2},"end":{"line":34,"column":3}},"type":"if","locations":[{"start":{"line":32,"column":2},"end":{"line":34,"column":3}},{"start":{"line":32,"column":2},"end":{"line":34,"column":3}}],"line":32}},"s":{"0":4,"1":4,"2":4,"3":4,"4":0,"5":0,"6":0,"7":0,"8":0,"9":0,"10":0,"11":4,"12":0,"13":0,"14":0,"15":0,"16":0,"17":0,"18":0,"19":0,"20":0,"21":0,"22":0,"23":0,"24":4,"25":0,"26":0,"27":0,"28":0,"29":0,"30":0,"31":0,"32":4,"33":0,"34":0,"35":0,"36":4,"37":0,"38":0,"39":0,"40":0,"41":0,"42":0},"f":{"0":0,"1":0,"2":0,"3":0,"4":0},"b":{"0":[0,0],"1":[0,0]},"_coverageSchema":"1a1c01bbd47fc00a2c39e90264f33305004495a9","hash":"23528f32b45ecfa990aca09040b13ce5c20027a2"}
,"/home/manish/skynet/server/src/app/helium/controllers/health.js": {"path":"/home/manish/skynet/server/src/app/helium/controllers/health.js","statementMap":{"0":{"start":{"line":1,"column":0},"end":{"line":3,"column":2}},"1":{"start":{"line":2,"column":2},"end":{"line":2,"column":42}}},"fnMap":{"0":{"name":"(anonymous_0)","decl":{"start":{"line":1,"column":14},"end":{"line":1,"column":15}},"loc":{"start":{"line":1,"column":34},"end":{"line":3,"column":1}},"line":1}},"branchMap":{},"s":{"0":4,"1":0},"f":{"0":0},"b":{},"_coverageSchema":"1a1c01bbd47fc00a2c39e90264f33305004495a9","hash":"a9f9896179fd85949a0e8620d14ad71025e6ce96"}
,"/home/manish/skynet/server/src/app/helium/controllers/question.js": {"path":"/home/manish/skynet/server/src/app/helium/controllers/question.js","statementMap":{"0":{"start":{"line":1,"column":20},"end":{"line":1,"column":53}},"1":{"start":{"line":2,"column":18},"end":{"line":2,"column":47}},"2":{"start":{"line":4,"column":0},"end":{"line":23,"column":2}},"3":{"start":{"line":5,"column":2},"end":{"line":22,"column":3}},"4":{"start":{"line":6,"column":4},"end":{"line":8,"column":5}},"5":{"start":{"line":7,"column":6},"end":{"line":7,"column":71}},"6":{"start":{"line":9,"column":21},"end":{"line":9,"column":36}},"7":{"start":{"line":10,"column":4},"end":{"line":10,"column":34}},"8":{"start":{"line":11,"column":4},"end":{"line":11,"column":40}},"9":{"start":{"line":12,"column":4},"end":{"line":12,"column":26}},"10":{"start":{"line":14,"column":4},"end":{"line":19,"column":7}},"11":{"start":{"line":21,"column":4},"end":{"line":21,"column":47}},"12":{"start":{"line":25,"column":0},"end":{"line":45,"column":2}},"13":{"start":{"line":26,"column":2},"end":{"line":44,"column":3}},"14":{"start":{"line":27,"column":23},"end":{"line":27,"column":26}},"15":{"start":{"line":28,"column":4},"end":{"line":30,"column":5}},"16":{"start":{"line":29,"column":6},"end":{"line":29,"column":38}},"17":{"start":{"line":31,"column":4},"end":{"line":33,"column":5}},"18":{"start":{"line":32,"column":6},"end":{"line":32,"column":42}},"19":{"start":{"line":34,"column":4},"end":{"line":34,"column":26}},"20":{"start":{"line":36,"column":4},"end":{"line":41,"column":7}},"21":{"start":{"line":43,"column":4},"end":{"line":43,"column":47}},"22":{"start":{"line":47,"column":0},"end":{"line":58,"column":2}},"23":{"start":{"line":48,"column":2},"end":{"line":57,"column":3}},"24":{"start":{"line":49,"column":18},"end":{"line":49,"column":30}},"25":{"start":{"line":50,"column":4},"end":{"line":50,"column":42}},"26":{"start":{"line":52,"column":4},"end":{"line":54,"column":7}},"27":{"start":{"line":56,"column":4},"end":{"line":56,"column":47}},"28":{"start":{"line":60,"column":0},"end":{"line":69,"column":2}},"29":{"start":{"line":61,"column":21},"end":{"line":61,"column":24}},"30":{"start":{"line":63,"column":2},"end":{"line":68,"column":5}},"31":{"start":{"line":71,"column":0},"end":{"line":79,"column":2}},"32":{"start":{"line":72,"column":20},"end":{"line":72,"column":42}},"33":{"start":{"line":73,"column":2},"end":{"line":78,"column":5}}},"fnMap":{"0":{"name":"(anonymous_0)","decl":{"start":{"line":4,"column":23},"end":{"line":4,"column":24}},"loc":{"start":{"line":4,"column":49},"end":{"line":23,"column":1}},"line":4},"1":{"name":"(anonymous_1)","decl":{"start":{"line":25,"column":32},"end":{"line":25,"column":33}},"loc":{"start":{"line":25,"column":58},"end":{"line":45,"column":1}},"line":25},"2":{"name":"(anonymous_2)","decl":{"start":{"line":47,"column":29},"end":{"line":47,"column":30}},"loc":{"start":{"line":47,"column":55},"end":{"line":58,"column":1}},"line":47},"3":{"name":"(anonymous_3)","decl":{"start":{"line":60,"column":26},"end":{"line":60,"column":27}},"loc":{"start":{"line":60,"column":52},"end":{"line":69,"column":1}},"line":60},"4":{"name":"(anonymous_4)","decl":{"start":{"line":71,"column":23},"end":{"line":71,"column":24}},"loc":{"start":{"line":71,"column":49},"end":{"line":79,"column":1}},"line":71}},"branchMap":{"0":{"loc":{"start":{"line":6,"column":4},"end":{"line":8,"column":5}},"type":"if","locations":[{"start":{"line":6,"column":4},"end":{"line":8,"column":5}},{"start":{"line":6,"column":4},"end":{"line":8,"column":5}}],"line":6},"1":{"loc":{"start":{"line":28,"column":4},"end":{"line":30,"column":5}},"type":"if","locations":[{"start":{"line":28,"column":4},"end":{"line":30,"column":5}},{"start":{"line":28,"column":4},"end":{"line":30,"column":5}}],"line":28},"2":{"loc":{"start":{"line":31,"column":4},"end":{"line":33,"column":5}},"type":"if","locations":[{"start":{"line":31,"column":4},"end":{"line":33,"column":5}},{"start":{"line":31,"column":4},"end":{"line":33,"column":5}}],"line":31}},"s":{"0":4,"1":4,"2":4,"3":0,"4":0,"5":0,"6":0,"7":0,"8":0,"9":0,"10":0,"11":0,"12":4,"13":0,"14":0,"15":0,"16":0,"17":0,"18":0,"19":0,"20":0,"21":0,"22":4,"23":0,"24":0,"25":0,"26":0,"27":0,"28":4,"29":0,"30":0,"31":4,"32":0,"33":0},"f":{"0":0,"1":0,"2":0,"3":0,"4":0},"b":{"0":[0,0],"1":[0,0],"2":[0,0]},"_coverageSchema":"1a1c01bbd47fc00a2c39e90264f33305004495a9","hash":"4c0207039130c7ba95102128e550ca90ad7b2312"}
,"/home/manish/skynet/server/src/app/helium/controllers/quiz.js": {"path":"/home/manish/skynet/server/src/app/helium/controllers/quiz.js","statementMap":{"0":{"start":{"line":1,"column":13},"end":{"line":1,"column":38}},"1":{"start":{"line":2,"column":20},"end":{"line":2,"column":53}},"2":{"start":{"line":4,"column":0},"end":{"line":12,"column":2}},"3":{"start":{"line":5,"column":15},"end":{"line":5,"column":32}},"4":{"start":{"line":6,"column":15},"end":{"line":10,"column":3}},"5":{"start":{"line":11,"column":2},"end":{"line":11,"column":42}},"6":{"start":{"line":14,"column":0},"end":{"line":29,"column":2}},"7":{"start":{"line":15,"column":2},"end":{"line":28,"column":3}},"8":{"start":{"line":16,"column":17},"end":{"line":16,"column":27}},"9":{"start":{"line":17,"column":4},"end":{"line":17,"column":32}},"10":{"start":{"line":18,"column":4},"end":{"line":18,"column":22}},"11":{"start":{"line":20,"column":4},"end":{"line":25,"column":7}},"12":{"start":{"line":27,"column":4},"end":{"line":27,"column":47}},"13":{"start":{"line":31,"column":0},"end":{"line":47,"column":2}},"14":{"start":{"line":32,"column":2},"end":{"line":46,"column":3}},"15":{"start":{"line":33,"column":19},"end":{"line":33,"column":22}},"16":{"start":{"line":34,"column":4},"end":{"line":34,"column":26}},"17":{"start":{"line":36,"column":4},"end":{"line":36,"column":22}},"18":{"start":{"line":38,"column":4},"end":{"line":43,"column":7}},"19":{"start":{"line":45,"column":4},"end":{"line":45,"column":47}},"20":{"start":{"line":49,"column":0},"end":{"line":65,"column":2}},"21":{"start":{"line":50,"column":2},"end":{"line":64,"column":3}},"22":{"start":{"line":51,"column":19},"end":{"line":51,"column":22}},"23":{"start":{"line":52,"column":4},"end":{"line":52,"column":27}},"24":{"start":{"line":54,"column":4},"end":{"line":54,"column":22}},"25":{"start":{"line":56,"column":4},"end":{"line":61,"column":7}},"26":{"start":{"line":63,"column":4},"end":{"line":63,"column":47}}},"fnMap":{"0":{"name":"(anonymous_0)","decl":{"start":{"line":4,"column":18},"end":{"line":4,"column":19}},"loc":{"start":{"line":4,"column":44},"end":{"line":12,"column":1}},"line":4},"1":{"name":"(anonymous_1)","decl":{"start":{"line":14,"column":19},"end":{"line":14,"column":20}},"loc":{"start":{"line":14,"column":45},"end":{"line":29,"column":1}},"line":14},"2":{"name":"(anonymous_2)","decl":{"start":{"line":31,"column":26},"end":{"line":31,"column":27}},"loc":{"start":{"line":31,"column":52},"end":{"line":47,"column":1}},"line":31},"3":{"name":"(anonymous_3)","decl":{"start":{"line":49,"column":28},"end":{"line":49,"column":29}},"loc":{"start":{"line":49,"column":54},"end":{"line":65,"column":1}},"line":49}},"branchMap":{},"s":{"0":4,"1":4,"2":4,"3":0,"4":0,"5":0,"6":4,"7":0,"8":0,"9":0,"10":0,"11":0,"12":0,"13":4,"14":0,"15":0,"16":0,"17":0,"18":0,"19":0,"20":4,"21":0,"22":0,"23":0,"24":0,"25":0,"26":0},"f":{"0":0,"1":0,"2":0,"3":0},"b":{},"_coverageSchema":"1a1c01bbd47fc00a2c39e90264f33305004495a9","hash":"30f8b88c7347223b6e87c9c9bd9a3c9a22a0d436"}
,"/home/manish/skynet/server/src/app/helium/middlewares/middlewares.js": {"path":"/home/manish/skynet/server/src/app/helium/middlewares/middlewares.js","statementMap":{"0":{"start":{"line":1,"column":17},"end":{"line":1,"column":36}},"1":{"start":{"line":2,"column":21},"end":{"line":2,"column":53}},"2":{"start":{"line":3,"column":18},"end":{"line":3,"column":47}},"3":{"start":{"line":4,"column":20},"end":{"line":4,"column":53}},"4":{"start":{"line":13,"column":0},"end":{"line":23,"column":3}},"5":{"start":{"line":14,"column":21},"end":{"line":14,"column":43}},"6":{"start":{"line":15,"column":19},"end":{"line":15,"column":55}},"7":{"start":{"line":16,"column":2},"end":{"line":20,"column":3}},"8":{"start":{"line":17,"column":4},"end":{"line":19,"column":8}},"9":{"start":{"line":21,"column":2},"end":{"line":21,"column":26}},"10":{"start":{"line":22,"column":2},"end":{"line":22,"column":9}},"11":{"start":{"line":34,"column":0},"end":{"line":34,"column":69}},"12":{"start":{"line":40,"column":0},"end":{"line":47,"column":3}},"13":{"start":{"line":41,"column":15},"end":{"line":41,"column":25}},"14":{"start":{"line":42,"column":14},"end":{"line":42,"column":37}},"15":{"start":{"line":43,"column":2},"end":{"line":45,"column":3}},"16":{"start":{"line":44,"column":4},"end":{"line":44,"column":76}},"17":{"start":{"line":46,"column":2},"end":{"line":46,"column":9}},"18":{"start":{"line":49,"column":0},"end":{"line":51,"column":3}},"19":{"start":{"line":50,"column":2},"end":{"line":50,"column":9}}},"fnMap":{"0":{"name":"(anonymous_0)","decl":{"start":{"line":13,"column":41},"end":{"line":13,"column":42}},"loc":{"start":{"line":13,"column":67},"end":{"line":23,"column":1}},"line":13},"1":{"name":"(anonymous_1)","decl":{"start":{"line":40,"column":39},"end":{"line":40,"column":40}},"loc":{"start":{"line":40,"column":65},"end":{"line":47,"column":1}},"line":40},"2":{"name":"(anonymous_2)","decl":{"start":{"line":49,"column":37},"end":{"line":49,"column":38}},"loc":{"start":{"line":49,"column":61},"end":{"line":51,"column":1}},"line":49}},"branchMap":{"0":{"loc":{"start":{"line":16,"column":2},"end":{"line":20,"column":3}},"type":"if","locations":[{"start":{"line":16,"column":2},"end":{"line":20,"column":3}},{"start":{"line":16,"column":2},"end":{"line":20,"column":3}}],"line":16},"1":{"loc":{"start":{"line":43,"column":2},"end":{"line":45,"column":3}},"type":"if","locations":[{"start":{"line":43,"column":2},"end":{"line":45,"column":3}},{"start":{"line":43,"column":2},"end":{"line":45,"column":3}}],"line":43}},"s":{"0":4,"1":4,"2":4,"3":4,"4":4,"5":0,"6":0,"7":0,"8":0,"9":0,"10":0,"11":4,"12":4,"13":0,"14":0,"15":0,"16":0,"17":0,"18":4,"19":0},"f":{"0":0,"1":0,"2":0},"b":{"0":[0,0],"1":[0,0]},"_coverageSchema":"1a1c01bbd47fc00a2c39e90264f33305004495a9","hash":"55b64bf7faad666160458c926102f2ce23aa064d"}
,"/home/manish/skynet/server/src/app/helium/models/question.js": {"path":"/home/manish/skynet/server/src/app/helium/models/question.js","statementMap":{"0":{"start":{"line":1,"column":17},"end":{"line":1,"column":36}},"1":{"start":{"line":3,"column":15},"end":{"line":9,"column":1}},"2":{"start":{"line":11,"column":13},"end":{"line":11,"column":67}},"3":{"start":{"line":12,"column":0},"end":{"line":12,"column":49}}},"fnMap":{},"branchMap":{},"s":{"0":4,"1":4,"2":4,"3":4},"f":{},"b":{},"_coverageSchema":"1a1c01bbd47fc00a2c39e90264f33305004495a9","hash":"6b1b9248c24ca5876c022376571190a16560964f"}
,"/home/manish/skynet/server/src/app/helium/models/quiz.js": {"path":"/home/manish/skynet/server/src/app/helium/models/quiz.js","statementMap":{"0":{"start":{"line":1,"column":17},"end":{"line":1,"column":36}},"1":{"start":{"line":3,"column":15},"end":{"line":8,"column":1}},"2":{"start":{"line":10,"column":13},"end":{"line":10,"column":67}},"3":{"start":{"line":11,"column":0},"end":{"line":11,"column":44}}},"fnMap":{},"branchMap":{},"s":{"0":4,"1":4,"2":4,"3":4},"f":{},"b":{},"_coverageSchema":"1a1c01bbd47fc00a2c39e90264f33305004495a9","hash":"70b1b0e6ef3eabf81afb195f836b4457431c23b7"}
,"/home/manish/skynet/server/src/app/helium/models/user.js": {"path":"/home/manish/skynet/server/src/app/helium/models/user.js","statementMap":{"0":{"start":{"line":1,"column":17},"end":{"line":1,"column":36}},"1":{"start":{"line":3,"column":15},"end":{"line":9,"column":1}},"2":{"start":{"line":11,"column":13},"end":{"line":11,"column":67}},"3":{"start":{"line":12,"column":0},"end":{"line":12,"column":45}}},"fnMap":{},"branchMap":{},"s":{"0":4,"1":4,"2":4,"3":4},"f":{},"b":{},"_coverageSchema":"1a1c01bbd47fc00a2c39e90264f33305004495a9","hash":"f278a435021b6be791278f2539cd71e582cf7d43"}
,"/home/manish/skynet/server/src/app/helium/routes/auth.js": {"path":"/home/manish/skynet/server/src/app/helium/routes/auth.js","statementMap":{"0":{"start":{"line":1,"column":19},"end":{"line":1,"column":49}},"1":{"start":{"line":2,"column":15},"end":{"line":2,"column":40}},"2":{"start":{"line":3,"column":19},"end":{"line":3,"column":56}},"3":{"start":{"line":5,"column":0},"end":{"line":36,"column":2}}},"fnMap":{},"branchMap":{},"s":{"0":4,"1":4,"2":4,"3":4},"f":{},"b":{},"_coverageSchema":"1a1c01bbd47fc00a2c39e90264f33305004495a9","hash":"5a5b6c382477f901fc37b47e0fc37fa0df5adae4"}
,"/home/manish/skynet/server/src/app/helium/routes/health.js": {"path":"/home/manish/skynet/server/src/app/helium/routes/health.js","statementMap":{"0":{"start":{"line":1,"column":25},"end":{"line":1,"column":57}},"1":{"start":{"line":3,"column":0},"end":{"line":9,"column":2}}},"fnMap":{},"branchMap":{},"s":{"0":4,"1":4},"f":{},"b":{},"_coverageSchema":"1a1c01bbd47fc00a2c39e90264f33305004495a9","hash":"95a903c3cd7b94358b978d51d6fb6f973d590dc3"}
,"/home/manish/skynet/server/src/app/helium/routes/index.js": {"path":"/home/manish/skynet/server/src/app/helium/routes/index.js","statementMap":{"0":{"start":{"line":1,"column":15},"end":{"line":1,"column":34}},"1":{"start":{"line":2,"column":13},"end":{"line":2,"column":30}},"2":{"start":{"line":3,"column":13},"end":{"line":3,"column":30}},"3":{"start":{"line":4,"column":18},"end":{"line":4,"column":39}},"4":{"start":{"line":6,"column":0},"end":{"line":19,"column":2}},"5":{"start":{"line":7,"column":15},"end":{"line":7,"column":17}},"6":{"start":{"line":9,"column":2},"end":{"line":9,"column":33}},"7":{"start":{"line":10,"column":2},"end":{"line":10,"column":31}},"8":{"start":{"line":11,"column":2},"end":{"line":11,"column":31}},"9":{"start":{"line":12,"column":2},"end":{"line":12,"column":36}},"10":{"start":{"line":14,"column":2},"end":{"line":16,"column":5}},"11":{"start":{"line":15,"column":4},"end":{"line":15,"column":34}},"12":{"start":{"line":18,"column":2},"end":{"line":18,"column":16}}},"fnMap":{"0":{"name":"(anonymous_0)","decl":{"start":{"line":6,"column":17},"end":{"line":6,"column":18}},"loc":{"start":{"line":6,"column":23},"end":{"line":19,"column":1}},"line":6},"1":{"name":"(anonymous_1)","decl":{"start":{"line":14,"column":17},"end":{"line":14,"column":18}},"loc":{"start":{"line":14,"column":24},"end":{"line":16,"column":3}},"line":14}},"branchMap":{},"s":{"0":4,"1":4,"2":4,"3":4,"4":4,"5":4,"6":4,"7":4,"8":4,"9":4,"10":4,"11":56,"12":4},"f":{"0":4,"1":56},"b":{},"_coverageSchema":"1a1c01bbd47fc00a2c39e90264f33305004495a9","hash":"d878a6c6d4330d8bafa9469c48a16aa24836b5d5"}
,"/home/manish/skynet/server/src/app/helium/routes/question.js": {"path":"/home/manish/skynet/server/src/app/helium/routes/question.js","statementMap":{"0":{"start":{"line":1,"column":19},"end":{"line":1,"column":53}},"1":{"start":{"line":2,"column":15},"end":{"line":2,"column":44}},"2":{"start":{"line":3,"column":19},"end":{"line":3,"column":56}},"3":{"start":{"line":5,"column":0},"end":{"line":41,"column":2}}},"fnMap":{},"branchMap":{},"s":{"0":4,"1":4,"2":4,"3":4},"f":{},"b":{},"_coverageSchema":"1a1c01bbd47fc00a2c39e90264f33305004495a9","hash":"c77b80a7b7bd9cb6ce5bf967a68afeaa312832e5"}
,"/home/manish/skynet/server/src/app/helium/routes/quiz.js": {"path":"/home/manish/skynet/server/src/app/helium/routes/quiz.js","statementMap":{"0":{"start":{"line":1,"column":23},"end":{"line":1,"column":53}},"1":{"start":{"line":2,"column":19},"end":{"line":2,"column":56}},"2":{"start":{"line":3,"column":15},"end":{"line":3,"column":40}},"3":{"start":{"line":5,"column":0},"end":{"line":34,"column":2}}},"fnMap":{},"branchMap":{},"s":{"0":4,"1":4,"2":4,"3":4},"f":{},"b":{},"_coverageSchema":"1a1c01bbd47fc00a2c39e90264f33305004495a9","hash":"7a2bd4f2dc6a3cf0c2baad1f74f144b6a474dd72"}
,"/home/manish/skynet/server/src/app/helium/schema/auth.js": {"path":"/home/manish/skynet/server/src/app/helium/schema/auth.js","statementMap":{"0":{"start":{"line":1,"column":14},"end":{"line":1,"column":34}},"1":{"start":{"line":3,"column":0},"end":{"line":33,"column":2}}},"fnMap":{},"branchMap":{},"s":{"0":4,"1":4},"f":{},"b":{},"_coverageSchema":"1a1c01bbd47fc00a2c39e90264f33305004495a9","hash":"1a309497f5aa250bcc8f8c4ea2444e527719d80f"}
,"/home/manish/skynet/server/src/app/helium/schema/question.js": {"path":"/home/manish/skynet/server/src/app/helium/schema/question.js","statementMap":{"0":{"start":{"line":1,"column":14},"end":{"line":1,"column":34}},"1":{"start":{"line":3,"column":0},"end":{"line":31,"column":2}}},"fnMap":{},"branchMap":{},"s":{"0":4,"1":4},"f":{},"b":{},"_coverageSchema":"1a1c01bbd47fc00a2c39e90264f33305004495a9","hash":"76b2f64936e594d01690308b9387cf97141b273e"}
,"/home/manish/skynet/server/src/app/helium/schema/quiz.js": {"path":"/home/manish/skynet/server/src/app/helium/schema/quiz.js","statementMap":{"0":{"start":{"line":1,"column":14},"end":{"line":1,"column":34}},"1":{"start":{"line":3,"column":0},"end":{"line":20,"column":2}}},"fnMap":{},"branchMap":{},"s":{"0":4,"1":4},"f":{},"b":{},"_coverageSchema":"1a1c01bbd47fc00a2c39e90264f33305004495a9","hash":"b9de06897e752057950bea4e30a270ec96b2c4fa"}
,"/home/manish/skynet/server/src/app/neon/controllers/health.js": {"path":"/home/manish/skynet/server/src/app/neon/controllers/health.js","statementMap":{"0":{"start":{"line":1,"column":0},"end":{"line":3,"column":2}},"1":{"start":{"line":2,"column":2},"end":{"line":2,"column":39}}},"fnMap":{"0":{"name":"(anonymous_0)","decl":{"start":{"line":1,"column":14},"end":{"line":1,"column":15}},"loc":{"start":{"line":1,"column":34},"end":{"line":3,"column":1}},"line":1}},"branchMap":{},"s":{"0":4,"1":0},"f":{"0":0},"b":{},"_coverageSchema":"1a1c01bbd47fc00a2c39e90264f33305004495a9","hash":"20ae036f9465d144e71734c99a1ee1129a48b633"}
,"/home/manish/skynet/server/src/app/neon/controllers/neon.js": {"path":"/home/manish/skynet/server/src/app/neon/controllers/neon.js","statementMap":{"0":{"start":{"line":1,"column":20},"end":{"line":1,"column":53}},"1":{"start":{"line":2,"column":14},"end":{"line":2,"column":39}},"2":{"start":{"line":3,"column":0},"end":{"line":9,"column":2}},"3":{"start":{"line":4,"column":15},"end":{"line":7,"column":3}},"4":{"start":{"line":8,"column":2},"end":{"line":8,"column":40}},"5":{"start":{"line":11,"column":0},"end":{"line":28,"column":2}},"6":{"start":{"line":12,"column":2},"end":{"line":27,"column":3}},"7":{"start":{"line":13,"column":16},"end":{"line":13,"column":29}},"8":{"start":{"line":14,"column":4},"end":{"line":23,"column":5}},"9":{"start":{"line":15,"column":6},"end":{"line":15,"column":43}},"10":{"start":{"line":16,"column":11},"end":{"line":23,"column":5}},"11":{"start":{"line":17,"column":23},"end":{"line":17,"column":54}},"12":{"start":{"line":18,"column":6},"end":{"line":22,"column":7}},"13":{"start":{"line":19,"column":8},"end":{"line":21,"column":11}},"14":{"start":{"line":24,"column":4},"end":{"line":24,"column":108}},"15":{"start":{"line":26,"column":4},"end":{"line":26,"column":47}}},"fnMap":{"0":{"name":"(anonymous_0)","decl":{"start":{"line":3,"column":18},"end":{"line":3,"column":19}},"loc":{"start":{"line":3,"column":44},"end":{"line":9,"column":1}},"line":3},"1":{"name":"(anonymous_1)","decl":{"start":{"line":11,"column":27},"end":{"line":11,"column":28}},"loc":{"start":{"line":11,"column":53},"end":{"line":28,"column":1}},"line":11}},"branchMap":{"0":{"loc":{"start":{"line":14,"column":4},"end":{"line":23,"column":5}},"type":"if","locations":[{"start":{"line":14,"column":4},"end":{"line":23,"column":5}},{"start":{"line":14,"column":4},"end":{"line":23,"column":5}}],"line":14},"1":{"loc":{"start":{"line":14,"column":8},"end":{"line":14,"column":56}},"type":"binary-expr","locations":[{"start":{"line":14,"column":8},"end":{"line":14,"column":31}},{"start":{"line":14,"column":35},"end":{"line":14,"column":56}}],"line":14},"2":{"loc":{"start":{"line":16,"column":11},"end":{"line":23,"column":5}},"type":"if","locations":[{"start":{"line":16,"column":11},"end":{"line":23,"column":5}},{"start":{"line":16,"column":11},"end":{"line":23,"column":5}}],"line":16},"3":{"loc":{"start":{"line":18,"column":6},"end":{"line":22,"column":7}},"type":"if","locations":[{"start":{"line":18,"column":6},"end":{"line":22,"column":7}},{"start":{"line":18,"column":6},"end":{"line":22,"column":7}}],"line":18}},"s":{"0":4,"1":4,"2":4,"3":0,"4":0,"5":4,"6":0,"7":0,"8":0,"9":0,"10":0,"11":0,"12":0,"13":0,"14":0,"15":0},"f":{"0":0,"1":0},"b":{"0":[0,0],"1":[0,0],"2":[0,0],"3":[0,0]},"_coverageSchema":"1a1c01bbd47fc00a2c39e90264f33305004495a9","hash":"3886594c0cfde978012ed05b74912a3b66a53114"}
,"/home/manish/skynet/server/src/app/neon/routes/health.js": {"path":"/home/manish/skynet/server/src/app/neon/routes/health.js","statementMap":{"0":{"start":{"line":1,"column":25},"end":{"line":1,"column":57}},"1":{"start":{"line":3,"column":0},"end":{"line":9,"column":2}}},"fnMap":{},"branchMap":{},"s":{"0":4,"1":4},"f":{},"b":{},"_coverageSchema":"1a1c01bbd47fc00a2c39e90264f33305004495a9","hash":"846ccc2e977ab17de48780ae7aea265275076b81"}
,"/home/manish/skynet/server/src/app/neon/routes/index.js": {"path":"/home/manish/skynet/server/src/app/neon/routes/index.js","statementMap":{"0":{"start":{"line":1,"column":15},"end":{"line":1,"column":34}},"1":{"start":{"line":2,"column":13},"end":{"line":2,"column":30}},"2":{"start":{"line":4,"column":0},"end":{"line":15,"column":2}},"3":{"start":{"line":5,"column":15},"end":{"line":5,"column":17}},"4":{"start":{"line":7,"column":2},"end":{"line":7,"column":33}},"5":{"start":{"line":8,"column":2},"end":{"line":8,"column":31}},"6":{"start":{"line":10,"column":2},"end":{"line":12,"column":5}},"7":{"start":{"line":11,"column":4},"end":{"line":11,"column":32}},"8":{"start":{"line":14,"column":2},"end":{"line":14,"column":16}}},"fnMap":{"0":{"name":"(anonymous_0)","decl":{"start":{"line":4,"column":17},"end":{"line":4,"column":18}},"loc":{"start":{"line":4,"column":23},"end":{"line":15,"column":1}},"line":4},"1":{"name":"(anonymous_1)","decl":{"start":{"line":10,"column":17},"end":{"line":10,"column":18}},"loc":{"start":{"line":10,"column":24},"end":{"line":12,"column":3}},"line":10}},"branchMap":{},"s":{"0":4,"1":4,"2":4,"3":4,"4":4,"5":4,"6":4,"7":12,"8":4},"f":{"0":4,"1":12},"b":{},"_coverageSchema":"1a1c01bbd47fc00a2c39e90264f33305004495a9","hash":"110f6cadc0aceae360ba95029d050caa2439a6d8"}
,"/home/manish/skynet/server/src/app/neon/routes/neon.js": {"path":"/home/manish/skynet/server/src/app/neon/routes/neon.js","statementMap":{"0":{"start":{"line":1,"column":19},"end":{"line":1,"column":49}},"1":{"start":{"line":2,"column":0},"end":{"line":13,"column":2}}},"fnMap":{},"branchMap":{},"s":{"0":4,"1":4},"f":{},"b":{},"_coverageSchema":"1a1c01bbd47fc00a2c39e90264f33305004495a9","hash":"ad5d9863b5201150730e951dc99866d6e36c9a04"}
,"/home/manish/skynet/server/src/app/neon/utils/utils.js": {"path":"/home/manish/skynet/server/src/app/neon/utils/utils.js","statementMap":{"0":{"start":{"line":1,"column":11},"end":{"line":1,"column":41}},"1":{"start":{"line":2,"column":13},"end":{"line":2,"column":33}},"2":{"start":{"line":4,"column":0},"end":{"line":9,"column":2}},"3":{"start":{"line":5,"column":2},"end":{"line":5,"column":72}},"4":{"start":{"line":6,"column":2},"end":{"line":7,"column":17}},"5":{"start":{"line":8,"column":2},"end":{"line":8,"column":13}},"6":{"start":{"line":10,"column":0},"end":{"line":17,"column":2}},"7":{"start":{"line":11,"column":15},"end":{"line":11,"column":36}},"8":{"start":{"line":12,"column":2},"end":{"line":16,"column":3}},"9":{"start":{"line":13,"column":4},"end":{"line":13,"column":16}},"10":{"start":{"line":15,"column":4},"end":{"line":15,"column":17}}},"fnMap":{"0":{"name":"(anonymous_0)","decl":{"start":{"line":4,"column":24},"end":{"line":4,"column":25}},"loc":{"start":{"line":4,"column":38},"end":{"line":9,"column":1}},"line":4},"1":{"name":"(anonymous_1)","decl":{"start":{"line":10,"column":25},"end":{"line":10,"column":26}},"loc":{"start":{"line":10,"column":40},"end":{"line":17,"column":1}},"line":10}},"branchMap":{"0":{"loc":{"start":{"line":12,"column":2},"end":{"line":16,"column":3}},"type":"if","locations":[{"start":{"line":12,"column":2},"end":{"line":16,"column":3}},{"start":{"line":12,"column":2},"end":{"line":16,"column":3}}],"line":12}},"s":{"0":4,"1":4,"2":4,"3":0,"4":0,"5":0,"6":4,"7":0,"8":0,"9":0,"10":0},"f":{"0":0,"1":0},"b":{"0":[0,0]},"_coverageSchema":"1a1c01bbd47fc00a2c39e90264f33305004495a9","hash":"f833422addd212eb64ab2c2b1f51f4cd4df1dd3e"}
,"/home/manish/skynet/server/src/config/db.js": {"path":"/home/manish/skynet/server/src/config/db.js","statementMap":{"0":{"start":{"line":1,"column":15},"end":{"line":1,"column":42}},"1":{"start":{"line":2,"column":17},"end":{"line":2,"column":36}},"2":{"start":{"line":3,"column":13},"end":{"line":3,"column":28}},"3":{"start":{"line":12,"column":4},"end":{"line":12,"column":15}},"4":{"start":{"line":16,"column":0},"end":{"line":20,"column":1}},"5":{"start":{"line":17,"column":2},"end":{"line":17,"column":139}},"6":{"start":{"line":19,"column":2},"end":{"line":19,"column":108}},"7":{"start":{"line":22,"column":0},"end":{"line":22,"column":17}},"8":{"start":{"line":24,"column":16},"end":{"line":28,"column":1}},"9":{"start":{"line":29,"column":0},"end":{"line":35,"column":7}},"10":{"start":{"line":31,"column":6},"end":{"line":31,"column":43}},"11":{"start":{"line":34,"column":6},"end":{"line":34,"column":40}},"12":{"start":{"line":38,"column":0},"end":{"line":38,"column":26}}},"fnMap":{"0":{"name":"(anonymous_0)","decl":{"start":{"line":30,"column":10},"end":{"line":30,"column":11}},"loc":{"start":{"line":30,"column":17},"end":{"line":32,"column":5}},"line":30},"1":{"name":"(anonymous_1)","decl":{"start":{"line":33,"column":11},"end":{"line":33,"column":12}},"loc":{"start":{"line":33,"column":22},"end":{"line":35,"column":5}},"line":33}},"branchMap":{"0":{"loc":{"start":{"line":16,"column":0},"end":{"line":20,"column":1}},"type":"if","locations":[{"start":{"line":16,"column":0},"end":{"line":20,"column":1}},{"start":{"line":16,"column":0},"end":{"line":20,"column":1}}],"line":16}},"s":{"0":4,"1":4,"2":4,"3":4,"4":4,"5":4,"6":0,"7":4,"8":4,"9":4,"10":2,"11":0,"12":4},"f":{"0":2,"1":0},"b":{"0":[4,0]},"_coverageSchema":"1a1c01bbd47fc00a2c39e90264f33305004495a9","hash":"03ec50b10d4f0df6b7b35037d261bf68d4e779ab"}
,"/home/manish/skynet/server/src/config/logger.js": {"path":"/home/manish/skynet/server/src/config/logger.js","statementMap":{"0":{"start":{"line":1,"column":16},"end":{"line":1,"column":34}},"1":{"start":{"line":3,"column":14},"end":{"line":3,"column":46}},"2":{"start":{"line":5,"column":22},"end":{"line":5,"column":75}},"3":{"start":{"line":7,"column":0},"end":{"line":9,"column":1}},"4":{"start":{"line":8,"column":2},"end":{"line":8,"column":44}},"5":{"start":{"line":12,"column":0},"end":{"line":29,"column":1}},"6":{"start":{"line":13,"column":2},"end":{"line":20,"column":5}},"7":{"start":{"line":22,"column":2},"end":{"line":28,"column":5}},"8":{"start":{"line":31,"column":0},"end":{"line":31,"column":23}},"9":{"start":{"line":32,"column":0},"end":{"line":32,"column":24}}},"fnMap":{},"branchMap":{"0":{"loc":{"start":{"line":3,"column":14},"end":{"line":3,"column":46}},"type":"binary-expr","locations":[{"start":{"line":3,"column":14},"end":{"line":3,"column":35}},{"start":{"line":3,"column":39},"end":{"line":3,"column":46}}],"line":3},"1":{"loc":{"start":{"line":7,"column":0},"end":{"line":9,"column":1}},"type":"if","locations":[{"start":{"line":7,"column":0},"end":{"line":9,"column":1}},{"start":{"line":7,"column":0},"end":{"line":9,"column":1}}],"line":7},"2":{"loc":{"start":{"line":12,"column":0},"end":{"line":29,"column":1}},"type":"if","locations":[{"start":{"line":12,"column":0},"end":{"line":29,"column":1}},{"start":{"line":12,"column":0},"end":{"line":29,"column":1}}],"line":12}},"s":{"0":4,"1":4,"2":4,"3":4,"4":0,"5":4,"6":0,"7":4,"8":4,"9":4},"f":{},"b":{"0":[4,4],"1":[0,4],"2":[0,4]},"_coverageSchema":"1a1c01bbd47fc00a2c39e90264f33305004495a9","hash":"2389e81ee546878503578c944930e094e1061eee"}
,"/home/manish/skynet/server/src/config/passport.js": {"path":"/home/manish/skynet/server/src/config/passport.js","statementMap":{"0":{"start":{"line":1,"column":17},"end":{"line":1,"column":36}},"1":{"start":{"line":3,"column":20},"end":{"line":3,"column":43}},"2":{"start":{"line":5,"column":19},"end":{"line":5,"column":45}},"3":{"start":{"line":6,"column":20},"end":{"line":6,"column":47}},"4":{"start":{"line":7,"column":13},"end":{"line":7,"column":48}},"5":{"start":{"line":9,"column":20},"end":{"line":9,"column":40}},"6":{"start":{"line":10,"column":19},"end":{"line":10,"column":41}},"7":{"start":{"line":12,"column":0},"end":{"line":33,"column":2}},"8":{"start":{"line":13,"column":2},"end":{"line":32,"column":3}},"9":{"start":{"line":14,"column":4},"end":{"line":16,"column":5}},"10":{"start":{"line":15,"column":6},"end":{"line":15,"column":68}},"11":{"start":{"line":18,"column":15},"end":{"line":18,"column":33}},"12":{"start":{"line":19,"column":17},"end":{"line":19,"column":40}},"13":{"start":{"line":21,"column":4},"end":{"line":23,"column":5}},"14":{"start":{"line":22,"column":6},"end":{"line":22,"column":68}},"15":{"start":{"line":25,"column":4},"end":{"line":25,"column":28}},"16":{"start":{"line":27,"column":4},"end":{"line":31,"column":12}},"17":{"start":{"line":34,"column":0},"end":{"line":37,"column":33}}},"fnMap":{"0":{"name":"(anonymous_0)","decl":{"start":{"line":12,"column":30},"end":{"line":12,"column":31}},"loc":{"start":{"line":12,"column":58},"end":{"line":33,"column":1}},"line":12}},"branchMap":{"0":{"loc":{"start":{"line":14,"column":4},"end":{"line":16,"column":5}},"type":"if","locations":[{"start":{"line":14,"column":4},"end":{"line":16,"column":5}},{"start":{"line":14,"column":4},"end":{"line":16,"column":5}}],"line":14},"1":{"loc":{"start":{"line":21,"column":4},"end":{"line":23,"column":5}},"type":"if","locations":[{"start":{"line":21,"column":4},"end":{"line":23,"column":5}},{"start":{"line":21,"column":4},"end":{"line":23,"column":5}}],"line":21}},"s":{"0":4,"1":4,"2":4,"3":4,"4":4,"5":4,"6":4,"7":4,"8":0,"9":0,"10":0,"11":0,"12":0,"13":0,"14":0,"15":0,"16":0,"17":4},"f":{"0":0},"b":{"0":[0,0],"1":[0,0]},"_coverageSchema":"1a1c01bbd47fc00a2c39e90264f33305004495a9","hash":"c5b1ebe1f30616eb13bd65fb40503d519d60a1df"}
,"/home/manish/skynet/server/src/errors/app.js": {"path":"/home/manish/skynet/server/src/errors/app.js","statementMap":{"0":{"start":{"line":7,"column":0},"end":{"line":29,"column":2}},"1":{"start":{"line":18,"column":4},"end":{"line":18,"column":19}},"2":{"start":{"line":21,"column":4},"end":{"line":21,"column":38}},"3":{"start":{"line":24,"column":4},"end":{"line":24,"column":52}},"4":{"start":{"line":26,"column":4},"end":{"line":26,"column":40}},"5":{"start":{"line":27,"column":4},"end":{"line":27,"column":23}}},"fnMap":{"0":{"name":"(anonymous_0)","decl":{"start":{"line":16,"column":2},"end":{"line":16,"column":3}},"loc":{"start":{"line":16,"column":44},"end":{"line":28,"column":3}},"line":16}},"branchMap":{"0":{"loc":{"start":{"line":26,"column":22},"end":{"line":26,"column":39}},"type":"binary-expr","locations":[{"start":{"line":26,"column":22},"end":{"line":26,"column":32}},{"start":{"line":26,"column":36},"end":{"line":26,"column":39}}],"line":26}},"s":{"0":4,"1":5,"2":5,"3":5,"4":5,"5":5},"f":{"0":5},"b":{"0":[5,0]},"_coverageSchema":"1a1c01bbd47fc00a2c39e90264f33305004495a9","hash":"3bba5b273c22f172ac89296a3d8f1cb49b6cdc0a"}
,"/home/manish/skynet/server/src/errors/client.js": {"path":"/home/manish/skynet/server/src/errors/client.js","statementMap":{"0":{"start":{"line":1,"column":17},"end":{"line":1,"column":33}},"1":{"start":{"line":8,"column":0},"end":{"line":21,"column":2}},"2":{"start":{"line":18,"column":19},"end":{"line":18,"column":36}},"3":{"start":{"line":19,"column":4},"end":{"line":19,"column":64}}},"fnMap":{"0":{"name":"(anonymous_0)","decl":{"start":{"line":17,"column":2},"end":{"line":17,"column":3}},"loc":{"start":{"line":17,"column":44},"end":{"line":20,"column":3}},"line":17}},"branchMap":{"0":{"loc":{"start":{"line":18,"column":19},"end":{"line":18,"column":36}},"type":"binary-expr","locations":[{"start":{"line":18,"column":19},"end":{"line":18,"column":29}},{"start":{"line":18,"column":33},"end":{"line":18,"column":36}}],"line":18}},"s":{"0":4,"1":4,"2":5,"3":5},"f":{"0":5},"b":{"0":[5,5]},"_coverageSchema":"1a1c01bbd47fc00a2c39e90264f33305004495a9","hash":"404480fe8512685eb6f8d96abb61fb33db21ff96"}
,"/home/manish/skynet/server/src/errors/index.js": {"path":"/home/manish/skynet/server/src/errors/index.js","statementMap":{"0":{"start":{"line":1,"column":12},"end":{"line":1,"column":28}},"1":{"start":{"line":2,"column":14},"end":{"line":2,"column":32}},"2":{"start":{"line":3,"column":15},"end":{"line":3,"column":34}},"3":{"start":{"line":4,"column":15},"end":{"line":4,"column":34}},"4":{"start":{"line":6,"column":0},"end":{"line":11,"column":2}}},"fnMap":{},"branchMap":{},"s":{"0":4,"1":4,"2":4,"3":4,"4":4},"f":{},"b":{},"_coverageSchema":"1a1c01bbd47fc00a2c39e90264f33305004495a9","hash":"b32d6b91676d513deb3647d5d7d2091b3d9e9261"}
,"/home/manish/skynet/server/src/errors/server.js": {"path":"/home/manish/skynet/server/src/errors/server.js","statementMap":{"0":{"start":{"line":1,"column":17},"end":{"line":1,"column":33}},"1":{"start":{"line":8,"column":0},"end":{"line":26,"column":2}},"2":{"start":{"line":18,"column":27},"end":{"line":20,"column":53}},"3":{"start":{"line":21,"column":19},"end":{"line":21,"column":36}},"4":{"start":{"line":22,"column":4},"end":{"line":24,"column":6}}},"fnMap":{"0":{"name":"(anonymous_0)","decl":{"start":{"line":17,"column":2},"end":{"line":17,"column":3}},"loc":{"start":{"line":17,"column":44},"end":{"line":25,"column":3}},"line":17}},"branchMap":{"0":{"loc":{"start":{"line":18,"column":27},"end":{"line":20,"column":53}},"type":"binary-expr","locations":[{"start":{"line":18,"column":27},"end":{"line":18,"column":34}},{"start":{"line":19,"column":8},"end":{"line":20,"column":53}}],"line":18},"1":{"loc":{"start":{"line":21,"column":19},"end":{"line":21,"column":36}},"type":"binary-expr","locations":[{"start":{"line":21,"column":19},"end":{"line":21,"column":29}},{"start":{"line":21,"column":33},"end":{"line":21,"column":36}}],"line":21}},"s":{"0":4,"1":4,"2":0,"3":0,"4":0},"f":{"0":0},"b":{"0":[0,0],"1":[0,0]},"_coverageSchema":"1a1c01bbd47fc00a2c39e90264f33305004495a9","hash":"a6a35fad357ea7f8dcab4dbc6492d62cdc518952"}
,"/home/manish/skynet/server/src/errors/token.js": {"path":"/home/manish/skynet/server/src/errors/token.js","statementMap":{"0":{"start":{"line":1,"column":20},"end":{"line":1,"column":39}},"1":{"start":{"line":8,"column":0},"end":{"line":21,"column":2}},"2":{"start":{"line":17,"column":23},"end":{"line":17,"column":26}},"3":{"start":{"line":18,"column":27},"end":{"line":18,"column":78}},"4":{"start":{"line":19,"column":4},"end":{"line":19,"column":75}}},"fnMap":{"0":{"name":"(anonymous_0)","decl":{"start":{"line":15,"column":2},"end":{"line":15,"column":3}},"loc":{"start":{"line":15,"column":32},"end":{"line":20,"column":3}},"line":15}},"branchMap":{"0":{"loc":{"start":{"line":18,"column":27},"end":{"line":18,"column":78}},"type":"binary-expr","locations":[{"start":{"line":18,"column":27},"end":{"line":18,"column":34}},{"start":{"line":18,"column":38},"end":{"line":18,"column":78}}],"line":18}},"s":{"0":4,"1":4,"2":0,"3":0,"4":0},"f":{"0":0},"b":{"0":[0,0]},"_coverageSchema":"1a1c01bbd47fc00a2c39e90264f33305004495a9","hash":"de801ec5ebaabd4aa9d24fdb80307ffa0600ab25"}
,"/home/manish/skynet/server/src/utils/auth_utils.js": {"path":"/home/manish/skynet/server/src/utils/auth_utils.js","statementMap":{"0":{"start":{"line":1,"column":12},"end":{"line":1,"column":35}},"1":{"start":{"line":2,"column":15},"end":{"line":2,"column":32}},"2":{"start":{"line":4,"column":18},"end":{"line":4,"column":40}},"3":{"start":{"line":5,"column":19},"end":{"line":5,"column":47}},"4":{"start":{"line":14,"column":16},"end":{"line":22,"column":1}},"5":{"start":{"line":15,"column":18},"end":{"line":17,"column":3}},"6":{"start":{"line":18,"column":2},"end":{"line":20,"column":3}},"7":{"start":{"line":19,"column":4},"end":{"line":19,"column":25}},"8":{"start":{"line":21,"column":2},"end":{"line":21,"column":39}},"9":{"start":{"line":24,"column":0},"end":{"line":24,"column":26}},"10":{"start":{"line":26,"column":0},"end":{"line":26,"column":73}},"11":{"start":{"line":26,"column":43},"end":{"line":26,"column":72}},"12":{"start":{"line":36,"column":2},"end":{"line":36,"column":56}},"13":{"start":{"line":39,"column":0},"end":{"line":39,"column":52}},"14":{"start":{"line":50,"column":14},"end":{"line":50,"column":18}},"15":{"start":{"line":51,"column":2},"end":{"line":58,"column":3}},"16":{"start":{"line":53,"column":4},"end":{"line":53,"column":53}},"17":{"start":{"line":54,"column":9},"end":{"line":58,"column":3}},"18":{"start":{"line":55,"column":4},"end":{"line":55,"column":28}},"19":{"start":{"line":56,"column":9},"end":{"line":58,"column":3}},"20":{"start":{"line":57,"column":4},"end":{"line":57,"column":40}},"21":{"start":{"line":59,"column":2},"end":{"line":59,"column":15}},"22":{"start":{"line":62,"column":0},"end":{"line":62,"column":48}},"23":{"start":{"line":69,"column":0},"end":{"line":72,"column":2}},"24":{"start":{"line":70,"column":15},"end":{"line":70,"column":47}},"25":{"start":{"line":71,"column":2},"end":{"line":71,"column":43}}},"fnMap":{"0":{"name":"(anonymous_0)","decl":{"start":{"line":14,"column":16},"end":{"line":14,"column":17}},"loc":{"start":{"line":14,"column":46},"end":{"line":22,"column":1}},"line":14},"1":{"name":"(anonymous_1)","decl":{"start":{"line":26,"column":20},"end":{"line":26,"column":21}},"loc":{"start":{"line":26,"column":43},"end":{"line":26,"column":72}},"line":26},"2":{"name":"getJwtExpirationTime","decl":{"start":{"line":35,"column":9},"end":{"line":35,"column":29}},"loc":{"start":{"line":35,"column":32},"end":{"line":37,"column":1}},"line":35},"3":{"name":"extractAccessToken","decl":{"start":{"line":49,"column":9},"end":{"line":49,"column":27}},"loc":{"start":{"line":49,"column":33},"end":{"line":60,"column":1}},"line":49},"4":{"name":"(anonymous_4)","decl":{"start":{"line":69,"column":26},"end":{"line":69,"column":27}},"loc":{"start":{"line":69,"column":46},"end":{"line":72,"column":1}},"line":69}},"branchMap":{"0":{"loc":{"start":{"line":18,"column":2},"end":{"line":20,"column":3}},"type":"if","locations":[{"start":{"line":18,"column":2},"end":{"line":20,"column":3}},{"start":{"line":18,"column":2},"end":{"line":20,"column":3}}],"line":18},"1":{"loc":{"start":{"line":51,"column":2},"end":{"line":58,"column":3}},"type":"if","locations":[{"start":{"line":51,"column":2},"end":{"line":58,"column":3}},{"start":{"line":51,"column":2},"end":{"line":58,"column":3}}],"line":51},"2":{"loc":{"start":{"line":51,"column":6},"end":{"line":52,"column":60}},"type":"binary-expr","locations":[{"start":{"line":51,"column":6},"end":{"line":51,"column":31}},{"start":{"line":52,"column":8},"end":{"line":52,"column":60}}],"line":51},"3":{"loc":{"start":{"line":54,"column":9},"end":{"line":58,"column":3}},"type":"if","locations":[{"start":{"line":54,"column":9},"end":{"line":58,"column":3}},{"start":{"line":54,"column":9},"end":{"line":58,"column":3}}],"line":54},"4":{"loc":{"start":{"line":54,"column":13},"end":{"line":54,"column":41}},"type":"binary-expr","locations":[{"start":{"line":54,"column":13},"end":{"line":54,"column":22}},{"start":{"line":54,"column":26},"end":{"line":54,"column":41}}],"line":54},"5":{"loc":{"start":{"line":56,"column":9},"end":{"line":58,"column":3}},"type":"if","locations":[{"start":{"line":56,"column":9},"end":{"line":58,"column":3}},{"start":{"line":56,"column":9},"end":{"line":58,"column":3}}],"line":56},"6":{"loc":{"start":{"line":56,"column":13},"end":{"line":56,"column":55}},"type":"binary-expr","locations":[{"start":{"line":56,"column":13},"end":{"line":56,"column":24}},{"start":{"line":56,"column":28},"end":{"line":56,"column":55}}],"line":56}},"s":{"0":4,"1":4,"2":4,"3":4,"4":4,"5":2,"6":2,"7":2,"8":2,"9":4,"10":4,"11":0,"12":2,"13":4,"14":0,"15":0,"16":0,"17":0,"18":0,"19":0,"20":0,"21":0,"22":4,"23":4,"24":6,"25":6},"f":{"0":2,"1":0,"2":2,"3":0,"4":6},"b":{"0":[2,0],"1":[0,0],"2":[0,0],"3":[0,0],"4":[0,0],"5":[0,0],"6":[0,0]},"_coverageSchema":"1a1c01bbd47fc00a2c39e90264f33305004495a9","hash":"d6ffc2a0354ea34495b3748cfe7204b1bfb32622"}
,"/home/manish/skynet/server/src/utils/constants.js": {"path":"/home/manish/skynet/server/src/utils/constants.js","statementMap":{"0":{"start":{"line":1,"column":27},"end":{"line":1,"column":29}},"1":{"start":{"line":2,"column":20},"end":{"line":2,"column":45}},"2":{"start":{"line":3,"column":29},"end":{"line":3,"column":56}},"3":{"start":{"line":4,"column":34},"end":{"line":4,"column":55}},"4":{"start":{"line":6,"column":0},"end":{"line":11,"column":2}}},"fnMap":{},"branchMap":{},"s":{"0":4,"1":4,"2":4,"3":4,"4":4},"f":{},"b":{},"_coverageSchema":"1a1c01bbd47fc00a2c39e90264f33305004495a9","hash":"c62f5d3ebb668c3cd7f00a77d4d4f32ebf68165a"}
,"/home/manish/skynet/server/src/utils/controller_utils.js": {"path":"/home/manish/skynet/server/src/utils/controller_utils.js","statementMap":{"0":{"start":{"line":1,"column":20},"end":{"line":1,"column":42}},"1":{"start":{"line":15,"column":0},"end":{"line":33,"column":2}},"2":{"start":{"line":16,"column":16},"end":{"line":16,"column":34}},"3":{"start":{"line":17,"column":17},"end":{"line":17,"column":35}},"4":{"start":{"line":18,"column":19},"end":{"line":24,"column":3}},"5":{"start":{"line":27,"column":2},"end":{"line":31,"column":3}},"6":{"start":{"line":28,"column":21},"end":{"line":28,"column":45}},"7":{"start":{"line":29,"column":4},"end":{"line":29,"column":49}},"8":{"start":{"line":30,"column":4},"end":{"line":30,"column":69}},"9":{"start":{"line":32,"column":2},"end":{"line":32,"column":18}}},"fnMap":{"0":{"name":"(anonymous_0)","decl":{"start":{"line":15,"column":31},"end":{"line":15,"column":32}},"loc":{"start":{"line":15,"column":75},"end":{"line":33,"column":1}},"line":15}},"branchMap":{"0":{"loc":{"start":{"line":16,"column":16},"end":{"line":16,"column":34}},"type":"binary-expr","locations":[{"start":{"line":16,"column":16},"end":{"line":16,"column":28}},{"start":{"line":16,"column":32},"end":{"line":16,"column":34}}],"line":16},"1":{"loc":{"start":{"line":17,"column":17},"end":{"line":17,"column":35}},"type":"binary-expr","locations":[{"start":{"line":17,"column":17},"end":{"line":17,"column":30}},{"start":{"line":17,"column":34},"end":{"line":17,"column":35}}],"line":17},"2":{"loc":{"start":{"line":27,"column":2},"end":{"line":31,"column":3}},"type":"if","locations":[{"start":{"line":27,"column":2},"end":{"line":31,"column":3}},{"start":{"line":27,"column":2},"end":{"line":31,"column":3}}],"line":27}},"s":{"0":4,"1":4,"2":0,"3":0,"4":0,"5":0,"6":0,"7":0,"8":0,"9":0},"f":{"0":0},"b":{"0":[0,0],"1":[0,0],"2":[0,0]},"_coverageSchema":"1a1c01bbd47fc00a2c39e90264f33305004495a9","hash":"b7c9db5413e75c04e004d8b6f6759cdc3e71f7d2"}
,"/home/manish/skynet/server/src/utils/utils.js": {"path":"/home/manish/skynet/server/src/utils/utils.js","statementMap":{"0":{"start":{"line":1,"column":0},"end":{"line":2,"column":78}},"1":{"start":{"line":2,"column":15},"end":{"line":2,"column":77}},"2":{"start":{"line":2,"column":46},"end":{"line":2,"column":76}}},"fnMap":{"0":{"name":"(anonymous_0)","decl":{"start":{"line":2,"column":4},"end":{"line":2,"column":5}},"loc":{"start":{"line":2,"column":15},"end":{"line":2,"column":77}},"line":2},"1":{"name":"(anonymous_1)","decl":{"start":{"line":2,"column":28},"end":{"line":2,"column":29}},"loc":{"start":{"line":2,"column":46},"end":{"line":2,"column":76}},"line":2}},"branchMap":{},"s":{"0":4,"1":1,"2":1},"f":{"0":1,"1":1},"b":{},"_coverageSchema":"1a1c01bbd47fc00a2c39e90264f33305004495a9","hash":"c6a77eaebb10385a6053353ae2fb99804e853edd"}
}
