{"/home/piyush/myApp/server/app.js": {"path":"/home/piyush/myApp/server/app.js","statementMap":{"0":{"start":{"line":1,"column":20},"end":{"line":1,"column":42}},"1":{"start":{"line":2,"column":16},"end":{"line":2,"column":34}},"2":{"start":{"line":3,"column":13},"end":{"line":3,"column":28}},"3":{"start":{"line":4,"column":21},"end":{"line":4,"column":45}},"4":{"start":{"line":5,"column":15},"end":{"line":5,"column":32}},"5":{"start":{"line":6,"column":19},"end":{"line":6,"column":41}},"6":{"start":{"line":7,"column":22},"end":{"line":7,"column":42}},"7":{"start":{"line":8,"column":15},"end":{"line":8,"column":45}},"8":{"start":{"line":9,"column":13},"end":{"line":9,"column":28}},"9":{"start":{"line":10,"column":13},"end":{"line":10,"column":28}},"10":{"start":{"line":11,"column":0},"end":{"line":11,"column":27}},"11":{"start":{"line":12,"column":0},"end":{"line":12,"column":33}},"12":{"start":{"line":14,"column":17},"end":{"line":14,"column":44}},"13":{"start":{"line":15,"column":20},"end":{"line":15,"column":50}},"14":{"start":{"line":17,"column":12},"end":{"line":17,"column":21}},"15":{"start":{"line":21,"column":0},"end":{"line":21,"column":48}},"16":{"start":{"line":22,"column":0},"end":{"line":22,"column":30}},"17":{"start":{"line":24,"column":0},"end":{"line":24,"column":16}},"18":{"start":{"line":25,"column":0},"end":{"line":25,"column":24}},"19":{"start":{"line":26,"column":0},"end":{"line":26,"column":47}},"20":{"start":{"line":27,"column":0},"end":{"line":27,"column":24}},"21":{"start":{"line":28,"column":0},"end":{"line":28,"column":56}},"22":{"start":{"line":31,"column":26},"end":{"line":31,"column":46}},"23":{"start":{"line":33,"column":0},"end":{"line":37,"column":2}},"24":{"start":{"line":35,"column":4},"end":{"line":35,"column":25}},"25":{"start":{"line":39,"column":0},"end":{"line":39,"column":49}},"26":{"start":{"line":39,"column":41},"end":{"line":39,"column":47}},"27":{"start":{"line":42,"column":0},"end":{"line":58,"column":1}},"28":{"start":{"line":43,"column":2},"end":{"line":43,"column":28}},"29":{"start":{"line":45,"column":2},"end":{"line":57,"column":5}},"30":{"start":{"line":60,"column":0},"end":{"line":60,"column":55}},"31":{"start":{"line":62,"column":0},"end":{"line":62,"column":23}},"32":{"start":{"line":64,"column":0},"end":{"line":66,"column":3}},"33":{"start":{"line":65,"column":2},"end":{"line":65,"column":29}},"34":{"start":{"line":67,"column":25},"end":{"line":72,"column":2}},"35":{"start":{"line":67,"column":51},"end":{"line":72,"column":1}},"36":{"start":{"line":75,"column":0},"end":{"line":115,"column":3}},"37":{"start":{"line":76,"column":2},"end":{"line":76,"column":20}},"38":{"start":{"line":77,"column":2},"end":{"line":77,"column":34}},"39":{"start":{"line":78,"column":2},"end":{"line":78,"column":26}},"40":{"start":{"line":80,"column":2},"end":{"line":114,"column":3}},"41":{"start":{"line":81,"column":4},"end":{"line":85,"column":5}},"42":{"start":{"line":82,"column":6},"end":{"line":82,"column":61}},"43":{"start":{"line":84,"column":6},"end":{"line":84,"column":59}},"44":{"start":{"line":86,"column":9},"end":{"line":114,"column":3}},"45":{"start":{"line":87,"column":4},"end":{"line":90,"column":7}},"46":{"start":{"line":91,"column":9},"end":{"line":114,"column":3}},"47":{"start":{"line":92,"column":4},"end":{"line":105,"column":5}},"48":{"start":{"line":93,"column":6},"end":{"line":97,"column":9}},"49":{"start":{"line":101,"column":6},"end":{"line":104,"column":9}},"50":{"start":{"line":108,"column":4},"end":{"line":113,"column":11}},"51":{"start":{"line":117,"column":0},"end":{"line":117,"column":21}}},"fnMap":{"0":{"name":"(anonymous_0)","decl":{"start":{"line":34,"column":2},"end":{"line":34,"column":3}},"loc":{"start":{"line":34,"column":27},"end":{"line":36,"column":3}},"line":34},"1":{"name":"(anonymous_1)","decl":{"start":{"line":39,"column":27},"end":{"line":39,"column":28}},"loc":{"start":{"line":39,"column":41},"end":{"line":39,"column":47}},"line":39},"2":{"name":"(anonymous_2)","decl":{"start":{"line":64,"column":8},"end":{"line":64,"column":9}},"loc":{"start":{"line":64,"column":28},"end":{"line":66,"column":1}},"line":64},"3":{"name":"(anonymous_3)","decl":{"start":{"line":67,"column":25},"end":{"line":67,"column":26}},"loc":{"start":{"line":67,"column":51},"end":{"line":72,"column":1}},"line":67},"4":{"name":"(anonymous_4)","decl":{"start":{"line":75,"column":8},"end":{"line":75,"column":9}},"loc":{"start":{"line":75,"column":33},"end":{"line":115,"column":1}},"line":75}},"branchMap":{"0":{"loc":{"start":{"line":42,"column":0},"end":{"line":58,"column":1}},"type":"if","locations":[{"start":{"line":42,"column":0},"end":{"line":58,"column":1}},{"start":{"line":42,"column":0},"end":{"line":58,"column":1}}],"line":42},"1":{"loc":{"start":{"line":80,"column":2},"end":{"line":114,"column":3}},"type":"if","locations":[{"start":{"line":80,"column":2},"end":{"line":114,"column":3}},{"start":{"line":80,"column":2},"end":{"line":114,"column":3}}],"line":80},"2":{"loc":{"start":{"line":81,"column":4},"end":{"line":85,"column":5}},"type":"if","locations":[{"start":{"line":81,"column":4},"end":{"line":85,"column":5}},{"start":{"line":81,"column":4},"end":{"line":85,"column":5}}],"line":81},"3":{"loc":{"start":{"line":81,"column":8},"end":{"line":81,"column":53}},"type":"binary-expr","locations":[{"start":{"line":81,"column":8},"end":{"line":81,"column":23}},{"start":{"line":81,"column":27},"end":{"line":81,"column":53}}],"line":81},"4":{"loc":{"start":{"line":86,"column":9},"end":{"line":114,"column":3}},"type":"if","locations":[{"start":{"line":86,"column":9},"end":{"line":114,"column":3}},{"start":{"line":86,"column":9},"end":{"line":114,"column":3}}],"line":86},"5":{"loc":{"start":{"line":91,"column":9},"end":{"line":114,"column":3}},"type":"if","locations":[{"start":{"line":91,"column":9},"end":{"line":114,"column":3}},{"start":{"line":91,"column":9},"end":{"line":114,"column":3}}],"line":91},"6":{"loc":{"start":{"line":92,"column":4},"end":{"line":105,"column":5}},"type":"if","locations":[{"start":{"line":92,"column":4},"end":{"line":105,"column":5}},{"start":{"line":92,"column":4},"end":{"line":105,"column":5}}],"line":92}},"s":{"0":4,"1":4,"2":4,"3":4,"4":4,"5":4,"6":4,"7":4,"8":4,"9":4,"10":4,"11":4,"12":4,"13":4,"14":4,"15":4,"16":4,"17":4,"18":4,"19":4,"20":4,"21":4,"22":4,"23":4,"24":9,"25":4,"26":0,"27":4,"28":4,"29":0,"30":4,"31":4,"32":4,"33":1,"34":4,"35":2,"36":4,"37":2,"38":2,"39":2,"40":2,"41":0,"42":0,"43":0,"44":2,"45":0,"46":2,"47":2,"48":0,"49":2,"50":0,"51":4},"f":{"0":9,"1":0,"2":1,"3":2,"4":2},"b":{"0":[4,0],"1":[0,2],"2":[0,0],"3":[0,0],"4":[0,2],"5":[2,0],"6":[0,2]},"_coverageSchema":"1a1c01bbd47fc00a2c39e90264f33305004495a9","hash":"37ab4e30f6ee31b9510820cd01289b497c6a4dec"}
,"/home/piyush/myApp/server/src/app/index.js": {"path":"/home/piyush/myApp/server/src/app/index.js","statementMap":{"0":{"start":{"line":1,"column":21},"end":{"line":1,"column":53}},"1":{"start":{"line":2,"column":20},"end":{"line":2,"column":40}},"2":{"start":{"line":3,"column":20},"end":{"line":3,"column":47}},"3":{"start":{"line":4,"column":21},"end":{"line":4,"column":49}},"4":{"start":{"line":5,"column":19},"end":{"line":5,"column":45}},"5":{"start":{"line":6,"column":20},"end":{"line":6,"column":47}},"6":{"start":{"line":8,"column":0},"end":{"line":30,"column":2}},"7":{"start":{"line":9,"column":15},"end":{"line":9,"column":17}},"8":{"start":{"line":11,"column":2},"end":{"line":11,"column":38}},"9":{"start":{"line":12,"column":2},"end":{"line":12,"column":39}},"10":{"start":{"line":13,"column":2},"end":{"line":13,"column":37}},"11":{"start":{"line":14,"column":2},"end":{"line":14,"column":38}},"12":{"start":{"line":16,"column":2},"end":{"line":29,"column":5}},"13":{"start":{"line":17,"column":17},"end":{"line":17,"column":19}},"14":{"start":{"line":18,"column":4},"end":{"line":18,"column":23}},"15":{"start":{"line":19,"column":4},"end":{"line":21,"column":5}},"16":{"start":{"line":20,"column":6},"end":{"line":20,"column":48}},"17":{"start":{"line":22,"column":4},"end":{"line":24,"column":5}},"18":{"start":{"line":23,"column":6},"end":{"line":23,"column":49}},"19":{"start":{"line":23,"column":35},"end":{"line":23,"column":47}},"20":{"start":{"line":25,"column":4},"end":{"line":27,"column":5}},"21":{"start":{"line":26,"column":6},"end":{"line":26,"column":44}},"22":{"start":{"line":28,"column":4},"end":{"line":28,"column":27}}},"fnMap":{"0":{"name":"(anonymous_0)","decl":{"start":{"line":8,"column":17},"end":{"line":8,"column":18}},"loc":{"start":{"line":8,"column":26},"end":{"line":30,"column":1}},"line":8},"1":{"name":"(anonymous_1)","decl":{"start":{"line":16,"column":17},"end":{"line":16,"column":18}},"loc":{"start":{"line":16,"column":24},"end":{"line":29,"column":3}},"line":16},"2":{"name":"(anonymous_2)","decl":{"start":{"line":23,"column":28},"end":{"line":23,"column":29}},"loc":{"start":{"line":23,"column":35},"end":{"line":23,"column":47}},"line":23}},"branchMap":{"0":{"loc":{"start":{"line":19,"column":4},"end":{"line":21,"column":5}},"type":"if","locations":[{"start":{"line":19,"column":4},"end":{"line":21,"column":5}},{"start":{"line":19,"column":4},"end":{"line":21,"column":5}}],"line":19},"1":{"loc":{"start":{"line":22,"column":4},"end":{"line":24,"column":5}},"type":"if","locations":[{"start":{"line":22,"column":4},"end":{"line":24,"column":5}},{"start":{"line":22,"column":4},"end":{"line":24,"column":5}}],"line":22},"2":{"loc":{"start":{"line":22,"column":8},"end":{"line":22,"column":49}},"type":"binary-expr","locations":[{"start":{"line":22,"column":8},"end":{"line":22,"column":21}},{"start":{"line":22,"column":25},"end":{"line":22,"column":49}}],"line":22},"3":{"loc":{"start":{"line":25,"column":4},"end":{"line":27,"column":5}},"type":"if","locations":[{"start":{"line":25,"column":4},"end":{"line":27,"column":5}},{"start":{"line":25,"column":4},"end":{"line":27,"column":5}}],"line":25}},"s":{"0":4,"1":4,"2":4,"3":4,"4":4,"5":4,"6":4,"7":4,"8":4,"9":4,"10":4,"11":4,"12":4,"13":128,"14":128,"15":128,"16":92,"17":128,"18":60,"19":72,"20":128,"21":128,"22":128},"f":{"0":4,"1":128,"2":72},"b":{"0":[92,36],"1":[60,68],"2":[128,60],"3":[128,0]},"_coverageSchema":"1a1c01bbd47fc00a2c39e90264f33305004495a9","hash":"43de35d8e462bb9738f5451050ab6565ad1efcc5"}
,"/home/piyush/myApp/server/src/app/ballu/controllers/auth.js": {"path":"/home/piyush/myApp/server/src/app/ballu/controllers/auth.js","statementMap":{"0":{"start":{"line":1,"column":20},"end":{"line":1,"column":53}},"1":{"start":{"line":2,"column":13},"end":{"line":2,"column":38}},"2":{"start":{"line":3,"column":18},"end":{"line":3,"column":54}},"3":{"start":{"line":5,"column":0},"end":{"line":28,"column":2}},"4":{"start":{"line":6,"column":2},"end":{"line":27,"column":3}},"5":{"start":{"line":7,"column":17},"end":{"line":7,"column":60}},"6":{"start":{"line":8,"column":4},"end":{"line":12,"column":5}},"7":{"start":{"line":9,"column":6},"end":{"line":11,"column":10}},"8":{"start":{"line":13,"column":18},"end":{"line":17,"column":5}},"9":{"start":{"line":18,"column":4},"end":{"line":24,"column":7}},"10":{"start":{"line":26,"column":4},"end":{"line":26,"column":55}},"11":{"start":{"line":30,"column":0},"end":{"line":59,"column":2}},"12":{"start":{"line":31,"column":13},"end":{"line":31,"column":56}},"13":{"start":{"line":32,"column":2},"end":{"line":34,"column":3}},"14":{"start":{"line":33,"column":4},"end":{"line":33,"column":67}},"15":{"start":{"line":35,"column":2},"end":{"line":58,"column":3}},"16":{"start":{"line":36,"column":17},"end":{"line":36,"column":67}},"17":{"start":{"line":38,"column":4},"end":{"line":38,"column":22}},"18":{"start":{"line":39,"column":4},"end":{"line":39,"column":32}},"19":{"start":{"line":40,"column":4},"end":{"line":40,"column":30}},"20":{"start":{"line":42,"column":4},"end":{"line":42,"column":22}},"21":{"start":{"line":44,"column":18},"end":{"line":48,"column":5}},"22":{"start":{"line":49,"column":4},"end":{"line":55,"column":7}},"23":{"start":{"line":57,"column":4},"end":{"line":57,"column":47}},"24":{"start":{"line":61,"column":0},"end":{"line":82,"column":2}},"25":{"start":{"line":62,"column":17},"end":{"line":62,"column":20}},"26":{"start":{"line":63,"column":2},"end":{"line":81,"column":3}},"27":{"start":{"line":64,"column":4},"end":{"line":64,"column":76}},"28":{"start":{"line":65,"column":4},"end":{"line":65,"column":22}},"29":{"start":{"line":67,"column":18},"end":{"line":71,"column":5}},"30":{"start":{"line":72,"column":4},"end":{"line":78,"column":7}},"31":{"start":{"line":80,"column":4},"end":{"line":80,"column":47}},"32":{"start":{"line":84,"column":0},"end":{"line":92,"column":2}},"33":{"start":{"line":85,"column":2},"end":{"line":91,"column":3}},"34":{"start":{"line":86,"column":4},"end":{"line":88,"column":7}},"35":{"start":{"line":90,"column":4},"end":{"line":90,"column":47}},"36":{"start":{"line":94,"column":0},"end":{"line":113,"column":2}},"37":{"start":{"line":95,"column":2},"end":{"line":112,"column":3}},"38":{"start":{"line":96,"column":19},"end":{"line":96,"column":22}},"39":{"start":{"line":98,"column":4},"end":{"line":98,"column":42}},"40":{"start":{"line":99,"column":4},"end":{"line":99,"column":40}},"41":{"start":{"line":100,"column":4},"end":{"line":100,"column":32}},"42":{"start":{"line":102,"column":4},"end":{"line":102,"column":22}},"43":{"start":{"line":104,"column":4},"end":{"line":109,"column":7}},"44":{"start":{"line":111,"column":4},"end":{"line":111,"column":47}}},"fnMap":{"0":{"name":"(anonymous_0)","decl":{"start":{"line":5,"column":20},"end":{"line":5,"column":21}},"loc":{"start":{"line":5,"column":46},"end":{"line":28,"column":1}},"line":5},"1":{"name":"(anonymous_1)","decl":{"start":{"line":30,"column":23},"end":{"line":30,"column":24}},"loc":{"start":{"line":30,"column":49},"end":{"line":59,"column":1}},"line":30},"2":{"name":"(anonymous_2)","decl":{"start":{"line":61,"column":28},"end":{"line":61,"column":29}},"loc":{"start":{"line":61,"column":54},"end":{"line":82,"column":1}},"line":61},"3":{"name":"(anonymous_3)","decl":{"start":{"line":84,"column":33},"end":{"line":84,"column":34}},"loc":{"start":{"line":84,"column":59},"end":{"line":92,"column":1}},"line":84},"4":{"name":"(anonymous_4)","decl":{"start":{"line":94,"column":27},"end":{"line":94,"column":28}},"loc":{"start":{"line":94,"column":53},"end":{"line":113,"column":1}},"line":94}},"branchMap":{"0":{"loc":{"start":{"line":8,"column":4},"end":{"line":12,"column":5}},"type":"if","locations":[{"start":{"line":8,"column":4},"end":{"line":12,"column":5}},{"start":{"line":8,"column":4},"end":{"line":12,"column":5}}],"line":8},"1":{"loc":{"start":{"line":32,"column":2},"end":{"line":34,"column":3}},"type":"if","locations":[{"start":{"line":32,"column":2},"end":{"line":34,"column":3}},{"start":{"line":32,"column":2},"end":{"line":34,"column":3}}],"line":32}},"s":{"0":4,"1":4,"2":4,"3":4,"4":0,"5":0,"6":0,"7":0,"8":0,"9":0,"10":0,"11":4,"12":0,"13":0,"14":0,"15":0,"16":0,"17":0,"18":0,"19":0,"20":0,"21":0,"22":0,"23":0,"24":4,"25":0,"26":0,"27":0,"28":0,"29":0,"30":0,"31":0,"32":4,"33":0,"34":0,"35":0,"36":4,"37":0,"38":0,"39":0,"40":0,"41":0,"42":0,"43":0,"44":0},"f":{"0":0,"1":0,"2":0,"3":0,"4":0},"b":{"0":[0,0],"1":[0,0]},"_coverageSchema":"1a1c01bbd47fc00a2c39e90264f33305004495a9","hash":"56921cdb59958cbcdf8cb1cc05d438bac082f080"}
,"/home/piyush/myApp/server/src/app/ballu/controllers/health.js": {"path":"/home/piyush/myApp/server/src/app/ballu/controllers/health.js","statementMap":{"0":{"start":{"line":1,"column":0},"end":{"line":3,"column":2}},"1":{"start":{"line":2,"column":2},"end":{"line":2,"column":39}}},"fnMap":{"0":{"name":"(anonymous_0)","decl":{"start":{"line":1,"column":14},"end":{"line":1,"column":15}},"loc":{"start":{"line":1,"column":34},"end":{"line":3,"column":1}},"line":1}},"branchMap":{},"s":{"0":4,"1":1},"f":{"0":1},"b":{},"_coverageSchema":"1a1c01bbd47fc00a2c39e90264f33305004495a9","hash":"8914e8e7aa4ae591c73cbb79d6a5cc9226b25af6"}
,"/home/piyush/myApp/server/src/app/ballu/middlewares/auth.js": {"path":"/home/piyush/myApp/server/src/app/ballu/middlewares/auth.js","statementMap":{"0":{"start":{"line":1,"column":17},"end":{"line":1,"column":36}},"1":{"start":{"line":2,"column":21},"end":{"line":2,"column":53}},"2":{"start":{"line":3,"column":13},"end":{"line":3,"column":38}},"3":{"start":{"line":4,"column":20},"end":{"line":4,"column":53}},"4":{"start":{"line":14,"column":0},"end":{"line":14,"column":69}},"5":{"start":{"line":20,"column":0},"end":{"line":27,"column":3}},"6":{"start":{"line":21,"column":15},"end":{"line":21,"column":25}},"7":{"start":{"line":22,"column":14},"end":{"line":22,"column":37}},"8":{"start":{"line":23,"column":2},"end":{"line":25,"column":3}},"9":{"start":{"line":24,"column":4},"end":{"line":24,"column":76}},"10":{"start":{"line":26,"column":2},"end":{"line":26,"column":9}}},"fnMap":{"0":{"name":"(anonymous_0)","decl":{"start":{"line":20,"column":39},"end":{"line":20,"column":40}},"loc":{"start":{"line":20,"column":65},"end":{"line":27,"column":1}},"line":20}},"branchMap":{"0":{"loc":{"start":{"line":23,"column":2},"end":{"line":25,"column":3}},"type":"if","locations":[{"start":{"line":23,"column":2},"end":{"line":25,"column":3}},{"start":{"line":23,"column":2},"end":{"line":25,"column":3}}],"line":23}},"s":{"0":4,"1":4,"2":4,"3":4,"4":4,"5":4,"6":0,"7":0,"8":0,"9":0,"10":0},"f":{"0":0},"b":{"0":[0,0]},"_coverageSchema":"1a1c01bbd47fc00a2c39e90264f33305004495a9","hash":"c3b19a3e48cf25d5f59cf971ee9fa0c3f28ee0c7"}
,"/home/piyush/myApp/server/src/app/ballu/models/user.js": {"path":"/home/piyush/myApp/server/src/app/ballu/models/user.js","statementMap":{"0":{"start":{"line":1,"column":17},"end":{"line":1,"column":36}},"1":{"start":{"line":3,"column":15},"end":{"line":11,"column":1}},"2":{"start":{"line":13,"column":13},"end":{"line":13,"column":60}},"3":{"start":{"line":14,"column":0},"end":{"line":14,"column":45}}},"fnMap":{},"branchMap":{},"s":{"0":4,"1":4,"2":4,"3":4},"f":{},"b":{},"_coverageSchema":"1a1c01bbd47fc00a2c39e90264f33305004495a9","hash":"7704d3d6587e17ebbac5b4e5eec0a2619677de84"}
,"/home/piyush/myApp/server/src/app/ballu/routes/auth.js": {"path":"/home/piyush/myApp/server/src/app/ballu/routes/auth.js","statementMap":{"0":{"start":{"line":1,"column":19},"end":{"line":1,"column":49}},"1":{"start":{"line":2,"column":15},"end":{"line":2,"column":40}},"2":{"start":{"line":3,"column":19},"end":{"line":3,"column":49}},"3":{"start":{"line":5,"column":0},"end":{"line":37,"column":2}}},"fnMap":{},"branchMap":{},"s":{"0":4,"1":4,"2":4,"3":4},"f":{},"b":{},"_coverageSchema":"1a1c01bbd47fc00a2c39e90264f33305004495a9","hash":"a5434b8f265d8d0574cb95d8e25ceb44803228f7"}
,"/home/piyush/myApp/server/src/app/ballu/routes/health.js": {"path":"/home/piyush/myApp/server/src/app/ballu/routes/health.js","statementMap":{"0":{"start":{"line":1,"column":25},"end":{"line":1,"column":57}},"1":{"start":{"line":3,"column":0},"end":{"line":9,"column":2}}},"fnMap":{},"branchMap":{},"s":{"0":4,"1":4},"f":{},"b":{},"_coverageSchema":"1a1c01bbd47fc00a2c39e90264f33305004495a9","hash":"9f3c67068e18bacaaa29a8f6072bfacdf3c2e2f9"}
,"/home/piyush/myApp/server/src/app/ballu/routes/index.js": {"path":"/home/piyush/myApp/server/src/app/ballu/routes/index.js","statementMap":{"0":{"start":{"line":1,"column":15},"end":{"line":1,"column":34}},"1":{"start":{"line":2,"column":13},"end":{"line":2,"column":30}},"2":{"start":{"line":4,"column":0},"end":{"line":15,"column":2}},"3":{"start":{"line":5,"column":15},"end":{"line":5,"column":17}},"4":{"start":{"line":7,"column":2},"end":{"line":7,"column":33}},"5":{"start":{"line":8,"column":2},"end":{"line":8,"column":31}},"6":{"start":{"line":10,"column":2},"end":{"line":12,"column":5}},"7":{"start":{"line":11,"column":4},"end":{"line":11,"column":33}},"8":{"start":{"line":14,"column":2},"end":{"line":14,"column":16}}},"fnMap":{"0":{"name":"(anonymous_0)","decl":{"start":{"line":4,"column":17},"end":{"line":4,"column":18}},"loc":{"start":{"line":4,"column":23},"end":{"line":15,"column":1}},"line":4},"1":{"name":"(anonymous_1)","decl":{"start":{"line":10,"column":17},"end":{"line":10,"column":18}},"loc":{"start":{"line":10,"column":24},"end":{"line":12,"column":3}},"line":10}},"branchMap":{},"s":{"0":4,"1":4,"2":4,"3":4,"4":4,"5":4,"6":4,"7":20,"8":4},"f":{"0":4,"1":20},"b":{},"_coverageSchema":"1a1c01bbd47fc00a2c39e90264f33305004495a9","hash":"a0f165d3924a81a200d626785b8f0f92bb92a7e4"}
,"/home/piyush/myApp/server/src/app/ballu/schema/auth.js": {"path":"/home/piyush/myApp/server/src/app/ballu/schema/auth.js","statementMap":{"0":{"start":{"line":1,"column":14},"end":{"line":1,"column":34}},"1":{"start":{"line":2,"column":18},"end":{"line":2,"column":53}},"2":{"start":{"line":4,"column":0},"end":{"line":36,"column":2}}},"fnMap":{},"branchMap":{},"s":{"0":4,"1":4,"2":4},"f":{},"b":{},"_coverageSchema":"1a1c01bbd47fc00a2c39e90264f33305004495a9","hash":"b69a2db8316ad358bac086435203db05346bc753"}
,"/home/piyush/myApp/server/src/app/delta/controllers/health.js": {"path":"/home/piyush/myApp/server/src/app/delta/controllers/health.js","statementMap":{"0":{"start":{"line":1,"column":18},"end":{"line":1,"column":53}},"1":{"start":{"line":2,"column":14},"end":{"line":2,"column":45}},"2":{"start":{"line":4,"column":0},"end":{"line":7,"column":2}},"3":{"start":{"line":5,"column":2},"end":{"line":5,"column":77}},"4":{"start":{"line":6,"column":2},"end":{"line":6,"column":39}}},"fnMap":{"0":{"name":"(anonymous_0)","decl":{"start":{"line":4,"column":14},"end":{"line":4,"column":15}},"loc":{"start":{"line":4,"column":34},"end":{"line":7,"column":1}},"line":4}},"branchMap":{},"s":{"0":4,"1":4,"2":4,"3":1,"4":1},"f":{"0":1},"b":{},"_coverageSchema":"1a1c01bbd47fc00a2c39e90264f33305004495a9","hash":"133b24de12946c3243b14cdd1eb3511116db6141"}
,"/home/piyush/myApp/server/src/app/delta/controllers/posts.js": {"path":"/home/piyush/myApp/server/src/app/delta/controllers/posts.js","statementMap":{"0":{"start":{"line":1,"column":17},"end":{"line":1,"column":46}},"1":{"start":{"line":2,"column":14},"end":{"line":2,"column":40}},"2":{"start":{"line":3,"column":20},"end":{"line":3,"column":53}},"3":{"start":{"line":4,"column":24},"end":{"line":4,"column":66}},"4":{"start":{"line":5,"column":18},"end":{"line":5,"column":53}},"5":{"start":{"line":7,"column":0},"end":{"line":25,"column":2}},"6":{"start":{"line":8,"column":2},"end":{"line":24,"column":3}},"7":{"start":{"line":9,"column":39},"end":{"line":9,"column":47}},"8":{"start":{"line":11,"column":17},"end":{"line":11,"column":28}},"9":{"start":{"line":12,"column":4},"end":{"line":12,"column":23}},"10":{"start":{"line":13,"column":4},"end":{"line":13,"column":29}},"11":{"start":{"line":14,"column":4},"end":{"line":14,"column":27}},"12":{"start":{"line":16,"column":4},"end":{"line":16,"column":22}},"13":{"start":{"line":18,"column":4},"end":{"line":21,"column":7}},"14":{"start":{"line":23,"column":4},"end":{"line":23,"column":55}},"15":{"start":{"line":27,"column":0},"end":{"line":33,"column":2}},"16":{"start":{"line":28,"column":17},"end":{"line":28,"column":20}},"17":{"start":{"line":29,"column":2},"end":{"line":32,"column":5}},"18":{"start":{"line":35,"column":0},"end":{"line":46,"column":2}},"19":{"start":{"line":36,"column":16},"end":{"line":36,"column":38}},"20":{"start":{"line":37,"column":17},"end":{"line":37,"column":39}},"21":{"start":{"line":38,"column":16},"end":{"line":38,"column":60}},"22":{"start":{"line":39,"column":16},"end":{"line":39,"column":35}},"23":{"start":{"line":40,"column":2},"end":{"line":45,"column":5}},"24":{"start":{"line":48,"column":0},"end":{"line":66,"column":2}},"25":{"start":{"line":49,"column":2},"end":{"line":65,"column":3}},"26":{"start":{"line":50,"column":19},"end":{"line":50,"column":22}},"27":{"start":{"line":51,"column":39},"end":{"line":51,"column":47}},"28":{"start":{"line":53,"column":4},"end":{"line":53,"column":23}},"29":{"start":{"line":54,"column":4},"end":{"line":54,"column":29}},"30":{"start":{"line":55,"column":4},"end":{"line":55,"column":27}},"31":{"start":{"line":57,"column":4},"end":{"line":57,"column":22}},"32":{"start":{"line":59,"column":4},"end":{"line":62,"column":7}},"33":{"start":{"line":64,"column":4},"end":{"line":64,"column":55}},"34":{"start":{"line":68,"column":0},"end":{"line":75,"column":2}},"35":{"start":{"line":69,"column":16},"end":{"line":69,"column":24}},"36":{"start":{"line":70,"column":2},"end":{"line":70,"column":36}},"37":{"start":{"line":72,"column":2},"end":{"line":74,"column":5}},"38":{"start":{"line":77,"column":0},"end":{"line":96,"column":2}},"39":{"start":{"line":78,"column":2},"end":{"line":95,"column":3}},"40":{"start":{"line":79,"column":36},"end":{"line":79,"column":44}},"41":{"start":{"line":80,"column":20},"end":{"line":80,"column":34}},"42":{"start":{"line":81,"column":4},"end":{"line":81,"column":35}},"43":{"start":{"line":82,"column":4},"end":{"line":82,"column":24}},"44":{"start":{"line":83,"column":4},"end":{"line":83,"column":35}},"45":{"start":{"line":85,"column":4},"end":{"line":87,"column":5}},"46":{"start":{"line":86,"column":6},"end":{"line":86,"column":50}},"47":{"start":{"line":88,"column":4},"end":{"line":88,"column":25}},"48":{"start":{"line":89,"column":4},"end":{"line":92,"column":7}},"49":{"start":{"line":94,"column":4},"end":{"line":94,"column":55}},"50":{"start":{"line":98,"column":0},"end":{"line":108,"column":2}},"51":{"start":{"line":99,"column":16},"end":{"line":99,"column":24}},"52":{"start":{"line":100,"column":16},"end":{"line":100,"column":18}},"53":{"start":{"line":101,"column":2},"end":{"line":101,"column":25}},"54":{"start":{"line":103,"column":19},"end":{"line":103,"column":45}},"55":{"start":{"line":104,"column":2},"end":{"line":107,"column":5}},"56":{"start":{"line":110,"column":0},"end":{"line":117,"column":2}},"57":{"start":{"line":111,"column":16},"end":{"line":111,"column":27}},"58":{"start":{"line":112,"column":2},"end":{"line":112,"column":39}},"59":{"start":{"line":114,"column":2},"end":{"line":116,"column":5}},"60":{"start":{"line":119,"column":0},"end":{"line":130,"column":2}},"61":{"start":{"line":120,"column":21},"end":{"line":120,"column":29}},"62":{"start":{"line":121,"column":14},"end":{"line":121,"column":16}},"63":{"start":{"line":122,"column":2},"end":{"line":124,"column":3}},"64":{"start":{"line":123,"column":4},"end":{"line":123,"column":33}},"65":{"start":{"line":125,"column":16},"end":{"line":125,"column":39}},"66":{"start":{"line":126,"column":2},"end":{"line":129,"column":5}}},"fnMap":{"0":{"name":"(anonymous_0)","decl":{"start":{"line":7,"column":20},"end":{"line":7,"column":21}},"loc":{"start":{"line":7,"column":46},"end":{"line":25,"column":1}},"line":7},"1":{"name":"(anonymous_1)","decl":{"start":{"line":27,"column":22},"end":{"line":27,"column":23}},"loc":{"start":{"line":27,"column":48},"end":{"line":33,"column":1}},"line":27},"2":{"name":"(anonymous_2)","decl":{"start":{"line":35,"column":19},"end":{"line":35,"column":20}},"loc":{"start":{"line":35,"column":45},"end":{"line":46,"column":1}},"line":35},"3":{"name":"(anonymous_3)","decl":{"start":{"line":48,"column":28},"end":{"line":48,"column":29}},"loc":{"start":{"line":48,"column":54},"end":{"line":66,"column":1}},"line":48},"4":{"name":"(anonymous_4)","decl":{"start":{"line":68,"column":25},"end":{"line":68,"column":26}},"loc":{"start":{"line":68,"column":51},"end":{"line":75,"column":1}},"line":68},"5":{"name":"(anonymous_5)","decl":{"start":{"line":77,"column":22},"end":{"line":77,"column":23}},"loc":{"start":{"line":77,"column":48},"end":{"line":96,"column":1}},"line":77},"6":{"name":"(anonymous_6)","decl":{"start":{"line":98,"column":28},"end":{"line":98,"column":29}},"loc":{"start":{"line":98,"column":54},"end":{"line":108,"column":1}},"line":98},"7":{"name":"(anonymous_7)","decl":{"start":{"line":110,"column":28},"end":{"line":110,"column":29}},"loc":{"start":{"line":110,"column":54},"end":{"line":117,"column":1}},"line":110},"8":{"name":"(anonymous_8)","decl":{"start":{"line":119,"column":25},"end":{"line":119,"column":26}},"loc":{"start":{"line":119,"column":51},"end":{"line":130,"column":1}},"line":119}},"branchMap":{"0":{"loc":{"start":{"line":36,"column":16},"end":{"line":36,"column":38}},"type":"binary-expr","locations":[{"start":{"line":36,"column":16},"end":{"line":36,"column":32}},{"start":{"line":36,"column":36},"end":{"line":36,"column":38}}],"line":36},"1":{"loc":{"start":{"line":37,"column":17},"end":{"line":37,"column":39}},"type":"binary-expr","locations":[{"start":{"line":37,"column":17},"end":{"line":37,"column":34}},{"start":{"line":37,"column":38},"end":{"line":37,"column":39}}],"line":37},"2":{"loc":{"start":{"line":85,"column":4},"end":{"line":87,"column":5}},"type":"if","locations":[{"start":{"line":85,"column":4},"end":{"line":87,"column":5}},{"start":{"line":85,"column":4},"end":{"line":87,"column":5}}],"line":85},"3":{"loc":{"start":{"line":122,"column":2},"end":{"line":124,"column":3}},"type":"if","locations":[{"start":{"line":122,"column":2},"end":{"line":124,"column":3}},{"start":{"line":122,"column":2},"end":{"line":124,"column":3}}],"line":122}},"s":{"0":4,"1":4,"2":4,"3":4,"4":4,"5":4,"6":1,"7":1,"8":1,"9":1,"10":1,"11":1,"12":1,"13":1,"14":0,"15":4,"16":1,"17":1,"18":4,"19":0,"20":0,"21":0,"22":0,"23":0,"24":4,"25":1,"26":1,"27":1,"28":1,"29":1,"30":1,"31":1,"32":1,"33":0,"34":4,"35":1,"36":1,"37":1,"38":4,"39":0,"40":0,"41":0,"42":0,"43":0,"44":0,"45":0,"46":0,"47":0,"48":0,"49":0,"50":4,"51":0,"52":0,"53":0,"54":0,"55":0,"56":4,"57":0,"58":0,"59":0,"60":4,"61":0,"62":0,"63":0,"64":0,"65":0,"66":0},"f":{"0":1,"1":1,"2":0,"3":1,"4":1,"5":0,"6":0,"7":0,"8":0},"b":{"0":[0,0],"1":[0,0],"2":[0,0],"3":[0,0]},"_coverageSchema":"1a1c01bbd47fc00a2c39e90264f33305004495a9","hash":"3645dbc685d2b9d99270a58f6c980bee07d0da5b"}
,"/home/piyush/myApp/server/src/app/delta/middlewares/middleware.js": {"path":"/home/piyush/myApp/server/src/app/delta/middlewares/middleware.js","statementMap":{"0":{"start":{"line":1,"column":21},"end":{"line":1,"column":53}},"1":{"start":{"line":2,"column":17},"end":{"line":2,"column":46}},"2":{"start":{"line":3,"column":14},"end":{"line":3,"column":40}},"3":{"start":{"line":4,"column":20},"end":{"line":4,"column":53}},"4":{"start":{"line":13,"column":0},"end":{"line":23,"column":3}},"5":{"start":{"line":14,"column":17},"end":{"line":14,"column":35}},"6":{"start":{"line":15,"column":15},"end":{"line":15,"column":43}},"7":{"start":{"line":16,"column":2},"end":{"line":20,"column":3}},"8":{"start":{"line":17,"column":4},"end":{"line":19,"column":8}},"9":{"start":{"line":21,"column":2},"end":{"line":21,"column":18}},"10":{"start":{"line":22,"column":2},"end":{"line":22,"column":9}},"11":{"start":{"line":32,"column":0},"end":{"line":42,"column":3}},"12":{"start":{"line":33,"column":20},"end":{"line":33,"column":41}},"13":{"start":{"line":34,"column":18},"end":{"line":34,"column":52}},"14":{"start":{"line":35,"column":2},"end":{"line":39,"column":3}},"15":{"start":{"line":36,"column":4},"end":{"line":38,"column":8}},"16":{"start":{"line":40,"column":2},"end":{"line":40,"column":24}},"17":{"start":{"line":41,"column":2},"end":{"line":41,"column":9}}},"fnMap":{"0":{"name":"(anonymous_0)","decl":{"start":{"line":13,"column":37},"end":{"line":13,"column":38}},"loc":{"start":{"line":13,"column":63},"end":{"line":23,"column":1}},"line":13},"1":{"name":"(anonymous_1)","decl":{"start":{"line":32,"column":40},"end":{"line":32,"column":41}},"loc":{"start":{"line":32,"column":66},"end":{"line":42,"column":1}},"line":32}},"branchMap":{"0":{"loc":{"start":{"line":16,"column":2},"end":{"line":20,"column":3}},"type":"if","locations":[{"start":{"line":16,"column":2},"end":{"line":20,"column":3}},{"start":{"line":16,"column":2},"end":{"line":20,"column":3}}],"line":16},"1":{"loc":{"start":{"line":35,"column":2},"end":{"line":39,"column":3}},"type":"if","locations":[{"start":{"line":35,"column":2},"end":{"line":39,"column":3}},{"start":{"line":35,"column":2},"end":{"line":39,"column":3}}],"line":35}},"s":{"0":4,"1":4,"2":4,"3":4,"4":4,"5":5,"6":5,"7":5,"8":2,"9":3,"10":3,"11":4,"12":0,"13":0,"14":0,"15":0,"16":0,"17":0},"f":{"0":5,"1":0},"b":{"0":[2,3],"1":[0,0]},"_coverageSchema":"1a1c01bbd47fc00a2c39e90264f33305004495a9","hash":"3565ca2e28c32c4b6d17fc7a449a2d1fdd1b71a3"}
,"/home/piyush/myApp/server/src/app/delta/models/comments.js": {"path":"/home/piyush/myApp/server/src/app/delta/models/comments.js","statementMap":{"0":{"start":{"line":1,"column":17},"end":{"line":1,"column":36}},"1":{"start":{"line":3,"column":15},"end":{"line":16,"column":1}},"2":{"start":{"line":18,"column":13},"end":{"line":18,"column":66}},"3":{"start":{"line":19,"column":0},"end":{"line":19,"column":48}}},"fnMap":{},"branchMap":{},"s":{"0":4,"1":4,"2":4,"3":4},"f":{},"b":{},"_coverageSchema":"1a1c01bbd47fc00a2c39e90264f33305004495a9","hash":"d3c4a01bbe695ab5f450e45471a723aee81eb0d1"}
,"/home/piyush/myApp/server/src/app/delta/models/posts.js": {"path":"/home/piyush/myApp/server/src/app/delta/models/posts.js","statementMap":{"0":{"start":{"line":1,"column":15},"end":{"line":1,"column":48}},"1":{"start":{"line":2,"column":17},"end":{"line":2,"column":36}},"2":{"start":{"line":3,"column":18},"end":{"line":3,"column":53}},"3":{"start":{"line":5,"column":15},"end":{"line":20,"column":1}},"4":{"start":{"line":22,"column":0},"end":{"line":24,"column":3}},"5":{"start":{"line":23,"column":2},"end":{"line":23,"column":41}},"6":{"start":{"line":26,"column":13},"end":{"line":26,"column":66}},"7":{"start":{"line":27,"column":0},"end":{"line":27,"column":45}}},"fnMap":{"0":{"name":"(anonymous_0)","decl":{"start":{"line":22,"column":20},"end":{"line":22,"column":21}},"loc":{"start":{"line":22,"column":26},"end":{"line":24,"column":1}},"line":22}},"branchMap":{},"s":{"0":4,"1":4,"2":4,"3":4,"4":4,"5":5,"6":4,"7":4},"f":{"0":5},"b":{},"_coverageSchema":"1a1c01bbd47fc00a2c39e90264f33305004495a9","hash":"3afab6cfea727f9ec9128ecf764d753d8547d5c5"}
,"/home/piyush/myApp/server/src/app/delta/models/user.js": {"path":"/home/piyush/myApp/server/src/app/delta/models/user.js","statementMap":{"0":{"start":{"line":1,"column":17},"end":{"line":1,"column":36}},"1":{"start":{"line":3,"column":15},"end":{"line":13,"column":1}},"2":{"start":{"line":15,"column":13},"end":{"line":15,"column":66}},"3":{"start":{"line":16,"column":0},"end":{"line":16,"column":45}}},"fnMap":{},"branchMap":{},"s":{"0":1,"1":1,"2":1,"3":1},"f":{},"b":{},"_coverageSchema":"1a1c01bbd47fc00a2c39e90264f33305004495a9","hash":"08bb6696b3262a0098c0309458befff277d30715"}
,"/home/piyush/myApp/server/src/app/delta/routes/health.js": {"path":"/home/piyush/myApp/server/src/app/delta/routes/health.js","statementMap":{"0":{"start":{"line":1,"column":25},"end":{"line":1,"column":57}},"1":{"start":{"line":3,"column":0},"end":{"line":9,"column":2}}},"fnMap":{},"branchMap":{},"s":{"0":4,"1":4},"f":{},"b":{},"_coverageSchema":"1a1c01bbd47fc00a2c39e90264f33305004495a9","hash":"5819978fa4524164aa2b754a7d6e1da3eb49bab9"}
,"/home/piyush/myApp/server/src/app/delta/routes/index.js": {"path":"/home/piyush/myApp/server/src/app/delta/routes/index.js","statementMap":{"0":{"start":{"line":1,"column":15},"end":{"line":1,"column":34}},"1":{"start":{"line":2,"column":14},"end":{"line":2,"column":32}},"2":{"start":{"line":4,"column":0},"end":{"line":15,"column":2}},"3":{"start":{"line":5,"column":15},"end":{"line":5,"column":17}},"4":{"start":{"line":7,"column":2},"end":{"line":7,"column":33}},"5":{"start":{"line":8,"column":2},"end":{"line":8,"column":32}},"6":{"start":{"line":10,"column":2},"end":{"line":12,"column":5}},"7":{"start":{"line":11,"column":4},"end":{"line":11,"column":33}},"8":{"start":{"line":14,"column":2},"end":{"line":14,"column":16}}},"fnMap":{"0":{"name":"(anonymous_0)","decl":{"start":{"line":4,"column":17},"end":{"line":4,"column":18}},"loc":{"start":{"line":4,"column":23},"end":{"line":15,"column":1}},"line":4},"1":{"name":"(anonymous_1)","decl":{"start":{"line":10,"column":17},"end":{"line":10,"column":18}},"loc":{"start":{"line":10,"column":24},"end":{"line":12,"column":3}},"line":10}},"branchMap":{},"s":{"0":4,"1":4,"2":4,"3":4,"4":4,"5":4,"6":4,"7":40,"8":4},"f":{"0":4,"1":40},"b":{},"_coverageSchema":"1a1c01bbd47fc00a2c39e90264f33305004495a9","hash":"af200d4f475ecbd01594e3f5023f719d3e4765e9"}
,"/home/piyush/myApp/server/src/app/delta/routes/posts.js": {"path":"/home/piyush/myApp/server/src/app/delta/routes/posts.js","statementMap":{"0":{"start":{"line":1,"column":19},"end":{"line":1,"column":55}},"1":{"start":{"line":2,"column":19},"end":{"line":2,"column":50}},"2":{"start":{"line":3,"column":15},"end":{"line":3,"column":41}},"3":{"start":{"line":5,"column":0},"end":{"line":78,"column":2}}},"fnMap":{},"branchMap":{},"s":{"0":4,"1":4,"2":4,"3":4},"f":{},"b":{},"_coverageSchema":"1a1c01bbd47fc00a2c39e90264f33305004495a9","hash":"7cab809f1fa19ca3ea57456d2efa9175f093e9fd"}
,"/home/piyush/myApp/server/src/app/delta/schema/posts.js": {"path":"/home/piyush/myApp/server/src/app/delta/schema/posts.js","statementMap":{"0":{"start":{"line":1,"column":14},"end":{"line":1,"column":34}},"1":{"start":{"line":2,"column":18},"end":{"line":2,"column":53}},"2":{"start":{"line":4,"column":0},"end":{"line":64,"column":2}}},"fnMap":{},"branchMap":{},"s":{"0":4,"1":4,"2":4},"f":{},"b":{},"_coverageSchema":"1a1c01bbd47fc00a2c39e90264f33305004495a9","hash":"8a8c8c0a2ffb89829e14b3690c66779e825021ef"}
,"/home/piyush/myApp/server/src/app/helium/controllers/auth.js": {"path":"/home/piyush/myApp/server/src/app/helium/controllers/auth.js","statementMap":{"0":{"start":{"line":1,"column":20},"end":{"line":1,"column":53}},"1":{"start":{"line":2,"column":13},"end":{"line":2,"column":38}},"2":{"start":{"line":3,"column":18},"end":{"line":3,"column":54}},"3":{"start":{"line":5,"column":0},"end":{"line":28,"column":2}},"4":{"start":{"line":6,"column":2},"end":{"line":27,"column":3}},"5":{"start":{"line":7,"column":17},"end":{"line":7,"column":60}},"6":{"start":{"line":8,"column":4},"end":{"line":12,"column":5}},"7":{"start":{"line":9,"column":6},"end":{"line":11,"column":10}},"8":{"start":{"line":13,"column":18},"end":{"line":17,"column":5}},"9":{"start":{"line":18,"column":4},"end":{"line":24,"column":7}},"10":{"start":{"line":26,"column":4},"end":{"line":26,"column":55}},"11":{"start":{"line":30,"column":0},"end":{"line":59,"column":2}},"12":{"start":{"line":31,"column":13},"end":{"line":31,"column":56}},"13":{"start":{"line":32,"column":2},"end":{"line":34,"column":3}},"14":{"start":{"line":33,"column":4},"end":{"line":33,"column":67}},"15":{"start":{"line":35,"column":2},"end":{"line":58,"column":3}},"16":{"start":{"line":36,"column":17},"end":{"line":36,"column":67}},"17":{"start":{"line":38,"column":4},"end":{"line":38,"column":22}},"18":{"start":{"line":39,"column":4},"end":{"line":39,"column":32}},"19":{"start":{"line":40,"column":4},"end":{"line":40,"column":30}},"20":{"start":{"line":42,"column":4},"end":{"line":42,"column":22}},"21":{"start":{"line":44,"column":18},"end":{"line":48,"column":5}},"22":{"start":{"line":49,"column":4},"end":{"line":55,"column":7}},"23":{"start":{"line":57,"column":4},"end":{"line":57,"column":47}},"24":{"start":{"line":61,"column":0},"end":{"line":82,"column":2}},"25":{"start":{"line":62,"column":17},"end":{"line":62,"column":20}},"26":{"start":{"line":63,"column":2},"end":{"line":81,"column":3}},"27":{"start":{"line":64,"column":4},"end":{"line":64,"column":76}},"28":{"start":{"line":65,"column":4},"end":{"line":65,"column":22}},"29":{"start":{"line":67,"column":18},"end":{"line":71,"column":5}},"30":{"start":{"line":72,"column":4},"end":{"line":78,"column":7}},"31":{"start":{"line":80,"column":4},"end":{"line":80,"column":47}},"32":{"start":{"line":84,"column":0},"end":{"line":92,"column":2}},"33":{"start":{"line":85,"column":2},"end":{"line":91,"column":3}},"34":{"start":{"line":86,"column":4},"end":{"line":88,"column":7}},"35":{"start":{"line":90,"column":4},"end":{"line":90,"column":47}},"36":{"start":{"line":94,"column":0},"end":{"line":111,"column":2}},"37":{"start":{"line":95,"column":2},"end":{"line":110,"column":3}},"38":{"start":{"line":96,"column":19},"end":{"line":96,"column":22}},"39":{"start":{"line":98,"column":4},"end":{"line":98,"column":30}},"40":{"start":{"line":100,"column":4},"end":{"line":100,"column":22}},"41":{"start":{"line":102,"column":4},"end":{"line":107,"column":7}},"42":{"start":{"line":109,"column":4},"end":{"line":109,"column":47}}},"fnMap":{"0":{"name":"(anonymous_0)","decl":{"start":{"line":5,"column":20},"end":{"line":5,"column":21}},"loc":{"start":{"line":5,"column":46},"end":{"line":28,"column":1}},"line":5},"1":{"name":"(anonymous_1)","decl":{"start":{"line":30,"column":23},"end":{"line":30,"column":24}},"loc":{"start":{"line":30,"column":49},"end":{"line":59,"column":1}},"line":30},"2":{"name":"(anonymous_2)","decl":{"start":{"line":61,"column":28},"end":{"line":61,"column":29}},"loc":{"start":{"line":61,"column":54},"end":{"line":82,"column":1}},"line":61},"3":{"name":"(anonymous_3)","decl":{"start":{"line":84,"column":33},"end":{"line":84,"column":34}},"loc":{"start":{"line":84,"column":59},"end":{"line":92,"column":1}},"line":84},"4":{"name":"(anonymous_4)","decl":{"start":{"line":94,"column":27},"end":{"line":94,"column":28}},"loc":{"start":{"line":94,"column":53},"end":{"line":111,"column":1}},"line":94}},"branchMap":{"0":{"loc":{"start":{"line":8,"column":4},"end":{"line":12,"column":5}},"type":"if","locations":[{"start":{"line":8,"column":4},"end":{"line":12,"column":5}},{"start":{"line":8,"column":4},"end":{"line":12,"column":5}}],"line":8},"1":{"loc":{"start":{"line":32,"column":2},"end":{"line":34,"column":3}},"type":"if","locations":[{"start":{"line":32,"column":2},"end":{"line":34,"column":3}},{"start":{"line":32,"column":2},"end":{"line":34,"column":3}}],"line":32}},"s":{"0":4,"1":4,"2":4,"3":4,"4":0,"5":0,"6":0,"7":0,"8":0,"9":0,"10":0,"11":4,"12":0,"13":0,"14":0,"15":0,"16":0,"17":0,"18":0,"19":0,"20":0,"21":0,"22":0,"23":0,"24":4,"25":0,"26":0,"27":0,"28":0,"29":0,"30":0,"31":0,"32":4,"33":0,"34":0,"35":0,"36":4,"37":0,"38":0,"39":0,"40":0,"41":0,"42":0},"f":{"0":0,"1":0,"2":0,"3":0,"4":0},"b":{"0":[0,0],"1":[0,0]},"_coverageSchema":"1a1c01bbd47fc00a2c39e90264f33305004495a9","hash":"b4d4a770a48cc80629185147702a56ad793bbc58"}
,"/home/piyush/myApp/server/src/app/helium/controllers/health.js": {"path":"/home/piyush/myApp/server/src/app/helium/controllers/health.js","statementMap":{"0":{"start":{"line":1,"column":0},"end":{"line":3,"column":2}},"1":{"start":{"line":2,"column":2},"end":{"line":2,"column":42}}},"fnMap":{"0":{"name":"(anonymous_0)","decl":{"start":{"line":1,"column":14},"end":{"line":1,"column":15}},"loc":{"start":{"line":1,"column":34},"end":{"line":3,"column":1}},"line":1}},"branchMap":{},"s":{"0":4,"1":0},"f":{"0":0},"b":{},"_coverageSchema":"1a1c01bbd47fc00a2c39e90264f33305004495a9","hash":"d5bbba65f3ec91df1ab2896f20efb75b4f4e40bf"}
,"/home/piyush/myApp/server/src/app/helium/controllers/question.js": {"path":"/home/piyush/myApp/server/src/app/helium/controllers/question.js","statementMap":{"0":{"start":{"line":1,"column":20},"end":{"line":1,"column":53}},"1":{"start":{"line":2,"column":18},"end":{"line":2,"column":47}},"2":{"start":{"line":4,"column":0},"end":{"line":23,"column":2}},"3":{"start":{"line":5,"column":2},"end":{"line":22,"column":3}},"4":{"start":{"line":6,"column":4},"end":{"line":8,"column":5}},"5":{"start":{"line":7,"column":6},"end":{"line":7,"column":71}},"6":{"start":{"line":9,"column":21},"end":{"line":9,"column":36}},"7":{"start":{"line":10,"column":4},"end":{"line":10,"column":34}},"8":{"start":{"line":11,"column":4},"end":{"line":11,"column":40}},"9":{"start":{"line":12,"column":4},"end":{"line":12,"column":26}},"10":{"start":{"line":14,"column":4},"end":{"line":19,"column":7}},"11":{"start":{"line":21,"column":4},"end":{"line":21,"column":47}},"12":{"start":{"line":25,"column":0},"end":{"line":45,"column":2}},"13":{"start":{"line":26,"column":2},"end":{"line":44,"column":3}},"14":{"start":{"line":27,"column":23},"end":{"line":27,"column":26}},"15":{"start":{"line":28,"column":4},"end":{"line":30,"column":5}},"16":{"start":{"line":29,"column":6},"end":{"line":29,"column":38}},"17":{"start":{"line":31,"column":4},"end":{"line":33,"column":5}},"18":{"start":{"line":32,"column":6},"end":{"line":32,"column":42}},"19":{"start":{"line":34,"column":4},"end":{"line":34,"column":26}},"20":{"start":{"line":36,"column":4},"end":{"line":41,"column":7}},"21":{"start":{"line":43,"column":4},"end":{"line":43,"column":47}},"22":{"start":{"line":47,"column":0},"end":{"line":58,"column":2}},"23":{"start":{"line":48,"column":2},"end":{"line":57,"column":3}},"24":{"start":{"line":49,"column":18},"end":{"line":49,"column":30}},"25":{"start":{"line":50,"column":4},"end":{"line":50,"column":42}},"26":{"start":{"line":52,"column":4},"end":{"line":54,"column":7}},"27":{"start":{"line":56,"column":4},"end":{"line":56,"column":47}},"28":{"start":{"line":60,"column":0},"end":{"line":69,"column":2}},"29":{"start":{"line":61,"column":21},"end":{"line":61,"column":24}},"30":{"start":{"line":63,"column":2},"end":{"line":68,"column":5}},"31":{"start":{"line":71,"column":0},"end":{"line":79,"column":2}},"32":{"start":{"line":72,"column":20},"end":{"line":72,"column":42}},"33":{"start":{"line":73,"column":2},"end":{"line":78,"column":5}}},"fnMap":{"0":{"name":"(anonymous_0)","decl":{"start":{"line":4,"column":23},"end":{"line":4,"column":24}},"loc":{"start":{"line":4,"column":49},"end":{"line":23,"column":1}},"line":4},"1":{"name":"(anonymous_1)","decl":{"start":{"line":25,"column":32},"end":{"line":25,"column":33}},"loc":{"start":{"line":25,"column":58},"end":{"line":45,"column":1}},"line":25},"2":{"name":"(anonymous_2)","decl":{"start":{"line":47,"column":29},"end":{"line":47,"column":30}},"loc":{"start":{"line":47,"column":55},"end":{"line":58,"column":1}},"line":47},"3":{"name":"(anonymous_3)","decl":{"start":{"line":60,"column":26},"end":{"line":60,"column":27}},"loc":{"start":{"line":60,"column":52},"end":{"line":69,"column":1}},"line":60},"4":{"name":"(anonymous_4)","decl":{"start":{"line":71,"column":23},"end":{"line":71,"column":24}},"loc":{"start":{"line":71,"column":49},"end":{"line":79,"column":1}},"line":71}},"branchMap":{"0":{"loc":{"start":{"line":6,"column":4},"end":{"line":8,"column":5}},"type":"if","locations":[{"start":{"line":6,"column":4},"end":{"line":8,"column":5}},{"start":{"line":6,"column":4},"end":{"line":8,"column":5}}],"line":6},"1":{"loc":{"start":{"line":28,"column":4},"end":{"line":30,"column":5}},"type":"if","locations":[{"start":{"line":28,"column":4},"end":{"line":30,"column":5}},{"start":{"line":28,"column":4},"end":{"line":30,"column":5}}],"line":28},"2":{"loc":{"start":{"line":31,"column":4},"end":{"line":33,"column":5}},"type":"if","locations":[{"start":{"line":31,"column":4},"end":{"line":33,"column":5}},{"start":{"line":31,"column":4},"end":{"line":33,"column":5}}],"line":31}},"s":{"0":4,"1":4,"2":4,"3":0,"4":0,"5":0,"6":0,"7":0,"8":0,"9":0,"10":0,"11":0,"12":4,"13":0,"14":0,"15":0,"16":0,"17":0,"18":0,"19":0,"20":0,"21":0,"22":4,"23":0,"24":0,"25":0,"26":0,"27":0,"28":4,"29":0,"30":0,"31":4,"32":0,"33":0},"f":{"0":0,"1":0,"2":0,"3":0,"4":0},"b":{"0":[0,0],"1":[0,0],"2":[0,0]},"_coverageSchema":"1a1c01bbd47fc00a2c39e90264f33305004495a9","hash":"3030bac9ae7c0abf028107bd21050f8343a18291"}
,"/home/piyush/myApp/server/src/app/helium/controllers/quiz.js": {"path":"/home/piyush/myApp/server/src/app/helium/controllers/quiz.js","statementMap":{"0":{"start":{"line":1,"column":13},"end":{"line":1,"column":38}},"1":{"start":{"line":2,"column":20},"end":{"line":2,"column":53}},"2":{"start":{"line":4,"column":0},"end":{"line":12,"column":2}},"3":{"start":{"line":5,"column":15},"end":{"line":5,"column":32}},"4":{"start":{"line":6,"column":15},"end":{"line":10,"column":3}},"5":{"start":{"line":11,"column":2},"end":{"line":11,"column":42}},"6":{"start":{"line":14,"column":0},"end":{"line":29,"column":2}},"7":{"start":{"line":15,"column":2},"end":{"line":28,"column":3}},"8":{"start":{"line":16,"column":17},"end":{"line":16,"column":27}},"9":{"start":{"line":17,"column":4},"end":{"line":17,"column":32}},"10":{"start":{"line":18,"column":4},"end":{"line":18,"column":22}},"11":{"start":{"line":20,"column":4},"end":{"line":25,"column":7}},"12":{"start":{"line":27,"column":4},"end":{"line":27,"column":47}},"13":{"start":{"line":31,"column":0},"end":{"line":47,"column":2}},"14":{"start":{"line":32,"column":2},"end":{"line":46,"column":3}},"15":{"start":{"line":33,"column":19},"end":{"line":33,"column":22}},"16":{"start":{"line":34,"column":4},"end":{"line":34,"column":26}},"17":{"start":{"line":36,"column":4},"end":{"line":36,"column":22}},"18":{"start":{"line":38,"column":4},"end":{"line":43,"column":7}},"19":{"start":{"line":45,"column":4},"end":{"line":45,"column":47}},"20":{"start":{"line":49,"column":0},"end":{"line":65,"column":2}},"21":{"start":{"line":50,"column":2},"end":{"line":64,"column":3}},"22":{"start":{"line":51,"column":19},"end":{"line":51,"column":22}},"23":{"start":{"line":52,"column":4},"end":{"line":52,"column":27}},"24":{"start":{"line":54,"column":4},"end":{"line":54,"column":22}},"25":{"start":{"line":56,"column":4},"end":{"line":61,"column":7}},"26":{"start":{"line":63,"column":4},"end":{"line":63,"column":47}}},"fnMap":{"0":{"name":"(anonymous_0)","decl":{"start":{"line":4,"column":18},"end":{"line":4,"column":19}},"loc":{"start":{"line":4,"column":44},"end":{"line":12,"column":1}},"line":4},"1":{"name":"(anonymous_1)","decl":{"start":{"line":14,"column":19},"end":{"line":14,"column":20}},"loc":{"start":{"line":14,"column":45},"end":{"line":29,"column":1}},"line":14},"2":{"name":"(anonymous_2)","decl":{"start":{"line":31,"column":26},"end":{"line":31,"column":27}},"loc":{"start":{"line":31,"column":52},"end":{"line":47,"column":1}},"line":31},"3":{"name":"(anonymous_3)","decl":{"start":{"line":49,"column":28},"end":{"line":49,"column":29}},"loc":{"start":{"line":49,"column":54},"end":{"line":65,"column":1}},"line":49}},"branchMap":{},"s":{"0":4,"1":4,"2":4,"3":0,"4":0,"5":0,"6":4,"7":0,"8":0,"9":0,"10":0,"11":0,"12":0,"13":4,"14":0,"15":0,"16":0,"17":0,"18":0,"19":0,"20":4,"21":0,"22":0,"23":0,"24":0,"25":0,"26":0},"f":{"0":0,"1":0,"2":0,"3":0},"b":{},"_coverageSchema":"1a1c01bbd47fc00a2c39e90264f33305004495a9","hash":"12cec4dab33f3cab725be210aab6a6b37c81c3bf"}
,"/home/piyush/myApp/server/src/app/helium/middlewares/middlewares.js": {"path":"/home/piyush/myApp/server/src/app/helium/middlewares/middlewares.js","statementMap":{"0":{"start":{"line":1,"column":17},"end":{"line":1,"column":36}},"1":{"start":{"line":2,"column":21},"end":{"line":2,"column":53}},"2":{"start":{"line":3,"column":18},"end":{"line":3,"column":47}},"3":{"start":{"line":4,"column":20},"end":{"line":4,"column":53}},"4":{"start":{"line":13,"column":0},"end":{"line":23,"column":3}},"5":{"start":{"line":14,"column":21},"end":{"line":14,"column":43}},"6":{"start":{"line":15,"column":19},"end":{"line":15,"column":55}},"7":{"start":{"line":16,"column":2},"end":{"line":20,"column":3}},"8":{"start":{"line":17,"column":4},"end":{"line":19,"column":8}},"9":{"start":{"line":21,"column":2},"end":{"line":21,"column":26}},"10":{"start":{"line":22,"column":2},"end":{"line":22,"column":9}},"11":{"start":{"line":34,"column":0},"end":{"line":34,"column":69}},"12":{"start":{"line":40,"column":0},"end":{"line":47,"column":3}},"13":{"start":{"line":41,"column":15},"end":{"line":41,"column":25}},"14":{"start":{"line":42,"column":14},"end":{"line":42,"column":37}},"15":{"start":{"line":43,"column":2},"end":{"line":45,"column":3}},"16":{"start":{"line":44,"column":4},"end":{"line":44,"column":76}},"17":{"start":{"line":46,"column":2},"end":{"line":46,"column":9}},"18":{"start":{"line":49,"column":0},"end":{"line":51,"column":3}},"19":{"start":{"line":50,"column":2},"end":{"line":50,"column":9}}},"fnMap":{"0":{"name":"(anonymous_0)","decl":{"start":{"line":13,"column":41},"end":{"line":13,"column":42}},"loc":{"start":{"line":13,"column":67},"end":{"line":23,"column":1}},"line":13},"1":{"name":"(anonymous_1)","decl":{"start":{"line":40,"column":39},"end":{"line":40,"column":40}},"loc":{"start":{"line":40,"column":65},"end":{"line":47,"column":1}},"line":40},"2":{"name":"(anonymous_2)","decl":{"start":{"line":49,"column":37},"end":{"line":49,"column":38}},"loc":{"start":{"line":49,"column":61},"end":{"line":51,"column":1}},"line":49}},"branchMap":{"0":{"loc":{"start":{"line":16,"column":2},"end":{"line":20,"column":3}},"type":"if","locations":[{"start":{"line":16,"column":2},"end":{"line":20,"column":3}},{"start":{"line":16,"column":2},"end":{"line":20,"column":3}}],"line":16},"1":{"loc":{"start":{"line":43,"column":2},"end":{"line":45,"column":3}},"type":"if","locations":[{"start":{"line":43,"column":2},"end":{"line":45,"column":3}},{"start":{"line":43,"column":2},"end":{"line":45,"column":3}}],"line":43}},"s":{"0":4,"1":4,"2":4,"3":4,"4":4,"5":0,"6":0,"7":0,"8":0,"9":0,"10":0,"11":4,"12":4,"13":0,"14":0,"15":0,"16":0,"17":0,"18":4,"19":0},"f":{"0":0,"1":0,"2":0},"b":{"0":[0,0],"1":[0,0]},"_coverageSchema":"1a1c01bbd47fc00a2c39e90264f33305004495a9","hash":"0ca46ca2a185301ce88280318f1b092fb531e27f"}
,"/home/piyush/myApp/server/src/app/helium/models/question.js": {"path":"/home/piyush/myApp/server/src/app/helium/models/question.js","statementMap":{"0":{"start":{"line":1,"column":17},"end":{"line":1,"column":36}},"1":{"start":{"line":3,"column":15},"end":{"line":9,"column":1}},"2":{"start":{"line":11,"column":13},"end":{"line":11,"column":67}},"3":{"start":{"line":12,"column":0},"end":{"line":12,"column":49}}},"fnMap":{},"branchMap":{},"s":{"0":4,"1":4,"2":4,"3":4},"f":{},"b":{},"_coverageSchema":"1a1c01bbd47fc00a2c39e90264f33305004495a9","hash":"d5c12c77b57c80f0f14780a15de29a73401110a1"}
,"/home/piyush/myApp/server/src/app/helium/models/quiz.js": {"path":"/home/piyush/myApp/server/src/app/helium/models/quiz.js","statementMap":{"0":{"start":{"line":1,"column":17},"end":{"line":1,"column":36}},"1":{"start":{"line":3,"column":15},"end":{"line":8,"column":1}},"2":{"start":{"line":10,"column":13},"end":{"line":10,"column":67}},"3":{"start":{"line":11,"column":0},"end":{"line":11,"column":44}}},"fnMap":{},"branchMap":{},"s":{"0":4,"1":4,"2":4,"3":4},"f":{},"b":{},"_coverageSchema":"1a1c01bbd47fc00a2c39e90264f33305004495a9","hash":"7f5cd91e946ed199eb0cfad1c86a7b59e0e21201"}
,"/home/piyush/myApp/server/src/app/helium/models/user.js": {"path":"/home/piyush/myApp/server/src/app/helium/models/user.js","statementMap":{"0":{"start":{"line":1,"column":17},"end":{"line":1,"column":36}},"1":{"start":{"line":3,"column":15},"end":{"line":9,"column":1}},"2":{"start":{"line":11,"column":13},"end":{"line":11,"column":67}},"3":{"start":{"line":12,"column":0},"end":{"line":12,"column":45}}},"fnMap":{},"branchMap":{},"s":{"0":4,"1":4,"2":4,"3":4},"f":{},"b":{},"_coverageSchema":"1a1c01bbd47fc00a2c39e90264f33305004495a9","hash":"961ee85f090e82f1c06e4eae27bd9278ec6fa539"}
,"/home/piyush/myApp/server/src/app/helium/routes/auth.js": {"path":"/home/piyush/myApp/server/src/app/helium/routes/auth.js","statementMap":{"0":{"start":{"line":1,"column":19},"end":{"line":1,"column":49}},"1":{"start":{"line":2,"column":15},"end":{"line":2,"column":40}},"2":{"start":{"line":3,"column":19},"end":{"line":3,"column":56}},"3":{"start":{"line":5,"column":0},"end":{"line":36,"column":2}}},"fnMap":{},"branchMap":{},"s":{"0":4,"1":4,"2":4,"3":4},"f":{},"b":{},"_coverageSchema":"1a1c01bbd47fc00a2c39e90264f33305004495a9","hash":"ae6a1987192cf48f220d37cce8dad11413127c8f"}
,"/home/piyush/myApp/server/src/app/helium/routes/health.js": {"path":"/home/piyush/myApp/server/src/app/helium/routes/health.js","statementMap":{"0":{"start":{"line":1,"column":25},"end":{"line":1,"column":57}},"1":{"start":{"line":3,"column":0},"end":{"line":9,"column":2}}},"fnMap":{},"branchMap":{},"s":{"0":4,"1":4},"f":{},"b":{},"_coverageSchema":"1a1c01bbd47fc00a2c39e90264f33305004495a9","hash":"cd204ea028c0ea6a407db830abc1ce70efe4da30"}
,"/home/piyush/myApp/server/src/app/helium/routes/index.js": {"path":"/home/piyush/myApp/server/src/app/helium/routes/index.js","statementMap":{"0":{"start":{"line":1,"column":15},"end":{"line":1,"column":34}},"1":{"start":{"line":2,"column":13},"end":{"line":2,"column":30}},"2":{"start":{"line":3,"column":13},"end":{"line":3,"column":30}},"3":{"start":{"line":4,"column":18},"end":{"line":4,"column":39}},"4":{"start":{"line":6,"column":0},"end":{"line":19,"column":2}},"5":{"start":{"line":7,"column":15},"end":{"line":7,"column":17}},"6":{"start":{"line":9,"column":2},"end":{"line":9,"column":33}},"7":{"start":{"line":10,"column":2},"end":{"line":10,"column":31}},"8":{"start":{"line":11,"column":2},"end":{"line":11,"column":31}},"9":{"start":{"line":12,"column":2},"end":{"line":12,"column":36}},"10":{"start":{"line":14,"column":2},"end":{"line":16,"column":5}},"11":{"start":{"line":15,"column":4},"end":{"line":15,"column":34}},"12":{"start":{"line":18,"column":2},"end":{"line":18,"column":16}}},"fnMap":{"0":{"name":"(anonymous_0)","decl":{"start":{"line":6,"column":17},"end":{"line":6,"column":18}},"loc":{"start":{"line":6,"column":23},"end":{"line":19,"column":1}},"line":6},"1":{"name":"(anonymous_1)","decl":{"start":{"line":14,"column":17},"end":{"line":14,"column":18}},"loc":{"start":{"line":14,"column":24},"end":{"line":16,"column":3}},"line":14}},"branchMap":{},"s":{"0":4,"1":4,"2":4,"3":4,"4":4,"5":4,"6":4,"7":4,"8":4,"9":4,"10":4,"11":56,"12":4},"f":{"0":4,"1":56},"b":{},"_coverageSchema":"1a1c01bbd47fc00a2c39e90264f33305004495a9","hash":"f17384417ee0e6c59b5424b5401de1af33c879b2"}
,"/home/piyush/myApp/server/src/app/helium/routes/question.js": {"path":"/home/piyush/myApp/server/src/app/helium/routes/question.js","statementMap":{"0":{"start":{"line":1,"column":19},"end":{"line":1,"column":53}},"1":{"start":{"line":2,"column":15},"end":{"line":2,"column":44}},"2":{"start":{"line":3,"column":19},"end":{"line":3,"column":56}},"3":{"start":{"line":5,"column":0},"end":{"line":41,"column":2}}},"fnMap":{},"branchMap":{},"s":{"0":4,"1":4,"2":4,"3":4},"f":{},"b":{},"_coverageSchema":"1a1c01bbd47fc00a2c39e90264f33305004495a9","hash":"d32477801e0a61802b04931742fb850c00a03219"}
,"/home/piyush/myApp/server/src/app/helium/routes/quiz.js": {"path":"/home/piyush/myApp/server/src/app/helium/routes/quiz.js","statementMap":{"0":{"start":{"line":1,"column":23},"end":{"line":1,"column":53}},"1":{"start":{"line":2,"column":19},"end":{"line":2,"column":56}},"2":{"start":{"line":3,"column":15},"end":{"line":3,"column":40}},"3":{"start":{"line":5,"column":0},"end":{"line":34,"column":2}}},"fnMap":{},"branchMap":{},"s":{"0":4,"1":4,"2":4,"3":4},"f":{},"b":{},"_coverageSchema":"1a1c01bbd47fc00a2c39e90264f33305004495a9","hash":"8c87f5f2dc498e42cf6c2690238f26dea3af1132"}
,"/home/piyush/myApp/server/src/app/helium/schema/auth.js": {"path":"/home/piyush/myApp/server/src/app/helium/schema/auth.js","statementMap":{"0":{"start":{"line":1,"column":14},"end":{"line":1,"column":34}},"1":{"start":{"line":3,"column":0},"end":{"line":33,"column":2}}},"fnMap":{},"branchMap":{},"s":{"0":4,"1":4},"f":{},"b":{},"_coverageSchema":"1a1c01bbd47fc00a2c39e90264f33305004495a9","hash":"b7bd61cfa65315e6975466694929338fe86ebfe1"}
,"/home/piyush/myApp/server/src/app/helium/schema/question.js": {"path":"/home/piyush/myApp/server/src/app/helium/schema/question.js","statementMap":{"0":{"start":{"line":1,"column":14},"end":{"line":1,"column":34}},"1":{"start":{"line":3,"column":0},"end":{"line":31,"column":2}}},"fnMap":{},"branchMap":{},"s":{"0":4,"1":4},"f":{},"b":{},"_coverageSchema":"1a1c01bbd47fc00a2c39e90264f33305004495a9","hash":"f25ec645550edd7e572a3e01f14a24c92ae6dc1f"}
,"/home/piyush/myApp/server/src/app/helium/schema/quiz.js": {"path":"/home/piyush/myApp/server/src/app/helium/schema/quiz.js","statementMap":{"0":{"start":{"line":1,"column":14},"end":{"line":1,"column":34}},"1":{"start":{"line":3,"column":0},"end":{"line":20,"column":2}}},"fnMap":{},"branchMap":{},"s":{"0":4,"1":4},"f":{},"b":{},"_coverageSchema":"1a1c01bbd47fc00a2c39e90264f33305004495a9","hash":"d75f100f968f7b83ab569b10430c54c833776fee"}
,"/home/piyush/myApp/server/src/app/neon/controllers/health.js": {"path":"/home/piyush/myApp/server/src/app/neon/controllers/health.js","statementMap":{"0":{"start":{"line":1,"column":0},"end":{"line":3,"column":2}},"1":{"start":{"line":2,"column":2},"end":{"line":2,"column":39}}},"fnMap":{"0":{"name":"(anonymous_0)","decl":{"start":{"line":1,"column":14},"end":{"line":1,"column":15}},"loc":{"start":{"line":1,"column":34},"end":{"line":3,"column":1}},"line":1}},"branchMap":{},"s":{"0":4,"1":0},"f":{"0":0},"b":{},"_coverageSchema":"1a1c01bbd47fc00a2c39e90264f33305004495a9","hash":"662edbb901fc87960e7338eb8a706908a44e64c8"}
,"/home/piyush/myApp/server/src/app/neon/controllers/neon.js": {"path":"/home/piyush/myApp/server/src/app/neon/controllers/neon.js","statementMap":{"0":{"start":{"line":1,"column":20},"end":{"line":1,"column":53}},"1":{"start":{"line":2,"column":14},"end":{"line":2,"column":39}},"2":{"start":{"line":3,"column":0},"end":{"line":9,"column":2}},"3":{"start":{"line":4,"column":15},"end":{"line":7,"column":3}},"4":{"start":{"line":8,"column":2},"end":{"line":8,"column":40}},"5":{"start":{"line":11,"column":0},"end":{"line":28,"column":2}},"6":{"start":{"line":12,"column":2},"end":{"line":27,"column":3}},"7":{"start":{"line":13,"column":16},"end":{"line":13,"column":29}},"8":{"start":{"line":14,"column":4},"end":{"line":23,"column":5}},"9":{"start":{"line":15,"column":6},"end":{"line":15,"column":43}},"10":{"start":{"line":16,"column":11},"end":{"line":23,"column":5}},"11":{"start":{"line":17,"column":23},"end":{"line":17,"column":54}},"12":{"start":{"line":18,"column":6},"end":{"line":22,"column":7}},"13":{"start":{"line":19,"column":8},"end":{"line":21,"column":11}},"14":{"start":{"line":24,"column":4},"end":{"line":24,"column":108}},"15":{"start":{"line":26,"column":4},"end":{"line":26,"column":47}}},"fnMap":{"0":{"name":"(anonymous_0)","decl":{"start":{"line":3,"column":18},"end":{"line":3,"column":19}},"loc":{"start":{"line":3,"column":44},"end":{"line":9,"column":1}},"line":3},"1":{"name":"(anonymous_1)","decl":{"start":{"line":11,"column":27},"end":{"line":11,"column":28}},"loc":{"start":{"line":11,"column":53},"end":{"line":28,"column":1}},"line":11}},"branchMap":{"0":{"loc":{"start":{"line":14,"column":4},"end":{"line":23,"column":5}},"type":"if","locations":[{"start":{"line":14,"column":4},"end":{"line":23,"column":5}},{"start":{"line":14,"column":4},"end":{"line":23,"column":5}}],"line":14},"1":{"loc":{"start":{"line":14,"column":8},"end":{"line":14,"column":56}},"type":"binary-expr","locations":[{"start":{"line":14,"column":8},"end":{"line":14,"column":31}},{"start":{"line":14,"column":35},"end":{"line":14,"column":56}}],"line":14},"2":{"loc":{"start":{"line":16,"column":11},"end":{"line":23,"column":5}},"type":"if","locations":[{"start":{"line":16,"column":11},"end":{"line":23,"column":5}},{"start":{"line":16,"column":11},"end":{"line":23,"column":5}}],"line":16},"3":{"loc":{"start":{"line":18,"column":6},"end":{"line":22,"column":7}},"type":"if","locations":[{"start":{"line":18,"column":6},"end":{"line":22,"column":7}},{"start":{"line":18,"column":6},"end":{"line":22,"column":7}}],"line":18}},"s":{"0":4,"1":4,"2":4,"3":0,"4":0,"5":4,"6":0,"7":0,"8":0,"9":0,"10":0,"11":0,"12":0,"13":0,"14":0,"15":0},"f":{"0":0,"1":0},"b":{"0":[0,0],"1":[0,0],"2":[0,0],"3":[0,0]},"_coverageSchema":"1a1c01bbd47fc00a2c39e90264f33305004495a9","hash":"a989c7cbf177f30078add9352aa896b8a84a3619"}
,"/home/piyush/myApp/server/src/app/neon/routes/health.js": {"path":"/home/piyush/myApp/server/src/app/neon/routes/health.js","statementMap":{"0":{"start":{"line":1,"column":25},"end":{"line":1,"column":57}},"1":{"start":{"line":3,"column":0},"end":{"line":9,"column":2}}},"fnMap":{},"branchMap":{},"s":{"0":4,"1":4},"f":{},"b":{},"_coverageSchema":"1a1c01bbd47fc00a2c39e90264f33305004495a9","hash":"3d93c23d89bb98346b8e9a06fc10e4b153499f4c"}
,"/home/piyush/myApp/server/src/app/neon/routes/index.js": {"path":"/home/piyush/myApp/server/src/app/neon/routes/index.js","statementMap":{"0":{"start":{"line":1,"column":15},"end":{"line":1,"column":34}},"1":{"start":{"line":2,"column":13},"end":{"line":2,"column":30}},"2":{"start":{"line":4,"column":0},"end":{"line":15,"column":2}},"3":{"start":{"line":5,"column":15},"end":{"line":5,"column":17}},"4":{"start":{"line":7,"column":2},"end":{"line":7,"column":33}},"5":{"start":{"line":8,"column":2},"end":{"line":8,"column":31}},"6":{"start":{"line":10,"column":2},"end":{"line":12,"column":5}},"7":{"start":{"line":11,"column":4},"end":{"line":11,"column":32}},"8":{"start":{"line":14,"column":2},"end":{"line":14,"column":16}}},"fnMap":{"0":{"name":"(anonymous_0)","decl":{"start":{"line":4,"column":17},"end":{"line":4,"column":18}},"loc":{"start":{"line":4,"column":23},"end":{"line":15,"column":1}},"line":4},"1":{"name":"(anonymous_1)","decl":{"start":{"line":10,"column":17},"end":{"line":10,"column":18}},"loc":{"start":{"line":10,"column":24},"end":{"line":12,"column":3}},"line":10}},"branchMap":{},"s":{"0":4,"1":4,"2":4,"3":4,"4":4,"5":4,"6":4,"7":12,"8":4},"f":{"0":4,"1":12},"b":{},"_coverageSchema":"1a1c01bbd47fc00a2c39e90264f33305004495a9","hash":"7ad3904ae28fcbed2ddebb980149fe781332d623"}
,"/home/piyush/myApp/server/src/app/neon/routes/neon.js": {"path":"/home/piyush/myApp/server/src/app/neon/routes/neon.js","statementMap":{"0":{"start":{"line":1,"column":19},"end":{"line":1,"column":49}},"1":{"start":{"line":2,"column":0},"end":{"line":13,"column":2}}},"fnMap":{},"branchMap":{},"s":{"0":4,"1":4},"f":{},"b":{},"_coverageSchema":"1a1c01bbd47fc00a2c39e90264f33305004495a9","hash":"c46991eca6894062a97d701f1c79af8f3e8bd8b1"}
,"/home/piyush/myApp/server/src/app/neon/utils/utils.js": {"path":"/home/piyush/myApp/server/src/app/neon/utils/utils.js","statementMap":{"0":{"start":{"line":1,"column":11},"end":{"line":1,"column":41}},"1":{"start":{"line":2,"column":13},"end":{"line":2,"column":33}},"2":{"start":{"line":4,"column":0},"end":{"line":9,"column":2}},"3":{"start":{"line":5,"column":2},"end":{"line":5,"column":72}},"4":{"start":{"line":6,"column":2},"end":{"line":7,"column":17}},"5":{"start":{"line":8,"column":2},"end":{"line":8,"column":13}},"6":{"start":{"line":10,"column":0},"end":{"line":17,"column":2}},"7":{"start":{"line":11,"column":15},"end":{"line":11,"column":36}},"8":{"start":{"line":12,"column":2},"end":{"line":16,"column":3}},"9":{"start":{"line":13,"column":4},"end":{"line":13,"column":16}},"10":{"start":{"line":15,"column":4},"end":{"line":15,"column":17}}},"fnMap":{"0":{"name":"(anonymous_0)","decl":{"start":{"line":4,"column":24},"end":{"line":4,"column":25}},"loc":{"start":{"line":4,"column":38},"end":{"line":9,"column":1}},"line":4},"1":{"name":"(anonymous_1)","decl":{"start":{"line":10,"column":25},"end":{"line":10,"column":26}},"loc":{"start":{"line":10,"column":40},"end":{"line":17,"column":1}},"line":10}},"branchMap":{"0":{"loc":{"start":{"line":12,"column":2},"end":{"line":16,"column":3}},"type":"if","locations":[{"start":{"line":12,"column":2},"end":{"line":16,"column":3}},{"start":{"line":12,"column":2},"end":{"line":16,"column":3}}],"line":12}},"s":{"0":4,"1":4,"2":4,"3":0,"4":0,"5":0,"6":4,"7":0,"8":0,"9":0,"10":0},"f":{"0":0,"1":0},"b":{"0":[0,0]},"_coverageSchema":"1a1c01bbd47fc00a2c39e90264f33305004495a9","hash":"47a69055ec50758c9ad0307811a581bea2f94762"}
,"/home/piyush/myApp/server/src/config/db.js": {"path":"/home/piyush/myApp/server/src/config/db.js","statementMap":{"0":{"start":{"line":1,"column":15},"end":{"line":1,"column":42}},"1":{"start":{"line":2,"column":17},"end":{"line":2,"column":36}},"2":{"start":{"line":3,"column":13},"end":{"line":3,"column":28}},"3":{"start":{"line":12,"column":4},"end":{"line":12,"column":15}},"4":{"start":{"line":16,"column":0},"end":{"line":20,"column":1}},"5":{"start":{"line":17,"column":2},"end":{"line":17,"column":139}},"6":{"start":{"line":19,"column":2},"end":{"line":19,"column":108}},"7":{"start":{"line":22,"column":0},"end":{"line":22,"column":17}},"8":{"start":{"line":24,"column":16},"end":{"line":28,"column":1}},"9":{"start":{"line":29,"column":0},"end":{"line":35,"column":7}},"10":{"start":{"line":31,"column":6},"end":{"line":31,"column":43}},"11":{"start":{"line":34,"column":6},"end":{"line":34,"column":40}},"12":{"start":{"line":38,"column":0},"end":{"line":38,"column":26}}},"fnMap":{"0":{"name":"(anonymous_0)","decl":{"start":{"line":30,"column":10},"end":{"line":30,"column":11}},"loc":{"start":{"line":30,"column":17},"end":{"line":32,"column":5}},"line":30},"1":{"name":"(anonymous_1)","decl":{"start":{"line":33,"column":11},"end":{"line":33,"column":12}},"loc":{"start":{"line":33,"column":22},"end":{"line":35,"column":5}},"line":33}},"branchMap":{"0":{"loc":{"start":{"line":16,"column":0},"end":{"line":20,"column":1}},"type":"if","locations":[{"start":{"line":16,"column":0},"end":{"line":20,"column":1}},{"start":{"line":16,"column":0},"end":{"line":20,"column":1}}],"line":16}},"s":{"0":4,"1":4,"2":4,"3":4,"4":4,"5":4,"6":0,"7":4,"8":4,"9":4,"10":2,"11":0,"12":4},"f":{"0":2,"1":0},"b":{"0":[4,0]},"_coverageSchema":"1a1c01bbd47fc00a2c39e90264f33305004495a9","hash":"c72d9c4a1c7f14a42bc329d176c28257730a100e"}
,"/home/piyush/myApp/server/src/config/logger.js": {"path":"/home/piyush/myApp/server/src/config/logger.js","statementMap":{"0":{"start":{"line":1,"column":16},"end":{"line":1,"column":34}},"1":{"start":{"line":3,"column":14},"end":{"line":3,"column":46}},"2":{"start":{"line":5,"column":22},"end":{"line":5,"column":75}},"3":{"start":{"line":7,"column":0},"end":{"line":9,"column":1}},"4":{"start":{"line":8,"column":2},"end":{"line":8,"column":44}},"5":{"start":{"line":12,"column":0},"end":{"line":29,"column":1}},"6":{"start":{"line":13,"column":2},"end":{"line":20,"column":5}},"7":{"start":{"line":22,"column":2},"end":{"line":28,"column":5}},"8":{"start":{"line":31,"column":0},"end":{"line":31,"column":23}},"9":{"start":{"line":32,"column":0},"end":{"line":32,"column":24}}},"fnMap":{},"branchMap":{"0":{"loc":{"start":{"line":3,"column":14},"end":{"line":3,"column":46}},"type":"binary-expr","locations":[{"start":{"line":3,"column":14},"end":{"line":3,"column":35}},{"start":{"line":3,"column":39},"end":{"line":3,"column":46}}],"line":3},"1":{"loc":{"start":{"line":7,"column":0},"end":{"line":9,"column":1}},"type":"if","locations":[{"start":{"line":7,"column":0},"end":{"line":9,"column":1}},{"start":{"line":7,"column":0},"end":{"line":9,"column":1}}],"line":7},"2":{"loc":{"start":{"line":12,"column":0},"end":{"line":29,"column":1}},"type":"if","locations":[{"start":{"line":12,"column":0},"end":{"line":29,"column":1}},{"start":{"line":12,"column":0},"end":{"line":29,"column":1}}],"line":12}},"s":{"0":4,"1":4,"2":4,"3":4,"4":0,"5":4,"6":0,"7":4,"8":4,"9":4},"f":{},"b":{"0":[4,4],"1":[0,4],"2":[0,4]},"_coverageSchema":"1a1c01bbd47fc00a2c39e90264f33305004495a9","hash":"07a1a8268228b4edb0a62fe50b03b44a5ea101ca"}
,"/home/piyush/myApp/server/src/config/passport.js": {"path":"/home/piyush/myApp/server/src/config/passport.js","statementMap":{"0":{"start":{"line":1,"column":17},"end":{"line":1,"column":36}},"1":{"start":{"line":3,"column":20},"end":{"line":3,"column":43}},"2":{"start":{"line":5,"column":19},"end":{"line":5,"column":45}},"3":{"start":{"line":6,"column":20},"end":{"line":6,"column":47}},"4":{"start":{"line":7,"column":13},"end":{"line":7,"column":48}},"5":{"start":{"line":9,"column":20},"end":{"line":9,"column":40}},"6":{"start":{"line":10,"column":19},"end":{"line":10,"column":41}},"7":{"start":{"line":12,"column":0},"end":{"line":33,"column":2}},"8":{"start":{"line":13,"column":2},"end":{"line":32,"column":3}},"9":{"start":{"line":14,"column":4},"end":{"line":16,"column":5}},"10":{"start":{"line":15,"column":6},"end":{"line":15,"column":68}},"11":{"start":{"line":18,"column":15},"end":{"line":18,"column":33}},"12":{"start":{"line":19,"column":17},"end":{"line":19,"column":40}},"13":{"start":{"line":21,"column":4},"end":{"line":23,"column":5}},"14":{"start":{"line":22,"column":6},"end":{"line":22,"column":68}},"15":{"start":{"line":25,"column":4},"end":{"line":25,"column":28}},"16":{"start":{"line":27,"column":4},"end":{"line":31,"column":12}},"17":{"start":{"line":34,"column":0},"end":{"line":37,"column":33}}},"fnMap":{"0":{"name":"(anonymous_0)","decl":{"start":{"line":12,"column":30},"end":{"line":12,"column":31}},"loc":{"start":{"line":12,"column":58},"end":{"line":33,"column":1}},"line":12}},"branchMap":{"0":{"loc":{"start":{"line":14,"column":4},"end":{"line":16,"column":5}},"type":"if","locations":[{"start":{"line":14,"column":4},"end":{"line":16,"column":5}},{"start":{"line":14,"column":4},"end":{"line":16,"column":5}}],"line":14},"1":{"loc":{"start":{"line":21,"column":4},"end":{"line":23,"column":5}},"type":"if","locations":[{"start":{"line":21,"column":4},"end":{"line":23,"column":5}},{"start":{"line":21,"column":4},"end":{"line":23,"column":5}}],"line":21}},"s":{"0":4,"1":4,"2":4,"3":4,"4":4,"5":4,"6":4,"7":4,"8":0,"9":0,"10":0,"11":0,"12":0,"13":0,"14":0,"15":0,"16":0,"17":4},"f":{"0":0},"b":{"0":[0,0],"1":[0,0]},"_coverageSchema":"1a1c01bbd47fc00a2c39e90264f33305004495a9","hash":"d2dc2fab5e14c8c4ed5c461a183b9f2f288106ed"}
,"/home/piyush/myApp/server/src/errors/app.js": {"path":"/home/piyush/myApp/server/src/errors/app.js","statementMap":{"0":{"start":{"line":7,"column":0},"end":{"line":29,"column":2}},"1":{"start":{"line":18,"column":4},"end":{"line":18,"column":19}},"2":{"start":{"line":21,"column":4},"end":{"line":21,"column":38}},"3":{"start":{"line":24,"column":4},"end":{"line":24,"column":52}},"4":{"start":{"line":26,"column":4},"end":{"line":26,"column":40}},"5":{"start":{"line":27,"column":4},"end":{"line":27,"column":23}}},"fnMap":{"0":{"name":"(anonymous_0)","decl":{"start":{"line":16,"column":2},"end":{"line":16,"column":3}},"loc":{"start":{"line":16,"column":44},"end":{"line":28,"column":3}},"line":16}},"branchMap":{"0":{"loc":{"start":{"line":26,"column":22},"end":{"line":26,"column":39}},"type":"binary-expr","locations":[{"start":{"line":26,"column":22},"end":{"line":26,"column":32}},{"start":{"line":26,"column":36},"end":{"line":26,"column":39}}],"line":26}},"s":{"0":4,"1":2,"2":2,"3":2,"4":2,"5":2},"f":{"0":2},"b":{"0":[2,0]},"_coverageSchema":"1a1c01bbd47fc00a2c39e90264f33305004495a9","hash":"0ccb98b6819f1258af2cb49bef784e29207bd678"}
,"/home/piyush/myApp/server/src/errors/client.js": {"path":"/home/piyush/myApp/server/src/errors/client.js","statementMap":{"0":{"start":{"line":1,"column":17},"end":{"line":1,"column":33}},"1":{"start":{"line":8,"column":0},"end":{"line":21,"column":2}},"2":{"start":{"line":18,"column":19},"end":{"line":18,"column":36}},"3":{"start":{"line":19,"column":4},"end":{"line":19,"column":64}}},"fnMap":{"0":{"name":"(anonymous_0)","decl":{"start":{"line":17,"column":2},"end":{"line":17,"column":3}},"loc":{"start":{"line":17,"column":44},"end":{"line":20,"column":3}},"line":17}},"branchMap":{"0":{"loc":{"start":{"line":18,"column":19},"end":{"line":18,"column":36}},"type":"binary-expr","locations":[{"start":{"line":18,"column":19},"end":{"line":18,"column":29}},{"start":{"line":18,"column":33},"end":{"line":18,"column":36}}],"line":18}},"s":{"0":4,"1":4,"2":2,"3":2},"f":{"0":2},"b":{"0":[2,2]},"_coverageSchema":"1a1c01bbd47fc00a2c39e90264f33305004495a9","hash":"9864bfecbb622ed000f06bdc5213d477b8ab9806"}
,"/home/piyush/myApp/server/src/errors/index.js": {"path":"/home/piyush/myApp/server/src/errors/index.js","statementMap":{"0":{"start":{"line":1,"column":12},"end":{"line":1,"column":28}},"1":{"start":{"line":2,"column":14},"end":{"line":2,"column":32}},"2":{"start":{"line":3,"column":15},"end":{"line":3,"column":34}},"3":{"start":{"line":4,"column":15},"end":{"line":4,"column":34}},"4":{"start":{"line":6,"column":0},"end":{"line":11,"column":2}}},"fnMap":{},"branchMap":{},"s":{"0":4,"1":4,"2":4,"3":4,"4":4},"f":{},"b":{},"_coverageSchema":"1a1c01bbd47fc00a2c39e90264f33305004495a9","hash":"3497b01e9cb55b23fb2e6d2a96daa2073dffacd3"}
,"/home/piyush/myApp/server/src/errors/server.js": {"path":"/home/piyush/myApp/server/src/errors/server.js","statementMap":{"0":{"start":{"line":1,"column":17},"end":{"line":1,"column":33}},"1":{"start":{"line":8,"column":0},"end":{"line":26,"column":2}},"2":{"start":{"line":18,"column":27},"end":{"line":20,"column":53}},"3":{"start":{"line":21,"column":19},"end":{"line":21,"column":36}},"4":{"start":{"line":22,"column":4},"end":{"line":24,"column":6}}},"fnMap":{"0":{"name":"(anonymous_0)","decl":{"start":{"line":17,"column":2},"end":{"line":17,"column":3}},"loc":{"start":{"line":17,"column":44},"end":{"line":25,"column":3}},"line":17}},"branchMap":{"0":{"loc":{"start":{"line":18,"column":27},"end":{"line":20,"column":53}},"type":"binary-expr","locations":[{"start":{"line":18,"column":27},"end":{"line":18,"column":34}},{"start":{"line":19,"column":8},"end":{"line":20,"column":53}}],"line":18},"1":{"loc":{"start":{"line":21,"column":19},"end":{"line":21,"column":36}},"type":"binary-expr","locations":[{"start":{"line":21,"column":19},"end":{"line":21,"column":29}},{"start":{"line":21,"column":33},"end":{"line":21,"column":36}}],"line":21}},"s":{"0":4,"1":4,"2":0,"3":0,"4":0},"f":{"0":0},"b":{"0":[0,0],"1":[0,0]},"_coverageSchema":"1a1c01bbd47fc00a2c39e90264f33305004495a9","hash":"d8ae221e8e64e6565a2b90e4ea55cfdcd9708d42"}
,"/home/piyush/myApp/server/src/errors/token.js": {"path":"/home/piyush/myApp/server/src/errors/token.js","statementMap":{"0":{"start":{"line":1,"column":20},"end":{"line":1,"column":39}},"1":{"start":{"line":8,"column":0},"end":{"line":21,"column":2}},"2":{"start":{"line":17,"column":23},"end":{"line":17,"column":26}},"3":{"start":{"line":18,"column":27},"end":{"line":18,"column":78}},"4":{"start":{"line":19,"column":4},"end":{"line":19,"column":75}}},"fnMap":{"0":{"name":"(anonymous_0)","decl":{"start":{"line":15,"column":2},"end":{"line":15,"column":3}},"loc":{"start":{"line":15,"column":32},"end":{"line":20,"column":3}},"line":15}},"branchMap":{"0":{"loc":{"start":{"line":18,"column":27},"end":{"line":18,"column":78}},"type":"binary-expr","locations":[{"start":{"line":18,"column":27},"end":{"line":18,"column":34}},{"start":{"line":18,"column":38},"end":{"line":18,"column":78}}],"line":18}},"s":{"0":4,"1":4,"2":0,"3":0,"4":0},"f":{"0":0},"b":{"0":[0,0]},"_coverageSchema":"1a1c01bbd47fc00a2c39e90264f33305004495a9","hash":"2c3ed8ecf710c6965e0447ba27c04c44698c6ebf"}
,"/home/piyush/myApp/server/src/utils/auth_utils.js": {"path":"/home/piyush/myApp/server/src/utils/auth_utils.js","statementMap":{"0":{"start":{"line":1,"column":12},"end":{"line":1,"column":35}},"1":{"start":{"line":2,"column":15},"end":{"line":2,"column":32}},"2":{"start":{"line":4,"column":18},"end":{"line":4,"column":40}},"3":{"start":{"line":5,"column":19},"end":{"line":5,"column":47}},"4":{"start":{"line":14,"column":16},"end":{"line":22,"column":1}},"5":{"start":{"line":15,"column":18},"end":{"line":17,"column":3}},"6":{"start":{"line":18,"column":2},"end":{"line":20,"column":3}},"7":{"start":{"line":19,"column":4},"end":{"line":19,"column":25}},"8":{"start":{"line":21,"column":2},"end":{"line":21,"column":39}},"9":{"start":{"line":24,"column":0},"end":{"line":24,"column":26}},"10":{"start":{"line":26,"column":0},"end":{"line":26,"column":73}},"11":{"start":{"line":26,"column":43},"end":{"line":26,"column":72}},"12":{"start":{"line":36,"column":2},"end":{"line":36,"column":56}},"13":{"start":{"line":39,"column":0},"end":{"line":39,"column":52}},"14":{"start":{"line":50,"column":14},"end":{"line":50,"column":18}},"15":{"start":{"line":51,"column":2},"end":{"line":58,"column":3}},"16":{"start":{"line":53,"column":4},"end":{"line":53,"column":53}},"17":{"start":{"line":54,"column":9},"end":{"line":58,"column":3}},"18":{"start":{"line":55,"column":4},"end":{"line":55,"column":28}},"19":{"start":{"line":56,"column":9},"end":{"line":58,"column":3}},"20":{"start":{"line":57,"column":4},"end":{"line":57,"column":40}},"21":{"start":{"line":59,"column":2},"end":{"line":59,"column":15}},"22":{"start":{"line":62,"column":0},"end":{"line":62,"column":48}},"23":{"start":{"line":69,"column":0},"end":{"line":72,"column":2}},"24":{"start":{"line":70,"column":15},"end":{"line":70,"column":47}},"25":{"start":{"line":71,"column":2},"end":{"line":71,"column":43}}},"fnMap":{"0":{"name":"(anonymous_0)","decl":{"start":{"line":14,"column":16},"end":{"line":14,"column":17}},"loc":{"start":{"line":14,"column":46},"end":{"line":22,"column":1}},"line":14},"1":{"name":"(anonymous_1)","decl":{"start":{"line":26,"column":20},"end":{"line":26,"column":21}},"loc":{"start":{"line":26,"column":43},"end":{"line":26,"column":72}},"line":26},"2":{"name":"getJwtExpirationTime","decl":{"start":{"line":35,"column":9},"end":{"line":35,"column":29}},"loc":{"start":{"line":35,"column":32},"end":{"line":37,"column":1}},"line":35},"3":{"name":"extractAccessToken","decl":{"start":{"line":49,"column":9},"end":{"line":49,"column":27}},"loc":{"start":{"line":49,"column":33},"end":{"line":60,"column":1}},"line":49},"4":{"name":"(anonymous_4)","decl":{"start":{"line":69,"column":26},"end":{"line":69,"column":27}},"loc":{"start":{"line":69,"column":46},"end":{"line":72,"column":1}},"line":69}},"branchMap":{"0":{"loc":{"start":{"line":18,"column":2},"end":{"line":20,"column":3}},"type":"if","locations":[{"start":{"line":18,"column":2},"end":{"line":20,"column":3}},{"start":{"line":18,"column":2},"end":{"line":20,"column":3}}],"line":18},"1":{"loc":{"start":{"line":51,"column":2},"end":{"line":58,"column":3}},"type":"if","locations":[{"start":{"line":51,"column":2},"end":{"line":58,"column":3}},{"start":{"line":51,"column":2},"end":{"line":58,"column":3}}],"line":51},"2":{"loc":{"start":{"line":51,"column":6},"end":{"line":52,"column":60}},"type":"binary-expr","locations":[{"start":{"line":51,"column":6},"end":{"line":51,"column":31}},{"start":{"line":52,"column":8},"end":{"line":52,"column":60}}],"line":51},"3":{"loc":{"start":{"line":54,"column":9},"end":{"line":58,"column":3}},"type":"if","locations":[{"start":{"line":54,"column":9},"end":{"line":58,"column":3}},{"start":{"line":54,"column":9},"end":{"line":58,"column":3}}],"line":54},"4":{"loc":{"start":{"line":54,"column":13},"end":{"line":54,"column":41}},"type":"binary-expr","locations":[{"start":{"line":54,"column":13},"end":{"line":54,"column":22}},{"start":{"line":54,"column":26},"end":{"line":54,"column":41}}],"line":54},"5":{"loc":{"start":{"line":56,"column":9},"end":{"line":58,"column":3}},"type":"if","locations":[{"start":{"line":56,"column":9},"end":{"line":58,"column":3}},{"start":{"line":56,"column":9},"end":{"line":58,"column":3}}],"line":56},"6":{"loc":{"start":{"line":56,"column":13},"end":{"line":56,"column":55}},"type":"binary-expr","locations":[{"start":{"line":56,"column":13},"end":{"line":56,"column":24}},{"start":{"line":56,"column":28},"end":{"line":56,"column":55}}],"line":56}},"s":{"0":4,"1":4,"2":4,"3":4,"4":4,"5":0,"6":0,"7":0,"8":0,"9":4,"10":4,"11":0,"12":0,"13":4,"14":0,"15":0,"16":0,"17":0,"18":0,"19":0,"20":0,"21":0,"22":4,"23":4,"24":1,"25":1},"f":{"0":0,"1":0,"2":0,"3":0,"4":1},"b":{"0":[0,0],"1":[0,0],"2":[0,0],"3":[0,0],"4":[0,0],"5":[0,0],"6":[0,0]},"_coverageSchema":"1a1c01bbd47fc00a2c39e90264f33305004495a9","hash":"ea26c28863bf6ff29871ce8b41f05e321f587a56"}
,"/home/piyush/myApp/server/src/utils/constants.js": {"path":"/home/piyush/myApp/server/src/utils/constants.js","statementMap":{"0":{"start":{"line":1,"column":27},"end":{"line":1,"column":29}},"1":{"start":{"line":2,"column":20},"end":{"line":2,"column":45}},"2":{"start":{"line":3,"column":29},"end":{"line":3,"column":56}},"3":{"start":{"line":4,"column":34},"end":{"line":4,"column":55}},"4":{"start":{"line":6,"column":0},"end":{"line":11,"column":2}}},"fnMap":{},"branchMap":{},"s":{"0":4,"1":4,"2":4,"3":4,"4":4},"f":{},"b":{},"_coverageSchema":"1a1c01bbd47fc00a2c39e90264f33305004495a9","hash":"3ef54f2c0556ec0c5fb25bdc1ba29e481f7560e9"}
,"/home/piyush/myApp/server/src/utils/controller_utils.js": {"path":"/home/piyush/myApp/server/src/utils/controller_utils.js","statementMap":{"0":{"start":{"line":1,"column":20},"end":{"line":1,"column":42}},"1":{"start":{"line":15,"column":0},"end":{"line":33,"column":2}},"2":{"start":{"line":16,"column":16},"end":{"line":16,"column":34}},"3":{"start":{"line":17,"column":17},"end":{"line":17,"column":35}},"4":{"start":{"line":18,"column":19},"end":{"line":24,"column":3}},"5":{"start":{"line":27,"column":2},"end":{"line":31,"column":3}},"6":{"start":{"line":28,"column":21},"end":{"line":28,"column":45}},"7":{"start":{"line":29,"column":4},"end":{"line":29,"column":49}},"8":{"start":{"line":30,"column":4},"end":{"line":30,"column":69}},"9":{"start":{"line":32,"column":2},"end":{"line":32,"column":18}}},"fnMap":{"0":{"name":"(anonymous_0)","decl":{"start":{"line":15,"column":31},"end":{"line":15,"column":32}},"loc":{"start":{"line":15,"column":75},"end":{"line":33,"column":1}},"line":15}},"branchMap":{"0":{"loc":{"start":{"line":16,"column":16},"end":{"line":16,"column":34}},"type":"binary-expr","locations":[{"start":{"line":16,"column":16},"end":{"line":16,"column":28}},{"start":{"line":16,"column":32},"end":{"line":16,"column":34}}],"line":16},"1":{"loc":{"start":{"line":17,"column":17},"end":{"line":17,"column":35}},"type":"binary-expr","locations":[{"start":{"line":17,"column":17},"end":{"line":17,"column":30}},{"start":{"line":17,"column":34},"end":{"line":17,"column":35}}],"line":17},"2":{"loc":{"start":{"line":27,"column":2},"end":{"line":31,"column":3}},"type":"if","locations":[{"start":{"line":27,"column":2},"end":{"line":31,"column":3}},{"start":{"line":27,"column":2},"end":{"line":31,"column":3}}],"line":27}},"s":{"0":4,"1":4,"2":0,"3":0,"4":0,"5":0,"6":0,"7":0,"8":0,"9":0},"f":{"0":0},"b":{"0":[0,0],"1":[0,0],"2":[0,0]},"_coverageSchema":"1a1c01bbd47fc00a2c39e90264f33305004495a9","hash":"e97f85c5aab84b6802b3df638a5ebd2442eb8c4c"}
,"/home/piyush/myApp/server/src/utils/utils.js": {"path":"/home/piyush/myApp/server/src/utils/utils.js","statementMap":{"0":{"start":{"line":1,"column":0},"end":{"line":2,"column":78}},"1":{"start":{"line":2,"column":15},"end":{"line":2,"column":77}},"2":{"start":{"line":2,"column":46},"end":{"line":2,"column":76}}},"fnMap":{"0":{"name":"(anonymous_0)","decl":{"start":{"line":2,"column":4},"end":{"line":2,"column":5}},"loc":{"start":{"line":2,"column":15},"end":{"line":2,"column":77}},"line":2},"1":{"name":"(anonymous_1)","decl":{"start":{"line":2,"column":28},"end":{"line":2,"column":29}},"loc":{"start":{"line":2,"column":46},"end":{"line":2,"column":76}},"line":2}},"branchMap":{},"s":{"0":4,"1":1,"2":1},"f":{"0":1,"1":1},"b":{},"_coverageSchema":"1a1c01bbd47fc00a2c39e90264f33305004495a9","hash":"bfc3d414a98a6b8a2c80bcf6d051d151d3b0e21d"}
}
