TN:
SF:app.js
FN:34,(anonymous_0)
FN:39,(anonymous_1)
FN:64,(anonymous_2)
FN:67,(anonymous_3)
FN:75,(anonymous_4)
FNF:5
FNH:3
FNDA:14,(anonymous_0)
FNDA:0,(anonymous_1)
FNDA:0,(anonymous_2)
FNDA:6,(anonymous_3)
FNDA:6,(anonymous_4)
DA:1,4
DA:2,4
DA:3,4
DA:4,4
DA:5,4
DA:6,4
DA:7,4
DA:8,4
DA:9,4
DA:10,4
DA:11,4
DA:12,4
DA:14,4
DA:15,4
DA:17,4
DA:21,4
DA:22,4
DA:24,4
DA:25,4
DA:26,4
DA:27,4
DA:28,4
DA:31,4
DA:33,4
DA:35,14
DA:39,4
DA:42,4
DA:43,4
DA:45,0
DA:60,4
DA:62,4
DA:64,4
DA:65,0
DA:67,6
DA:75,4
DA:76,6
DA:77,6
DA:78,6
DA:80,6
DA:81,0
DA:82,0
DA:84,0
DA:86,6
DA:87,0
DA:91,6
DA:92,6
DA:93,0
DA:101,6
DA:108,0
DA:117,4
LF:50
LH:42
BRDA:42,0,0,4
BRDA:42,0,1,0
BRDA:80,1,0,0
BRDA:80,1,1,6
BRDA:81,2,0,0
BRDA:81,2,1,0
BRDA:81,3,0,0
BRDA:81,3,1,0
BRDA:86,4,0,0
BRDA:86,4,1,6
BRDA:91,5,0,6
BRDA:91,5,1,0
BRDA:92,6,0,0
BRDA:92,6,1,6
BRF:14
BRH:5
end_of_record
TN:
SF:src/app/index.js
FN:8,(anonymous_0)
FN:16,(anonymous_1)
FN:23,(anonymous_2)
FNF:3
FNH:3
FNDA:4,(anonymous_0)
FNDA:148,(anonymous_1)
FNDA:80,(anonymous_2)
DA:1,4
DA:2,4
DA:3,4
DA:4,4
DA:5,4
DA:6,4
DA:8,4
DA:9,4
DA:11,4
DA:12,4
DA:13,4
DA:14,4
DA:16,4
DA:17,148
DA:18,148
DA:19,148
DA:20,108
DA:22,148
DA:23,80
DA:25,148
DA:26,148
DA:28,148
LF:22
LH:22
BRDA:19,0,0,108
BRDA:19,0,1,40
BRDA:22,1,0,68
BRDA:22,1,1,80
BRDA:22,2,0,148
BRDA:22,2,1,68
BRDA:25,3,0,148
BRDA:25,3,1,0
BRF:8
BRH:7
end_of_record
TN:
SF:src/app/ballu/controllers/auth.js
FN:5,(anonymous_0)
FN:30,(anonymous_1)
FN:61,(anonymous_2)
FN:84,(anonymous_3)
FN:94,(anonymous_4)
FNF:5
FNH:0
FNDA:0,(anonymous_0)
FNDA:0,(anonymous_1)
FNDA:0,(anonymous_2)
FNDA:0,(anonymous_3)
FNDA:0,(anonymous_4)
DA:1,4
DA:2,4
DA:3,4
DA:5,4
DA:6,0
DA:7,0
DA:8,0
DA:9,0
DA:13,0
DA:18,0
DA:26,0
DA:30,4
DA:31,0
DA:32,0
DA:33,0
DA:35,0
DA:36,0
DA:38,0
DA:39,0
DA:40,0
DA:42,0
DA:44,0
DA:49,0
DA:57,0
DA:61,4
DA:62,0
DA:63,0
DA:64,0
DA:65,0
DA:67,0
DA:72,0
DA:80,0
DA:84,4
DA:85,0
DA:86,0
DA:90,0
DA:94,4
DA:95,0
DA:96,0
DA:98,0
DA:99,0
DA:100,0
DA:102,0
DA:104,0
DA:111,0
LF:45
LH:8
BRDA:8,0,0,0
BRDA:8,0,1,0
BRDA:32,1,0,0
BRDA:32,1,1,0
BRF:4
BRH:0
end_of_record
TN:
SF:src/app/ballu/controllers/health.js
FN:1,(anonymous_0)
FNF:1
FNH:1
FNDA:1,(anonymous_0)
DA:1,4
DA:2,1
LF:2
LH:2
BRF:0
BRH:0
end_of_record
TN:
SF:src/app/ballu/middlewares/auth.js
FN:20,(anonymous_0)
FNF:1
FNH:0
FNDA:0,(anonymous_0)
DA:1,4
DA:2,4
DA:3,4
DA:4,4
DA:14,4
DA:20,4
DA:21,0
DA:22,0
DA:23,0
DA:24,0
DA:26,0
LF:11
LH:6
BRDA:23,0,0,0
BRDA:23,0,1,0
BRF:2
BRH:0
end_of_record
TN:
SF:src/app/ballu/models/user.js
FNF:0
FNH:0
DA:1,4
DA:3,4
DA:13,4
DA:14,4
LF:4
LH:4
BRF:0
BRH:0
end_of_record
TN:
SF:src/app/ballu/routes/auth.js
FNF:0
FNH:0
DA:1,4
DA:2,4
DA:3,4
DA:5,4
LF:4
LH:4
BRF:0
BRH:0
end_of_record
TN:
SF:src/app/ballu/routes/health.js
FNF:0
FNH:0
DA:1,4
DA:3,4
LF:2
LH:2
BRF:0
BRH:0
end_of_record
TN:
SF:src/app/ballu/routes/index.js
FN:4,(anonymous_0)
FN:10,(anonymous_1)
FNF:2
FNH:2
FNDA:4,(anonymous_0)
FNDA:20,(anonymous_1)
DA:1,4
DA:2,4
DA:4,4
DA:5,4
DA:7,4
DA:8,4
DA:10,4
DA:11,20
DA:14,4
LF:9
LH:9
BRF:0
BRH:0
end_of_record
TN:
SF:src/app/ballu/schema/auth.js
FNF:0
FNH:0
DA:1,4
DA:2,4
DA:4,4
LF:3
LH:3
BRF:0
BRH:0
end_of_record
TN:
SF:src/app/delta/controllers/auth.js
FN:6,(anonymous_0)
FN:43,(anonymous_1)
FN:74,(anonymous_2)
FN:97,(anonymous_3)
FN:107,(anonymous_4)
FNF:5
FNH:2
FNDA:3,(anonymous_0)
FNDA:2,(anonymous_1)
FNDA:0,(anonymous_2)
FNDA:0,(anonymous_3)
FNDA:0,(anonymous_4)
DA:1,4
DA:2,4
DA:3,4
DA:4,4
DA:6,4
DA:7,3
DA:8,3
DA:10,3
DA:11,1
DA:16,2
DA:20,2
DA:21,1
DA:26,1
DA:31,1
DA:39,0
DA:43,4
DA:44,2
DA:45,2
DA:46,1
DA:48,1
DA:49,1
DA:51,1
DA:52,1
DA:53,1
DA:55,1
DA:57,1
DA:62,1
DA:70,0
DA:74,4
DA:75,0
DA:76,0
DA:77,0
DA:78,0
DA:80,0
DA:85,0
DA:93,0
DA:97,4
DA:98,0
DA:99,0
DA:103,0
DA:107,4
DA:108,0
DA:109,0
DA:111,0
DA:112,0
DA:113,0
DA:115,0
DA:117,0
DA:124,0
LF:49
LH:29
BRDA:10,0,0,1
BRDA:10,0,1,2
BRDA:20,1,0,1
BRDA:20,1,1,1
BRDA:45,2,0,1
BRDA:45,2,1,1
BRF:6
BRH:6
end_of_record
TN:
SF:src/app/delta/controllers/health.js
FN:4,(anonymous_0)
FNF:1
FNH:1
FNDA:1,(anonymous_0)
DA:1,4
DA:2,4
DA:4,4
DA:5,1
DA:6,1
LF:5
LH:5
BRF:0
BRH:0
end_of_record
TN:
SF:src/app/delta/controllers/posts.js
FN:7,(anonymous_0)
FN:35,(anonymous_1)
FN:43,(anonymous_2)
FN:56,(anonymous_3)
FN:76,(anonymous_4)
FN:85,(anonymous_5)
FN:106,(anonymous_6)
FN:118,(anonymous_7)
FN:127,(anonymous_8)
FNF:9
FNH:4
FNDA:1,(anonymous_0)
FNDA:1,(anonymous_1)
FNDA:0,(anonymous_2)
FNDA:1,(anonymous_3)
FNDA:1,(anonymous_4)
FNDA:0,(anonymous_5)
FNDA:0,(anonymous_6)
FNDA:0,(anonymous_7)
FNDA:0,(anonymous_8)
DA:1,4
DA:2,4
DA:3,4
DA:4,4
DA:5,4
DA:7,4
DA:8,1
DA:11,1
DA:13,1
DA:15,1
DA:17,1
DA:18,1
DA:19,1
DA:20,1
DA:21,1
DA:22,1
DA:24,1
DA:26,1
DA:31,0
DA:35,4
DA:36,1
DA:37,1
DA:43,4
DA:44,0
DA:45,0
DA:46,0
DA:47,0
DA:48,0
DA:56,4
DA:57,1
DA:58,1
DA:59,1
DA:61,1
DA:62,1
DA:63,1
DA:65,1
DA:67,1
DA:72,0
DA:76,4
DA:77,1
DA:78,1
DA:80,1
DA:85,4
DA:86,0
DA:87,0
DA:88,0
DA:89,0
DA:90,0
DA:91,0
DA:93,0
DA:94,0
DA:96,0
DA:97,0
DA:102,0
DA:106,4
DA:107,0
DA:108,0
DA:109,0
DA:111,0
DA:112,0
DA:118,4
DA:119,0
DA:120,0
DA:122,0
DA:127,4
DA:128,0
DA:129,0
DA:130,0
DA:131,0
DA:133,0
DA:134,0
LF:71
LH:39
BRDA:13,0,0,0
BRDA:13,0,1,1
BRDA:15,1,0,0
BRDA:15,1,1,1
BRDA:44,2,0,0
BRDA:44,2,1,0
BRDA:45,3,0,0
BRDA:45,3,1,0
BRDA:93,4,0,0
BRDA:93,4,1,0
BRDA:130,5,0,0
BRDA:130,5,1,0
BRF:12
BRH:2
end_of_record
TN:
SF:src/app/delta/controllers/website.js
FN:5,(anonymous_0)
FN:10,(anonymous_1)
FNF:2
FNH:0
FNDA:0,(anonymous_0)
FNDA:0,(anonymous_1)
DA:1,4
DA:2,4
DA:3,4
DA:5,4
DA:6,0
DA:7,0
DA:8,0
DA:9,0
DA:10,0
DA:12,0
DA:13,0
LF:11
LH:4
BRF:0
BRH:0
end_of_record
TN:
SF:src/app/delta/middlewares/middleware.js
FN:17,(anonymous_0)
FN:36,(anonymous_1)
FN:65,(anonymous_2)
FNF:3
FNH:1
FNDA:6,(anonymous_0)
FNDA:0,(anonymous_1)
FNDA:0,(anonymous_2)
DA:1,4
DA:2,4
DA:3,4
DA:4,4
DA:5,4
DA:6,4
DA:17,4
DA:18,6
DA:19,6
DA:20,6
DA:21,3
DA:25,3
DA:26,3
DA:36,4
DA:37,0
DA:38,0
DA:39,0
DA:40,0
DA:44,0
DA:45,0
DA:59,4
DA:65,4
DA:66,0
DA:67,0
DA:68,0
DA:69,0
DA:71,0
LF:27
LH:16
BRDA:20,0,0,3
BRDA:20,0,1,3
BRDA:39,1,0,0
BRDA:39,1,1,0
BRDA:68,2,0,0
BRDA:68,2,1,0
BRF:6
BRH:2
end_of_record
TN:
SF:src/app/delta/models/comments.js
FNF:0
FNH:0
DA:1,4
DA:3,4
DA:18,4
DA:19,4
LF:4
LH:4
BRF:0
BRH:0
end_of_record
TN:
SF:src/app/delta/models/posts.js
FN:34,(anonymous_0)
FNF:1
FNH:1
FNDA:5,(anonymous_0)
DA:1,4
DA:2,4
DA:3,4
DA:5,4
DA:34,4
DA:35,5
DA:38,4
DA:39,4
LF:8
LH:8
BRF:0
BRH:0
end_of_record
TN:
SF:src/app/delta/models/user.js
FNF:0
FNH:0
DA:1,4
DA:3,4
DA:15,4
DA:16,4
LF:4
LH:4
BRF:0
BRH:0
end_of_record
TN:
SF:src/app/delta/routes/auth.js
FNF:0
FNH:0
DA:1,4
DA:2,4
DA:3,4
DA:5,4
LF:4
LH:4
BRF:0
BRH:0
end_of_record
TN:
SF:src/app/delta/routes/health.js
FNF:0
FNH:0
DA:1,4
DA:3,4
LF:2
LH:2
BRF:0
BRH:0
end_of_record
TN:
SF:src/app/delta/routes/index.js
FN:6,(anonymous_0)
FN:14,(anonymous_1)
FNF:2
FNH:2
FNDA:4,(anonymous_0)
FNDA:60,(anonymous_1)
DA:1,4
DA:2,4
DA:3,4
DA:4,4
DA:6,4
DA:7,4
DA:9,4
DA:10,4
DA:11,4
DA:12,4
DA:14,4
DA:15,60
DA:18,4
LF:13
LH:13
BRF:0
BRH:0
end_of_record
TN:
SF:src/app/delta/routes/posts.js
FNF:0
FNH:0
DA:1,4
DA:2,4
DA:3,4
DA:5,4
LF:4
LH:4
BRF:0
BRH:0
end_of_record
TN:
SF:src/app/delta/routes/website.js
FNF:0
FNH:0
DA:1,4
DA:3,4
LF:2
LH:2
BRF:0
BRH:0
end_of_record
TN:
SF:src/app/delta/schema/auth.js
FNF:0
FNH:0
DA:1,4
DA:2,4
DA:4,4
LF:3
LH:3
BRF:0
BRH:0
end_of_record
TN:
SF:src/app/delta/schema/posts.js
FNF:0
FNH:0
DA:1,4
DA:2,4
DA:4,4
LF:3
LH:3
BRF:0
BRH:0
end_of_record
TN:
SF:src/app/delta/utils/website.js
FN:3,(anonymous_0)
FN:13,(anonymous_1)
FN:16,(anonymous_2)
FNF:3
FNH:0
FNDA:0,(anonymous_0)
FNDA:0,(anonymous_1)
FNDA:0,(anonymous_2)
DA:1,4
DA:3,4
DA:13,4
DA:16,4
LF:4
LH:4
BRF:0
BRH:0
end_of_record
TN:
SF:src/app/helium/controllers/auth.js
FN:5,(anonymous_0)
FN:30,(anonymous_1)
FN:61,(anonymous_2)
FN:84,(anonymous_3)
FN:94,(anonymous_4)
FNF:5
FNH:0
FNDA:0,(anonymous_0)
FNDA:0,(anonymous_1)
FNDA:0,(anonymous_2)
FNDA:0,(anonymous_3)
FNDA:0,(anonymous_4)
DA:1,4
DA:2,4
DA:3,4
DA:5,4
DA:6,0
DA:7,0
DA:8,0
DA:9,0
DA:13,0
DA:18,0
DA:26,0
DA:30,4
DA:31,0
DA:32,0
DA:33,0
DA:35,0
DA:36,0
DA:38,0
DA:39,0
DA:40,0
DA:42,0
DA:44,0
DA:49,0
DA:57,0
DA:61,4
DA:62,0
DA:63,0
DA:64,0
DA:65,0
DA:67,0
DA:72,0
DA:80,0
DA:84,4
DA:85,0
DA:86,0
DA:90,0
DA:94,4
DA:95,0
DA:96,0
DA:98,0
DA:100,0
DA:102,0
DA:109,0
LF:43
LH:8
BRDA:8,0,0,0
BRDA:8,0,1,0
BRDA:32,1,0,0
BRDA:32,1,1,0
BRF:4
BRH:0
end_of_record
TN:
SF:src/app/helium/controllers/health.js
FN:1,(anonymous_0)
FNF:1
FNH:0
FNDA:0,(anonymous_0)
DA:1,4
DA:2,0
LF:2
LH:1
BRF:0
BRH:0
end_of_record
TN:
SF:src/app/helium/controllers/question.js
FN:4,(anonymous_0)
FN:25,(anonymous_1)
FN:47,(anonymous_2)
FN:60,(anonymous_3)
FN:71,(anonymous_4)
FNF:5
FNH:0
FNDA:0,(anonymous_0)
FNDA:0,(anonymous_1)
FNDA:0,(anonymous_2)
FNDA:0,(anonymous_3)
FNDA:0,(anonymous_4)
DA:1,4
DA:2,4
DA:4,4
DA:5,0
DA:6,0
DA:7,0
DA:9,0
DA:10,0
DA:11,0
DA:12,0
DA:14,0
DA:21,0
DA:25,4
DA:26,0
DA:27,0
DA:28,0
DA:29,0
DA:31,0
DA:32,0
DA:34,0
DA:36,0
DA:43,0
DA:47,4
DA:48,0
DA:49,0
DA:50,0
DA:52,0
DA:56,0
DA:60,4
DA:61,0
DA:63,0
DA:71,4
DA:72,0
DA:73,0
LF:34
LH:7
BRDA:6,0,0,0
BRDA:6,0,1,0
BRDA:28,1,0,0
BRDA:28,1,1,0
BRDA:31,2,0,0
BRDA:31,2,1,0
BRF:6
BRH:0
end_of_record
TN:
SF:src/app/helium/controllers/quiz.js
FN:4,(anonymous_0)
FN:14,(anonymous_1)
FN:31,(anonymous_2)
FN:49,(anonymous_3)
FNF:4
FNH:0
FNDA:0,(anonymous_0)
FNDA:0,(anonymous_1)
FNDA:0,(anonymous_2)
FNDA:0,(anonymous_3)
DA:1,4
DA:2,4
DA:4,4
DA:5,0
DA:6,0
DA:11,0
DA:14,4
DA:15,0
DA:16,0
DA:17,0
DA:18,0
DA:20,0
DA:27,0
DA:31,4
DA:32,0
DA:33,0
DA:34,0
DA:36,0
DA:38,0
DA:45,0
DA:49,4
DA:50,0
DA:51,0
DA:52,0
DA:54,0
DA:56,0
DA:63,0
LF:27
LH:6
BRF:0
BRH:0
end_of_record
TN:
SF:src/app/helium/middlewares/middlewares.js
FN:13,(anonymous_0)
FN:40,(anonymous_1)
FN:49,(anonymous_2)
FNF:3
FNH:0
FNDA:0,(anonymous_0)
FNDA:0,(anonymous_1)
FNDA:0,(anonymous_2)
DA:1,4
DA:2,4
DA:3,4
DA:4,4
DA:13,4
DA:14,0
DA:15,0
DA:16,0
DA:17,0
DA:21,0
DA:22,0
DA:34,4
DA:40,4
DA:41,0
DA:42,0
DA:43,0
DA:44,0
DA:46,0
DA:49,4
DA:50,0
LF:20
LH:8
BRDA:16,0,0,0
BRDA:16,0,1,0
BRDA:43,1,0,0
BRDA:43,1,1,0
BRF:4
BRH:0
end_of_record
TN:
SF:src/app/helium/models/question.js
FNF:0
FNH:0
DA:1,4
DA:3,4
DA:11,4
DA:12,4
LF:4
LH:4
BRF:0
BRH:0
end_of_record
TN:
SF:src/app/helium/models/quiz.js
FNF:0
FNH:0
DA:1,4
DA:3,4
DA:10,4
DA:11,4
LF:4
LH:4
BRF:0
BRH:0
end_of_record
TN:
SF:src/app/helium/models/user.js
FNF:0
FNH:0
DA:1,4
DA:3,4
DA:11,4
DA:12,4
LF:4
LH:4
BRF:0
BRH:0
end_of_record
TN:
SF:src/app/helium/routes/auth.js
FNF:0
FNH:0
DA:1,4
DA:2,4
DA:3,4
DA:5,4
LF:4
LH:4
BRF:0
BRH:0
end_of_record
TN:
SF:src/app/helium/routes/health.js
FNF:0
FNH:0
DA:1,4
DA:3,4
LF:2
LH:2
BRF:0
BRH:0
end_of_record
TN:
SF:src/app/helium/routes/index.js
FN:6,(anonymous_0)
FN:14,(anonymous_1)
FNF:2
FNH:2
FNDA:4,(anonymous_0)
FNDA:56,(anonymous_1)
DA:1,4
DA:2,4
DA:3,4
DA:4,4
DA:6,4
DA:7,4
DA:9,4
DA:10,4
DA:11,4
DA:12,4
DA:14,4
DA:15,56
DA:18,4
LF:13
LH:13
BRF:0
BRH:0
end_of_record
TN:
SF:src/app/helium/routes/question.js
FNF:0
FNH:0
DA:1,4
DA:2,4
DA:3,4
DA:5,4
LF:4
LH:4
BRF:0
BRH:0
end_of_record
TN:
SF:src/app/helium/routes/quiz.js
FNF:0
FNH:0
DA:1,4
DA:2,4
DA:3,4
DA:5,4
LF:4
LH:4
BRF:0
BRH:0
end_of_record
TN:
SF:src/app/helium/schema/auth.js
FNF:0
FNH:0
DA:1,4
DA:3,4
LF:2
LH:2
BRF:0
BRH:0
end_of_record
TN:
SF:src/app/helium/schema/question.js
FNF:0
FNH:0
DA:1,4
DA:3,4
LF:2
LH:2
BRF:0
BRH:0
end_of_record
TN:
SF:src/app/helium/schema/quiz.js
FNF:0
FNH:0
DA:1,4
DA:3,4
LF:2
LH:2
BRF:0
BRH:0
end_of_record
TN:
SF:src/app/neon/controllers/health.js
FN:1,(anonymous_0)
FNF:1
FNH:0
FNDA:0,(anonymous_0)
DA:1,4
DA:2,0
LF:2
LH:1
BRF:0
BRH:0
end_of_record
TN:
SF:src/app/neon/controllers/neon.js
FN:3,(anonymous_0)
FN:11,(anonymous_1)
FNF:2
FNH:0
FNDA:0,(anonymous_0)
FNDA:0,(anonymous_1)
DA:1,4
DA:2,4
DA:3,4
DA:4,0
DA:8,0
DA:11,4
DA:12,0
DA:13,0
DA:14,0
DA:15,0
DA:16,0
DA:17,0
DA:18,0
DA:19,0
DA:24,0
DA:26,0
LF:16
LH:4
BRDA:14,0,0,0
BRDA:14,0,1,0
BRDA:14,1,0,0
BRDA:14,1,1,0
BRDA:16,2,0,0
BRDA:16,2,1,0
BRDA:18,3,0,0
BRDA:18,3,1,0
BRF:8
BRH:0
end_of_record
TN:
SF:src/app/neon/routes/health.js
FNF:0
FNH:0
DA:1,4
DA:3,4
LF:2
LH:2
BRF:0
BRH:0
end_of_record
TN:
SF:src/app/neon/routes/index.js
FN:4,(anonymous_0)
FN:10,(anonymous_1)
FNF:2
FNH:2
FNDA:4,(anonymous_0)
FNDA:12,(anonymous_1)
DA:1,4
DA:2,4
DA:4,4
DA:5,4
DA:7,4
DA:8,4
DA:10,4
DA:11,12
DA:14,4
LF:9
LH:9
BRF:0
BRH:0
end_of_record
TN:
SF:src/app/neon/routes/neon.js
FNF:0
FNH:0
DA:1,4
DA:2,4
LF:2
LH:2
BRF:0
BRH:0
end_of_record
TN:
SF:src/app/neon/utils/utils.js
FN:4,(anonymous_0)
FN:10,(anonymous_1)
FNF:2
FNH:0
FNDA:0,(anonymous_0)
FNDA:0,(anonymous_1)
DA:1,4
DA:2,4
DA:4,4
DA:5,0
DA:6,0
DA:8,0
DA:10,4
DA:11,0
DA:12,0
DA:13,0
DA:15,0
LF:11
LH:4
BRDA:12,0,0,0
BRDA:12,0,1,0
BRF:2
BRH:0
end_of_record
TN:
SF:src/config/db.js
FN:30,(anonymous_0)
FN:33,(anonymous_1)
FNF:2
FNH:1
FNDA:2,(anonymous_0)
FNDA:0,(anonymous_1)
DA:1,4
DA:2,4
DA:3,4
DA:12,4
DA:16,4
DA:17,4
DA:19,0
DA:22,4
DA:24,4
DA:29,4
DA:31,2
DA:34,0
DA:38,4
LF:13
LH:11
BRDA:16,0,0,4
BRDA:16,0,1,0
BRF:2
BRH:1
end_of_record
TN:
SF:src/config/logger.js
FNF:0
FNH:0
DA:1,4
DA:3,4
DA:5,4
DA:7,4
DA:8,0
DA:12,4
DA:13,0
DA:22,4
DA:31,4
DA:32,4
LF:10
LH:8
BRDA:3,0,0,4
BRDA:3,0,1,4
BRDA:7,1,0,0
BRDA:7,1,1,4
BRDA:12,2,0,0
BRDA:12,2,1,4
BRF:6
BRH:4
end_of_record
TN:
SF:src/config/passport.js
FN:12,(anonymous_0)
FNF:1
FNH:0
FNDA:0,(anonymous_0)
DA:1,4
DA:3,4
DA:5,4
DA:6,4
DA:7,4
DA:9,4
DA:10,4
DA:12,4
DA:13,0
DA:14,0
DA:15,0
DA:18,0
DA:19,0
DA:21,0
DA:22,0
DA:25,0
DA:27,0
DA:34,4
LF:18
LH:9
BRDA:14,0,0,0
BRDA:14,0,1,0
BRDA:21,1,0,0
BRDA:21,1,1,0
BRF:4
BRH:0
end_of_record
TN:
SF:src/errors/app.js
FN:16,(anonymous_0)
FNF:1
FNH:1
FNDA:6,(anonymous_0)
DA:7,4
DA:18,6
DA:21,6
DA:24,6
DA:26,6
DA:27,6
LF:6
LH:6
BRDA:26,0,0,6
BRDA:26,0,1,0
BRF:2
BRH:1
end_of_record
TN:
SF:src/errors/client.js
FN:17,(anonymous_0)
FNF:1
FNH:1
FNDA:6,(anonymous_0)
DA:1,4
DA:8,4
DA:18,6
DA:19,6
LF:4
LH:4
BRDA:18,0,0,6
BRDA:18,0,1,6
BRF:2
BRH:2
end_of_record
TN:
SF:src/errors/index.js
FNF:0
FNH:0
DA:1,4
DA:2,4
DA:3,4
DA:4,4
DA:6,4
LF:5
LH:5
BRF:0
BRH:0
end_of_record
TN:
SF:src/errors/server.js
FN:17,(anonymous_0)
FNF:1
FNH:0
FNDA:0,(anonymous_0)
DA:1,4
DA:8,4
DA:18,0
DA:21,0
DA:22,0
LF:5
LH:2
BRDA:18,0,0,0
BRDA:18,0,1,0
BRDA:21,1,0,0
BRDA:21,1,1,0
BRF:4
BRH:0
end_of_record
TN:
SF:src/errors/token.js
FN:15,(anonymous_0)
FNF:1
FNH:0
FNDA:0,(anonymous_0)
DA:1,4
DA:8,4
DA:17,0
DA:18,0
DA:19,0
LF:5
LH:2
BRDA:18,0,0,0
BRDA:18,0,1,0
BRF:2
BRH:0
end_of_record
TN:
SF:src/utils/auth_utils.js
FN:14,(anonymous_0)
FN:26,(anonymous_1)
FN:35,getJwtExpirationTime
FN:49,extractAccessToken
FN:69,(anonymous_4)
FNF:5
FNH:3
FNDA:2,(anonymous_0)
FNDA:0,(anonymous_1)
FNDA:2,getJwtExpirationTime
FNDA:0,extractAccessToken
FNDA:6,(anonymous_4)
DA:1,4
DA:2,4
DA:4,4
DA:5,4
DA:14,4
DA:15,2
DA:18,2
DA:19,2
DA:21,2
DA:24,4
DA:26,4
DA:36,2
DA:39,4
DA:50,0
DA:51,0
DA:53,0
DA:54,0
DA:55,0
DA:56,0
DA:57,0
DA:59,0
DA:62,4
DA:69,4
DA:70,6
DA:71,6
LF:25
LH:17
BRDA:18,0,0,2
BRDA:18,0,1,0
BRDA:51,1,0,0
BRDA:51,1,1,0
BRDA:51,2,0,0
BRDA:51,2,1,0
BRDA:54,3,0,0
BRDA:54,3,1,0
BRDA:54,4,0,0
BRDA:54,4,1,0
BRDA:56,5,0,0
BRDA:56,5,1,0
BRDA:56,6,0,0
BRDA:56,6,1,0
BRF:14
BRH:1
end_of_record
TN:
SF:src/utils/constants.js
FNF:0
FNH:0
DA:1,4
DA:2,4
DA:3,4
DA:4,4
DA:6,4
LF:5
LH:5
BRF:0
BRH:0
end_of_record
TN:
SF:src/utils/controller_utils.js
FN:15,(anonymous_0)
FNF:1
FNH:0
FNDA:0,(anonymous_0)
DA:1,4
DA:15,4
DA:16,0
DA:17,0
DA:18,0
DA:27,0
DA:28,0
DA:29,0
DA:30,0
DA:32,0
LF:10
LH:2
BRDA:16,0,0,0
BRDA:16,0,1,0
BRDA:17,1,0,0
BRDA:17,1,1,0
BRDA:27,2,0,0
BRDA:27,2,1,0
BRF:6
BRH:0
end_of_record
TN:
SF:src/utils/utils.js
FN:2,(anonymous_0)
FN:2,(anonymous_1)
FNF:2
FNH:2
FNDA:1,(anonymous_0)
FNDA:2,(anonymous_1)
DA:1,4
DA:2,2
LF:2
LH:2
BRF:0
BRH:0
end_of_record
